CRITICAL - 2023-12-10 14:51:32 --> syntax error, unexpected variable "$totalHorasDiurnas"
in APPPATH\Controllers\Horatrabalhada.php on line 126.
 1 SYSTEMPATH\Router\Router.php(514): CodeIgniter\Router\AutoRouter->getRoute('horaTrabalhada/pegaHora', 'post')
 2 SYSTEMPATH\Router\Router.php(210): CodeIgniter\Router\Router->autoRoute('horaTrabalhada/pegaHora')
 3 SYSTEMPATH\CodeIgniter.php(823): CodeIgniter\Router\Router->handle('horaTrabalhada/pegaHora')
 4 SYSTEMPATH\CodeIgniter.php(450): CodeIgniter\CodeIgniter->tryToRouteIt(Object(CodeIgniter\Router\RouteCollection))
 5 SYSTEMPATH\CodeIgniter.php(361): CodeIgniter\CodeIgniter->handleRequest(null, Object(Config\Cache), false)
 6 FCPATH\index.php(79): CodeIgniter\CodeIgniter->run()
CRITICAL - 2023-12-10 14:51:58 --> syntax error, unexpected variable "$totalHorasDiurnas"
in APPPATH\Controllers\Horatrabalhada.php on line 133.
 1 SYSTEMPATH\Router\Router.php(514): CodeIgniter\Router\AutoRouter->getRoute('horaTrabalhada/pegaHora', 'post')
 2 SYSTEMPATH\Router\Router.php(210): CodeIgniter\Router\Router->autoRoute('horaTrabalhada/pegaHora')
 3 SYSTEMPATH\CodeIgniter.php(823): CodeIgniter\Router\Router->handle('horaTrabalhada/pegaHora')
 4 SYSTEMPATH\CodeIgniter.php(450): CodeIgniter\CodeIgniter->tryToRouteIt(Object(CodeIgniter\Router\RouteCollection))
 5 SYSTEMPATH\CodeIgniter.php(361): CodeIgniter\CodeIgniter->handleRequest(null, Object(Config\Cache), false)
 6 FCPATH\index.php(79): CodeIgniter\CodeIgniter->run()
CRITICAL - 2023-12-10 15:09:15 --> CodeIgniter\I18n\Time::subHours(): Argument #1 ($hours) must be of type int, CodeIgniter\I18n\Time given, called in C:\xampp\htdocs\horasTurno\app\Controllers\Horatrabalhada.php on line 132
in SYSTEMPATH\I18n\TimeTrait.php on line 800.
 1 APPPATH\Controllers\Horatrabalhada.php(132): CodeIgniter\I18n\Time->subHours(Object(CodeIgniter\I18n\Time))
 2 APPPATH\Controllers\Horatrabalhada.php(35): App\Controllers\HoraTrabalhada->analisaHora(Object(CodeIgniter\I18n\Time), Object(CodeIgniter\I18n\Time))
 3 SYSTEMPATH\CodeIgniter.php(942): App\Controllers\HoraTrabalhada->pegaHora()
 4 SYSTEMPATH\CodeIgniter.php(502): CodeIgniter\CodeIgniter->runController(Object(App\Controllers\HoraTrabalhada))
 5 SYSTEMPATH\CodeIgniter.php(361): CodeIgniter\CodeIgniter->handleRequest(null, Object(Config\Cache), false)
 6 FCPATH\index.php(79): CodeIgniter\CodeIgniter->run()
CRITICAL - 2023-12-10 15:09:55 --> CodeIgniter\I18n\Time::subHours(): Argument #1 ($hours) must be of type int, CodeIgniter\I18n\Time given, called in C:\xampp\htdocs\horasTurno\app\Controllers\Horatrabalhada.php on line 132
in SYSTEMPATH\I18n\TimeTrait.php on line 800.
 1 APPPATH\Controllers\Horatrabalhada.php(132): CodeIgniter\I18n\Time->subHours(Object(CodeIgniter\I18n\Time))
 2 APPPATH\Controllers\Horatrabalhada.php(35): App\Controllers\HoraTrabalhada->analisaHora(Object(CodeIgniter\I18n\Time), Object(CodeIgniter\I18n\Time))
 3 SYSTEMPATH\CodeIgniter.php(942): App\Controllers\HoraTrabalhada->pegaHora()
 4 SYSTEMPATH\CodeIgniter.php(502): CodeIgniter\CodeIgniter->runController(Object(App\Controllers\HoraTrabalhada))
 5 SYSTEMPATH\CodeIgniter.php(361): CodeIgniter\CodeIgniter->handleRequest(null, Object(Config\Cache), false)
 6 FCPATH\index.php(79): CodeIgniter\CodeIgniter->run()
CRITICAL - 2023-12-10 15:10:22 --> Call to undefined method CodeIgniter\I18n\Time::getHours()
in APPPATH\Controllers\Horatrabalhada.php on line 132.
 1 APPPATH\Controllers\Horatrabalhada.php(35): App\Controllers\HoraTrabalhada->analisaHora(Object(CodeIgniter\I18n\Time), Object(CodeIgniter\I18n\Time))
 2 SYSTEMPATH\CodeIgniter.php(942): App\Controllers\HoraTrabalhada->pegaHora()
 3 SYSTEMPATH\CodeIgniter.php(502): CodeIgniter\CodeIgniter->runController(Object(App\Controllers\HoraTrabalhada))
 4 SYSTEMPATH\CodeIgniter.php(361): CodeIgniter\CodeIgniter->handleRequest(null, Object(Config\Cache), false)
 5 FCPATH\index.php(79): CodeIgniter\CodeIgniter->run()
CRITICAL - 2023-12-10 15:28:34 --> DateTimeImmutable::sub(): Argument #1 ($interval) must be of type DateInterval, string given
in APPPATH\Controllers\Horatrabalhada.php on line 126.
 1 APPPATH\Controllers\Horatrabalhada.php(126): DateTimeImmutable->sub('00:20:00')
 2 APPPATH\Controllers\Horatrabalhada.php(35): App\Controllers\HoraTrabalhada->analisaHora(Object(CodeIgniter\I18n\Time), Object(CodeIgniter\I18n\Time))
 3 SYSTEMPATH\CodeIgniter.php(942): App\Controllers\HoraTrabalhada->pegaHora()
 4 SYSTEMPATH\CodeIgniter.php(502): CodeIgniter\CodeIgniter->runController(Object(App\Controllers\HoraTrabalhada))
 5 SYSTEMPATH\CodeIgniter.php(361): CodeIgniter\CodeIgniter->handleRequest(null, Object(Config\Cache), false)
 6 FCPATH\index.php(79): CodeIgniter\CodeIgniter->run()
CRITICAL - 2023-12-10 15:28:53 --> DateTimeImmutable::sub(): Argument #1 ($interval) must be of type DateInterval, CodeIgniter\I18n\Time given
in APPPATH\Controllers\Horatrabalhada.php on line 126.
 1 APPPATH\Controllers\Horatrabalhada.php(126): DateTimeImmutable->sub(Object(CodeIgniter\I18n\Time))
 2 APPPATH\Controllers\Horatrabalhada.php(35): App\Controllers\HoraTrabalhada->analisaHora(Object(CodeIgniter\I18n\Time), Object(CodeIgniter\I18n\Time))
 3 SYSTEMPATH\CodeIgniter.php(942): App\Controllers\HoraTrabalhada->pegaHora()
 4 SYSTEMPATH\CodeIgniter.php(502): CodeIgniter\CodeIgniter->runController(Object(App\Controllers\HoraTrabalhada))
 5 SYSTEMPATH\CodeIgniter.php(361): CodeIgniter\CodeIgniter->handleRequest(null, Object(Config\Cache), false)
 6 FCPATH\index.php(79): CodeIgniter\CodeIgniter->run()
CRITICAL - 2023-12-10 15:30:16 --> DateTimeImmutable::sub(): Argument #1 ($interval) must be of type DateInterval, int given
in APPPATH\Controllers\Horatrabalhada.php on line 126.
 1 APPPATH\Controllers\Horatrabalhada.php(126): DateTimeImmutable->sub(1702234920)
 2 APPPATH\Controllers\Horatrabalhada.php(35): App\Controllers\HoraTrabalhada->analisaHora(Object(CodeIgniter\I18n\Time), Object(CodeIgniter\I18n\Time))
 3 SYSTEMPATH\CodeIgniter.php(942): App\Controllers\HoraTrabalhada->pegaHora()
 4 SYSTEMPATH\CodeIgniter.php(502): CodeIgniter\CodeIgniter->runController(Object(App\Controllers\HoraTrabalhada))
 5 SYSTEMPATH\CodeIgniter.php(361): CodeIgniter\CodeIgniter->handleRequest(null, Object(Config\Cache), false)
 6 FCPATH\index.php(79): CodeIgniter\CodeIgniter->run()
CRITICAL - 2023-12-10 15:33:32 --> Object of class CodeIgniter\I18n\TimeDifference could not be converted to int
in APPPATH\Controllers\Horatrabalhada.php on line 130.
 1 APPPATH\Controllers\Horatrabalhada.php(130): CodeIgniter\Debug\Exceptions->errorHandler(8, 'Object of class CodeIgniter\\I18n\\TimeDifference could not be converted to int', 'C:\\xampp\\htdocs\\horasTurno\\app\\Controllers\\Horatrabalhada.php', 130)
 2 APPPATH\Controllers\Horatrabalhada.php(35): App\Controllers\HoraTrabalhada->analisaHora(Object(CodeIgniter\I18n\Time), Object(CodeIgniter\I18n\Time))
 3 SYSTEMPATH\CodeIgniter.php(942): App\Controllers\HoraTrabalhada->pegaHora()
 4 SYSTEMPATH\CodeIgniter.php(502): CodeIgniter\CodeIgniter->runController(Object(App\Controllers\HoraTrabalhada))
 5 SYSTEMPATH\CodeIgniter.php(361): CodeIgniter\CodeIgniter->handleRequest(null, Object(Config\Cache), false)
 6 FCPATH\index.php(79): CodeIgniter\CodeIgniter->run()
CRITICAL - 2023-12-10 15:34:08 --> DateTimeImmutable::sub() expects exactly 1 argument, 0 given
in APPPATH\Controllers\Horatrabalhada.php on line 126.
 1 APPPATH\Controllers\Horatrabalhada.php(126): DateTimeImmutable->sub()
 2 APPPATH\Controllers\Horatrabalhada.php(35): App\Controllers\HoraTrabalhada->analisaHora(Object(CodeIgniter\I18n\Time), Object(CodeIgniter\I18n\Time))
 3 SYSTEMPATH\CodeIgniter.php(942): App\Controllers\HoraTrabalhada->pegaHora()
 4 SYSTEMPATH\CodeIgniter.php(502): CodeIgniter\CodeIgniter->runController(Object(App\Controllers\HoraTrabalhada))
 5 SYSTEMPATH\CodeIgniter.php(361): CodeIgniter\CodeIgniter->handleRequest(null, Object(Config\Cache), false)
 6 FCPATH\index.php(79): CodeIgniter\CodeIgniter->run()
CRITICAL - 2023-12-10 15:36:20 --> DateTimeImmutable::sub(): Argument #1 ($interval) must be of type DateInterval, CodeIgniter\I18n\TimeDifference given
in APPPATH\Controllers\Horatrabalhada.php on line 127.
 1 APPPATH\Controllers\Horatrabalhada.php(127): DateTimeImmutable->sub(Object(CodeIgniter\I18n\TimeDifference))
 2 APPPATH\Controllers\Horatrabalhada.php(35): App\Controllers\HoraTrabalhada->analisaHora(Object(CodeIgniter\I18n\Time), Object(CodeIgniter\I18n\Time))
 3 SYSTEMPATH\CodeIgniter.php(942): App\Controllers\HoraTrabalhada->pegaHora()
 4 SYSTEMPATH\CodeIgniter.php(502): CodeIgniter\CodeIgniter->runController(Object(App\Controllers\HoraTrabalhada))
 5 SYSTEMPATH\CodeIgniter.php(361): CodeIgniter\CodeIgniter->handleRequest(null, Object(Config\Cache), false)
 6 FCPATH\index.php(79): CodeIgniter\CodeIgniter->run()
CRITICAL - 2023-12-10 15:39:24 --> Call to undefined method DateInterval::getHours()
in APPPATH\Controllers\Horatrabalhada.php on line 117.
 1 APPPATH\Controllers\Horatrabalhada.php(35): App\Controllers\HoraTrabalhada->analisaHora(Object(CodeIgniter\I18n\Time), Object(CodeIgniter\I18n\Time))
 2 SYSTEMPATH\CodeIgniter.php(942): App\Controllers\HoraTrabalhada->pegaHora()
 3 SYSTEMPATH\CodeIgniter.php(502): CodeIgniter\CodeIgniter->runController(Object(App\Controllers\HoraTrabalhada))
 4 SYSTEMPATH\CodeIgniter.php(361): CodeIgniter\CodeIgniter->handleRequest(null, Object(Config\Cache), false)
 5 FCPATH\index.php(79): CodeIgniter\CodeIgniter->run()
CRITICAL - 2023-12-10 15:40:02 --> Call to undefined method DateInterval::getHour()
in APPPATH\Controllers\Horatrabalhada.php on line 117.
 1 APPPATH\Controllers\Horatrabalhada.php(35): App\Controllers\HoraTrabalhada->analisaHora(Object(CodeIgniter\I18n\Time), Object(CodeIgniter\I18n\Time))
 2 SYSTEMPATH\CodeIgniter.php(942): App\Controllers\HoraTrabalhada->pegaHora()
 3 SYSTEMPATH\CodeIgniter.php(502): CodeIgniter\CodeIgniter->runController(Object(App\Controllers\HoraTrabalhada))
 4 SYSTEMPATH\CodeIgniter.php(361): CodeIgniter\CodeIgniter->handleRequest(null, Object(Config\Cache), false)
 5 FCPATH\index.php(79): CodeIgniter\CodeIgniter->run()
CRITICAL - 2023-12-10 15:40:30 --> DateTimeImmutable::sub(): Argument #1 ($interval) must be of type DateInterval, CodeIgniter\I18n\TimeDifference given
in APPPATH\Controllers\Horatrabalhada.php on line 128.
 1 APPPATH\Controllers\Horatrabalhada.php(128): DateTimeImmutable->sub(Object(CodeIgniter\I18n\TimeDifference))
 2 APPPATH\Controllers\Horatrabalhada.php(35): App\Controllers\HoraTrabalhada->analisaHora(Object(CodeIgniter\I18n\Time), Object(CodeIgniter\I18n\Time))
 3 SYSTEMPATH\CodeIgniter.php(942): App\Controllers\HoraTrabalhada->pegaHora()
 4 SYSTEMPATH\CodeIgniter.php(502): CodeIgniter\CodeIgniter->runController(Object(App\Controllers\HoraTrabalhada))
 5 SYSTEMPATH\CodeIgniter.php(361): CodeIgniter\CodeIgniter->handleRequest(null, Object(Config\Cache), false)
 6 FCPATH\index.php(79): CodeIgniter\CodeIgniter->run()
CRITICAL - 2023-12-10 15:40:46 --> Undefined variable $treta
in APPPATH\Controllers\Horatrabalhada.php on line 130.
 1 APPPATH\Controllers\Horatrabalhada.php(130): CodeIgniter\Debug\Exceptions->errorHandler(2, 'Undefined variable $treta', 'C:\\xampp\\htdocs\\horasTurno\\app\\Controllers\\Horatrabalhada.php', 130)
 2 APPPATH\Controllers\Horatrabalhada.php(35): App\Controllers\HoraTrabalhada->analisaHora(Object(CodeIgniter\I18n\Time), Object(CodeIgniter\I18n\Time))
 3 SYSTEMPATH\CodeIgniter.php(942): App\Controllers\HoraTrabalhada->pegaHora()
 4 SYSTEMPATH\CodeIgniter.php(502): CodeIgniter\CodeIgniter->runController(Object(App\Controllers\HoraTrabalhada))
 5 SYSTEMPATH\CodeIgniter.php(361): CodeIgniter\CodeIgniter->handleRequest(null, Object(Config\Cache), false)
 6 FCPATH\index.php(79): CodeIgniter\CodeIgniter->run()
CRITICAL - 2023-12-10 15:40:55 --> Object of class DateInterval could not be converted to int
in APPPATH\Controllers\Horatrabalhada.php on line 133.
 1 APPPATH\Controllers\Horatrabalhada.php(133): CodeIgniter\Debug\Exceptions->errorHandler(8, 'Object of class DateInterval could not be converted to int', 'C:\\xampp\\htdocs\\horasTurno\\app\\Controllers\\Horatrabalhada.php', 133)
 2 APPPATH\Controllers\Horatrabalhada.php(35): App\Controllers\HoraTrabalhada->analisaHora(Object(CodeIgniter\I18n\Time), Object(CodeIgniter\I18n\Time))
 3 SYSTEMPATH\CodeIgniter.php(942): App\Controllers\HoraTrabalhada->pegaHora()
 4 SYSTEMPATH\CodeIgniter.php(502): CodeIgniter\CodeIgniter->runController(Object(App\Controllers\HoraTrabalhada))
 5 SYSTEMPATH\CodeIgniter.php(361): CodeIgniter\CodeIgniter->handleRequest(null, Object(Config\Cache), false)
 6 FCPATH\index.php(79): CodeIgniter\CodeIgniter->run()
CRITICAL - 2023-12-10 15:41:22 --> Object of class DateInterval could not be converted to int
in APPPATH\Controllers\Horatrabalhada.php on line 133.
 1 APPPATH\Controllers\Horatrabalhada.php(133): CodeIgniter\Debug\Exceptions->errorHandler(8, 'Object of class DateInterval could not be converted to int', 'C:\\xampp\\htdocs\\horasTurno\\app\\Controllers\\Horatrabalhada.php', 133)
 2 APPPATH\Controllers\Horatrabalhada.php(35): App\Controllers\HoraTrabalhada->analisaHora(Object(CodeIgniter\I18n\Time), Object(CodeIgniter\I18n\Time))
 3 SYSTEMPATH\CodeIgniter.php(942): App\Controllers\HoraTrabalhada->pegaHora()
 4 SYSTEMPATH\CodeIgniter.php(502): CodeIgniter\CodeIgniter->runController(Object(App\Controllers\HoraTrabalhada))
 5 SYSTEMPATH\CodeIgniter.php(361): CodeIgniter\CodeIgniter->handleRequest(null, Object(Config\Cache), false)
 6 FCPATH\index.php(79): CodeIgniter\CodeIgniter->run()
CRITICAL - 2023-12-10 15:41:42 --> DateTimeImmutable::sub(): Argument #1 ($interval) must be of type DateInterval, CodeIgniter\I18n\TimeDifference given
in APPPATH\Controllers\Horatrabalhada.php on line 128.
 1 APPPATH\Controllers\Horatrabalhada.php(128): DateTimeImmutable->sub(Object(CodeIgniter\I18n\TimeDifference))
 2 APPPATH\Controllers\Horatrabalhada.php(35): App\Controllers\HoraTrabalhada->analisaHora(Object(CodeIgniter\I18n\Time), Object(CodeIgniter\I18n\Time))
 3 SYSTEMPATH\CodeIgniter.php(942): App\Controllers\HoraTrabalhada->pegaHora()
 4 SYSTEMPATH\CodeIgniter.php(502): CodeIgniter\CodeIgniter->runController(Object(App\Controllers\HoraTrabalhada))
 5 SYSTEMPATH\CodeIgniter.php(361): CodeIgniter\CodeIgniter->handleRequest(null, Object(Config\Cache), false)
 6 FCPATH\index.php(79): CodeIgniter\CodeIgniter->run()
CRITICAL - 2023-12-10 15:42:02 --> Undefined variable $treta
in APPPATH\Controllers\Horatrabalhada.php on line 130.
 1 APPPATH\Controllers\Horatrabalhada.php(130): CodeIgniter\Debug\Exceptions->errorHandler(2, 'Undefined variable $treta', 'C:\\xampp\\htdocs\\horasTurno\\app\\Controllers\\Horatrabalhada.php', 130)
 2 APPPATH\Controllers\Horatrabalhada.php(35): App\Controllers\HoraTrabalhada->analisaHora(Object(CodeIgniter\I18n\Time), Object(CodeIgniter\I18n\Time))
 3 SYSTEMPATH\CodeIgniter.php(942): App\Controllers\HoraTrabalhada->pegaHora()
 4 SYSTEMPATH\CodeIgniter.php(502): CodeIgniter\CodeIgniter->runController(Object(App\Controllers\HoraTrabalhada))
 5 SYSTEMPATH\CodeIgniter.php(361): CodeIgniter\CodeIgniter->handleRequest(null, Object(Config\Cache), false)
 6 FCPATH\index.php(79): CodeIgniter\CodeIgniter->run()
CRITICAL - 2023-12-10 15:43:13 --> Call to a member function getHours() on int
in APPPATH\Controllers\Horatrabalhada.php on line 133.
 1 APPPATH\Controllers\Horatrabalhada.php(67): App\Controllers\HoraTrabalhada->analisaHora(Object(CodeIgniter\I18n\Time), Object(CodeIgniter\I18n\Time))
 2 SYSTEMPATH\CodeIgniter.php(942): App\Controllers\HoraTrabalhada->save_registro('19:02:00', '06:59:00')
 3 SYSTEMPATH\CodeIgniter.php(502): CodeIgniter\CodeIgniter->runController(Object(App\Controllers\HoraTrabalhada))
 4 SYSTEMPATH\CodeIgniter.php(361): CodeIgniter\CodeIgniter->handleRequest(null, Object(Config\Cache), false)
 5 FCPATH\index.php(79): CodeIgniter\CodeIgniter->run()
CRITICAL - 2023-12-10 15:43:26 --> Call to a member function getHour() on int
in APPPATH\Controllers\Horatrabalhada.php on line 133.
 1 APPPATH\Controllers\Horatrabalhada.php(67): App\Controllers\HoraTrabalhada->analisaHora(Object(CodeIgniter\I18n\Time), Object(CodeIgniter\I18n\Time))
 2 SYSTEMPATH\CodeIgniter.php(942): App\Controllers\HoraTrabalhada->save_registro('19:02:00', '06:59:00')
 3 SYSTEMPATH\CodeIgniter.php(502): CodeIgniter\CodeIgniter->runController(Object(App\Controllers\HoraTrabalhada))
 4 SYSTEMPATH\CodeIgniter.php(361): CodeIgniter\CodeIgniter->handleRequest(null, Object(Config\Cache), false)
 5 FCPATH\index.php(79): CodeIgniter\CodeIgniter->run()
CRITICAL - 2023-12-10 15:46:52 --> Call to a member function getHour() on int
in APPPATH\Controllers\Horatrabalhada.php on line 133.
 1 APPPATH\Controllers\Horatrabalhada.php(67): App\Controllers\HoraTrabalhada->analisaHora(Object(CodeIgniter\I18n\Time), Object(CodeIgniter\I18n\Time))
 2 SYSTEMPATH\CodeIgniter.php(942): App\Controllers\HoraTrabalhada->save_registro('19:02:00', '06:59:00')
 3 SYSTEMPATH\CodeIgniter.php(502): CodeIgniter\CodeIgniter->runController(Object(App\Controllers\HoraTrabalhada))
 4 SYSTEMPATH\CodeIgniter.php(361): CodeIgniter\CodeIgniter->handleRequest(null, Object(Config\Cache), false)
 5 FCPATH\index.php(79): CodeIgniter\CodeIgniter->run()
CRITICAL - 2023-12-10 15:47:11 --> Call to a member function getHours() on int
in APPPATH\Controllers\Horatrabalhada.php on line 133.
 1 APPPATH\Controllers\Horatrabalhada.php(67): App\Controllers\HoraTrabalhada->analisaHora(Object(CodeIgniter\I18n\Time), Object(CodeIgniter\I18n\Time))
 2 SYSTEMPATH\CodeIgniter.php(942): App\Controllers\HoraTrabalhada->save_registro('19:02:00', '06:59:00')
 3 SYSTEMPATH\CodeIgniter.php(502): CodeIgniter\CodeIgniter->runController(Object(App\Controllers\HoraTrabalhada))
 4 SYSTEMPATH\CodeIgniter.php(361): CodeIgniter\CodeIgniter->handleRequest(null, Object(Config\Cache), false)
 5 FCPATH\index.php(79): CodeIgniter\CodeIgniter->run()
CRITICAL - 2023-12-10 15:47:32 --> Unsupported operand types: int + CodeIgniter\I18n\TimeDifference
in APPPATH\Controllers\Horatrabalhada.php on line 134.
 1 APPPATH\Controllers\Horatrabalhada.php(67): App\Controllers\HoraTrabalhada->analisaHora(Object(CodeIgniter\I18n\Time), Object(CodeIgniter\I18n\Time))
 2 SYSTEMPATH\CodeIgniter.php(942): App\Controllers\HoraTrabalhada->save_registro('19:02:00', '06:59:00')
 3 SYSTEMPATH\CodeIgniter.php(502): CodeIgniter\CodeIgniter->runController(Object(App\Controllers\HoraTrabalhada))
 4 SYSTEMPATH\CodeIgniter.php(361): CodeIgniter\CodeIgniter->handleRequest(null, Object(Config\Cache), false)
 5 FCPATH\index.php(79): CodeIgniter\CodeIgniter->run()
CRITICAL - 2023-12-10 15:48:50 --> Object of class CodeIgniter\I18n\TimeDifference could not be converted to string
in SYSTEMPATH\Database\Query.php on line 333.
 1 SYSTEMPATH\Database\Query.php(333): strtr('INSERT INTO `registro_turno` (`horaEntrada`, `HoraSaida`, `TotalTurno`, `HorasDiurnas`, `HorasNoturnas`) VALUES (:horaEntrada:, :HoraSaida:, :TotalTurno:, :HorasDiurnas:, :HorasNoturnas:)', [...])
 2 SYSTEMPATH\Database\Query.php(308): CodeIgniter\Database\Query->matchNamedBinds('INSERT INTO `registro_turno` (`horaEntrada`, `HoraSaida`, `TotalTurno`, `HorasDiurnas`, `HorasNoturnas`) VALUES (:horaEntrada:, :HoraSaida:, :TotalTurno:, :HorasDiurnas:, :HorasNoturnas:)', [...])
 3 SYSTEMPATH\Database\Query.php(159): CodeIgniter\Database\Query->compileBinds()
 4 SYSTEMPATH\Database\BaseConnection.php(607): CodeIgniter\Database\Query->getQuery()
 5 SYSTEMPATH\Database\BaseBuilder.php(2308): CodeIgniter\Database\BaseConnection->query('INSERT INTO `registro_turno` (`horaEntrada`, `HoraSaida`, `TotalTurno`, `HorasDiurnas`, `HorasNoturnas`) VALUES (:horaEntrada:, :HoraSaida:, :TotalTurno:, :HorasDiurnas:, :HorasNoturnas:)', [...], false)
 6 SYSTEMPATH\Model.php(319): CodeIgniter\Database\BaseBuilder->insert()
 7 SYSTEMPATH\BaseModel.php(788): CodeIgniter\Model->doInsert([...])
 8 SYSTEMPATH\Model.php(715): CodeIgniter\BaseModel->insert([...], false)
 9 SYSTEMPATH\BaseModel.php(698): CodeIgniter\Model->insert([...], false)
10 APPPATH\Controllers\Horatrabalhada.php(72): CodeIgniter\BaseModel->save([...])
11 SYSTEMPATH\CodeIgniter.php(942): App\Controllers\HoraTrabalhada->save_registro('19:02:00', '06:59:00')
12 SYSTEMPATH\CodeIgniter.php(502): CodeIgniter\CodeIgniter->runController(Object(App\Controllers\HoraTrabalhada))
13 SYSTEMPATH\CodeIgniter.php(361): CodeIgniter\CodeIgniter->handleRequest(null, Object(Config\Cache), false)
14 FCPATH\index.php(79): CodeIgniter\CodeIgniter->run()
CRITICAL - 2023-12-10 16:32:03 --> Unclosed '{' on line 10
in APPPATH\Controllers\Horatrabalhada.php on line 215.
 1 SYSTEMPATH\Router\Router.php(514): CodeIgniter\Router\AutoRouter->getRoute('horaTrabalhada/pegaHora', 'post')
 2 SYSTEMPATH\Router\Router.php(210): CodeIgniter\Router\Router->autoRoute('horaTrabalhada/pegaHora')
 3 SYSTEMPATH\CodeIgniter.php(823): CodeIgniter\Router\Router->handle('horaTrabalhada/pegaHora')
 4 SYSTEMPATH\CodeIgniter.php(450): CodeIgniter\CodeIgniter->tryToRouteIt(Object(CodeIgniter\Router\RouteCollection))
 5 SYSTEMPATH\CodeIgniter.php(361): CodeIgniter\CodeIgniter->handleRequest(null, Object(Config\Cache), false)
 6 FCPATH\index.php(79): CodeIgniter\CodeIgniter->run()
CRITICAL - 2023-12-10 16:34:26 --> Attempt to read property "minutes" on int
in APPPATH\Controllers\Horatrabalhada.php on line 141.
 1 APPPATH\Controllers\Horatrabalhada.php(141): CodeIgniter\Debug\Exceptions->errorHandler(2, 'Attempt to read property "minutes" on int', 'C:\\xampp\\htdocs\\horasTurno\\app\\Controllers\\Horatrabalhada.php', 141)
 2 APPPATH\Controllers\Horatrabalhada.php(35): App\Controllers\HoraTrabalhada->analisaHora(Object(CodeIgniter\I18n\Time), Object(CodeIgniter\I18n\Time))
 3 SYSTEMPATH\CodeIgniter.php(942): App\Controllers\HoraTrabalhada->pegaHora()
 4 SYSTEMPATH\CodeIgniter.php(502): CodeIgniter\CodeIgniter->runController(Object(App\Controllers\HoraTrabalhada))
 5 SYSTEMPATH\CodeIgniter.php(361): CodeIgniter\CodeIgniter->handleRequest(null, Object(Config\Cache), false)
 6 FCPATH\index.php(79): CodeIgniter\CodeIgniter->run()
CRITICAL - 2023-12-10 16:34:49 --> Call to a member function getHours() on int
in APPPATH\Controllers\Horatrabalhada.php on line 147.
 1 APPPATH\Controllers\Horatrabalhada.php(35): App\Controllers\HoraTrabalhada->analisaHora(Object(CodeIgniter\I18n\Time), Object(CodeIgniter\I18n\Time))
 2 SYSTEMPATH\CodeIgniter.php(942): App\Controllers\HoraTrabalhada->pegaHora()
 3 SYSTEMPATH\CodeIgniter.php(502): CodeIgniter\CodeIgniter->runController(Object(App\Controllers\HoraTrabalhada))
 4 SYSTEMPATH\CodeIgniter.php(361): CodeIgniter\CodeIgniter->handleRequest(null, Object(Config\Cache), false)
 5 FCPATH\index.php(79): CodeIgniter\CodeIgniter->run()
CRITICAL - 2023-12-10 16:35:23 --> Object of class CodeIgniter\I18n\TimeDifference could not be converted to int
in APPPATH\Controllers\Horatrabalhada.php on line 147.
 1 APPPATH\Controllers\Horatrabalhada.php(147): CodeIgniter\Debug\Exceptions->errorHandler(8, 'Object of class CodeIgniter\\I18n\\TimeDifference could not be converted to int', 'C:\\xampp\\htdocs\\horasTurno\\app\\Controllers\\Horatrabalhada.php', 147)
 2 APPPATH\Controllers\Horatrabalhada.php(35): App\Controllers\HoraTrabalhada->analisaHora(Object(CodeIgniter\I18n\Time), Object(CodeIgniter\I18n\Time))
 3 SYSTEMPATH\CodeIgniter.php(942): App\Controllers\HoraTrabalhada->pegaHora()
 4 SYSTEMPATH\CodeIgniter.php(502): CodeIgniter\CodeIgniter->runController(Object(App\Controllers\HoraTrabalhada))
 5 SYSTEMPATH\CodeIgniter.php(361): CodeIgniter\CodeIgniter->handleRequest(null, Object(Config\Cache), false)
 6 FCPATH\index.php(79): CodeIgniter\CodeIgniter->run()
CRITICAL - 2023-12-10 16:36:39 --> Object of class CodeIgniter\I18n\TimeDifference could not be converted to int
in APPPATH\Controllers\Horatrabalhada.php on line 147.
 1 APPPATH\Controllers\Horatrabalhada.php(147): CodeIgniter\Debug\Exceptions->errorHandler(8, 'Object of class CodeIgniter\\I18n\\TimeDifference could not be converted to int', 'C:\\xampp\\htdocs\\horasTurno\\app\\Controllers\\Horatrabalhada.php', 147)
 2 APPPATH\Controllers\Horatrabalhada.php(35): App\Controllers\HoraTrabalhada->analisaHora(Object(CodeIgniter\I18n\Time), Object(CodeIgniter\I18n\Time))
 3 SYSTEMPATH\CodeIgniter.php(942): App\Controllers\HoraTrabalhada->pegaHora()
 4 SYSTEMPATH\CodeIgniter.php(502): CodeIgniter\CodeIgniter->runController(Object(App\Controllers\HoraTrabalhada))
 5 SYSTEMPATH\CodeIgniter.php(361): CodeIgniter\CodeIgniter->handleRequest(null, Object(Config\Cache), false)
 6 FCPATH\index.php(79): CodeIgniter\CodeIgniter->run()
CRITICAL - 2023-12-10 16:39:20 --> Call to a member function getHours() on int
in APPPATH\Controllers\Horatrabalhada.php on line 147.
 1 APPPATH\Controllers\Horatrabalhada.php(35): App\Controllers\HoraTrabalhada->analisaHora(Object(CodeIgniter\I18n\Time), Object(CodeIgniter\I18n\Time))
 2 SYSTEMPATH\CodeIgniter.php(942): App\Controllers\HoraTrabalhada->pegaHora()
 3 SYSTEMPATH\CodeIgniter.php(502): CodeIgniter\CodeIgniter->runController(Object(App\Controllers\HoraTrabalhada))
 4 SYSTEMPATH\CodeIgniter.php(361): CodeIgniter\CodeIgniter->handleRequest(null, Object(Config\Cache), false)
 5 FCPATH\index.php(79): CodeIgniter\CodeIgniter->run()
CRITICAL - 2023-12-10 16:40:13 --> Call to a member function getHours() on int
in APPPATH\Controllers\Horatrabalhada.php on line 141.
 1 APPPATH\Controllers\Horatrabalhada.php(35): App\Controllers\HoraTrabalhada->analisaHora(Object(CodeIgniter\I18n\Time), Object(CodeIgniter\I18n\Time))
 2 SYSTEMPATH\CodeIgniter.php(942): App\Controllers\HoraTrabalhada->pegaHora()
 3 SYSTEMPATH\CodeIgniter.php(502): CodeIgniter\CodeIgniter->runController(Object(App\Controllers\HoraTrabalhada))
 4 SYSTEMPATH\CodeIgniter.php(361): CodeIgniter\CodeIgniter->handleRequest(null, Object(Config\Cache), false)
 5 FCPATH\index.php(79): CodeIgniter\CodeIgniter->run()
CRITICAL - 2023-12-10 16:41:00 --> Object of class CodeIgniter\I18n\TimeDifference could not be converted to int
in APPPATH\Controllers\Horatrabalhada.php on line 141.
 1 APPPATH\Controllers\Horatrabalhada.php(141): CodeIgniter\Debug\Exceptions->errorHandler(8, 'Object of class CodeIgniter\\I18n\\TimeDifference could not be converted to int', 'C:\\xampp\\htdocs\\horasTurno\\app\\Controllers\\Horatrabalhada.php', 141)
 2 APPPATH\Controllers\Horatrabalhada.php(35): App\Controllers\HoraTrabalhada->analisaHora(Object(CodeIgniter\I18n\Time), Object(CodeIgniter\I18n\Time))
 3 SYSTEMPATH\CodeIgniter.php(942): App\Controllers\HoraTrabalhada->pegaHora()
 4 SYSTEMPATH\CodeIgniter.php(502): CodeIgniter\CodeIgniter->runController(Object(App\Controllers\HoraTrabalhada))
 5 SYSTEMPATH\CodeIgniter.php(361): CodeIgniter\CodeIgniter->handleRequest(null, Object(Config\Cache), false)
 6 FCPATH\index.php(79): CodeIgniter\CodeIgniter->run()
CRITICAL - 2023-12-10 16:49:58 --> syntax error, unexpected identifier "now", expecting variable or "$"
in APPPATH\Controllers\Horatrabalhada.php on line 167.
 1 SYSTEMPATH\Router\Router.php(514): CodeIgniter\Router\AutoRouter->getRoute('horaTrabalhada/classificaHora', 'get')
 2 SYSTEMPATH\Router\Router.php(210): CodeIgniter\Router\Router->autoRoute('horaTrabalhada/classificaHora')
 3 SYSTEMPATH\CodeIgniter.php(823): CodeIgniter\Router\Router->handle('horaTrabalhada/classificaHora')
 4 SYSTEMPATH\CodeIgniter.php(450): CodeIgniter\CodeIgniter->tryToRouteIt(Object(CodeIgniter\Router\RouteCollection))
 5 SYSTEMPATH\CodeIgniter.php(361): CodeIgniter\CodeIgniter->handleRequest(null, Object(Config\Cache), false)
 6 FCPATH\index.php(79): CodeIgniter\CodeIgniter->run()
CRITICAL - 2023-12-10 16:50:19 --> syntax error, unexpected identifier "parse", expecting variable or "$"
in APPPATH\Controllers\Horatrabalhada.php on line 168.
 1 SYSTEMPATH\Router\Router.php(514): CodeIgniter\Router\AutoRouter->getRoute('horaTrabalhada/classificaHora', 'get')
 2 SYSTEMPATH\Router\Router.php(210): CodeIgniter\Router\Router->autoRoute('horaTrabalhada/classificaHora')
 3 SYSTEMPATH\CodeIgniter.php(823): CodeIgniter\Router\Router->handle('horaTrabalhada/classificaHora')
 4 SYSTEMPATH\CodeIgniter.php(450): CodeIgniter\CodeIgniter->tryToRouteIt(Object(CodeIgniter\Router\RouteCollection))
 5 SYSTEMPATH\CodeIgniter.php(361): CodeIgniter\CodeIgniter->handleRequest(null, Object(Config\Cache), false)
 6 FCPATH\index.php(79): CodeIgniter\CodeIgniter->run()
CRITICAL - 2023-12-10 16:50:32 --> Can't use method return value in write context
in APPPATH\Controllers\Horatrabalhada.php on line 172.
 1 [internal function]: CodeIgniter\Debug\Exceptions->shutdownHandler()
CRITICAL - 2023-12-10 16:54:27 --> Can't use method return value in write context
in APPPATH\Controllers\Horatrabalhada.php on line 172.
 1 [internal function]: CodeIgniter\Debug\Exceptions->shutdownHandler()
CRITICAL - 2023-12-10 16:54:27 --> Can't use method return value in write context
in APPPATH\Controllers\Horatrabalhada.php on line 172.
 1 [internal function]: CodeIgniter\Debug\Exceptions->shutdownHandler()
CRITICAL - 2023-12-10 16:54:27 --> Can't use method return value in write context
in APPPATH\Controllers\Horatrabalhada.php on line 172.
 1 [internal function]: CodeIgniter\Debug\Exceptions->shutdownHandler()
CRITICAL - 2023-12-10 16:55:10 --> Can't use method return value in write context
in APPPATH\Controllers\Horatrabalhada.php on line 173.
 1 [internal function]: CodeIgniter\Debug\Exceptions->shutdownHandler()
CRITICAL - 2023-12-10 16:55:10 --> Can't use method return value in write context
in APPPATH\Controllers\Horatrabalhada.php on line 173.
 1 [internal function]: CodeIgniter\Debug\Exceptions->shutdownHandler()
CRITICAL - 2023-12-10 16:55:25 --> DateTimeZone::__construct(): Unknown or bad timezone (America/Brazil)
in SYSTEMPATH\I18n\TimeTrait.php on line 90.
 1 SYSTEMPATH\I18n\TimeTrait.php(90): DateTimeZone->__construct('America/Brazil')
 2 SYSTEMPATH\I18n\TimeTrait.php(132): CodeIgniter\I18n\Time->__construct('December 10, 2023 21:50:00', 'America/Brazil', null)
 3 APPPATH\Controllers\Horatrabalhada.php(167): CodeIgniter\I18n\Time::parse('December 10, 2023 21:50:00', 'America/Brazil')
 4 SYSTEMPATH\CodeIgniter.php(942): App\Controllers\HoraTrabalhada->classificaHora()
 5 SYSTEMPATH\CodeIgniter.php(502): CodeIgniter\CodeIgniter->runController(Object(App\Controllers\HoraTrabalhada))
 6 SYSTEMPATH\CodeIgniter.php(361): CodeIgniter\CodeIgniter->handleRequest(null, Object(Config\Cache), false)
 7 FCPATH\index.php(79): CodeIgniter\CodeIgniter->run()
CRITICAL - 2023-12-10 16:55:39 --> DateTimeZone::__construct(): Unknown or bad timezone (Brazil/SaoPaulo)
in SYSTEMPATH\I18n\TimeTrait.php on line 90.
 1 SYSTEMPATH\I18n\TimeTrait.php(90): DateTimeZone->__construct('Brazil/SaoPaulo')
 2 SYSTEMPATH\I18n\TimeTrait.php(132): CodeIgniter\I18n\Time->__construct('December 10, 2023 21:50:00', 'Brazil/SaoPaulo', null)
 3 APPPATH\Controllers\Horatrabalhada.php(167): CodeIgniter\I18n\Time::parse('December 10, 2023 21:50:00', 'Brazil/SaoPaulo')
 4 SYSTEMPATH\CodeIgniter.php(942): App\Controllers\HoraTrabalhada->classificaHora()
 5 SYSTEMPATH\CodeIgniter.php(502): CodeIgniter\CodeIgniter->runController(Object(App\Controllers\HoraTrabalhada))
 6 SYSTEMPATH\CodeIgniter.php(361): CodeIgniter\CodeIgniter->handleRequest(null, Object(Config\Cache), false)
 7 FCPATH\index.php(79): CodeIgniter\CodeIgniter->run()
CRITICAL - 2023-12-10 16:58:21 --> Maximum execution time of 120 seconds exceeded
in SYSTEMPATH\I18n\TimeTrait.php on line 910.
 1 [internal function]: CodeIgniter\Debug\Exceptions->shutdownHandler()
CRITICAL - 2023-12-10 16:59:14 --> Maximum execution time of 120 seconds exceeded
in SYSTEMPATH\I18n\TimeTrait.php on line 910.
 1 [internal function]: CodeIgniter\Debug\Exceptions->shutdownHandler()
CRITICAL - 2023-12-10 16:59:18 --> Maximum execution time of 120 seconds exceeded
in SYSTEMPATH\I18n\TimeTrait.php on line 910.
 1 [internal function]: CodeIgniter\Debug\Exceptions->shutdownHandler()
CRITICAL - 2023-12-10 16:59:30 --> Unclosed '{' on line 10
in APPPATH\Controllers\Horatrabalhada.php on line 198.
 1 SYSTEMPATH\Router\Router.php(514): CodeIgniter\Router\AutoRouter->getRoute('horaTrabalhada/classificaHora', 'get')
 2 SYSTEMPATH\Router\Router.php(210): CodeIgniter\Router\Router->autoRoute('horaTrabalhada/classificaHora')
 3 SYSTEMPATH\CodeIgniter.php(823): CodeIgniter\Router\Router->handle('horaTrabalhada/classificaHora')
 4 SYSTEMPATH\CodeIgniter.php(450): CodeIgniter\CodeIgniter->tryToRouteIt(Object(CodeIgniter\Router\RouteCollection))
 5 SYSTEMPATH\CodeIgniter.php(361): CodeIgniter\CodeIgniter->handleRequest(null, Object(Config\Cache), false)
 6 FCPATH\index.php(79): CodeIgniter\CodeIgniter->run()
CRITICAL - 2023-12-10 16:59:43 --> Undefined variable $diferencaHoras
in APPPATH\Controllers\Horatrabalhada.php on line 174.
 1 APPPATH\Controllers\Horatrabalhada.php(174): CodeIgniter\Debug\Exceptions->errorHandler(2, 'Undefined variable $diferencaHoras', 'C:\\xampp\\htdocs\\horasTurno\\app\\Controllers\\Horatrabalhada.php', 174)
 2 SYSTEMPATH\CodeIgniter.php(942): App\Controllers\HoraTrabalhada->classificaHora()
 3 SYSTEMPATH\CodeIgniter.php(502): CodeIgniter\CodeIgniter->runController(Object(App\Controllers\HoraTrabalhada))
 4 SYSTEMPATH\CodeIgniter.php(361): CodeIgniter\CodeIgniter->handleRequest(null, Object(Config\Cache), false)
 5 FCPATH\index.php(79): CodeIgniter\CodeIgniter->run()
CRITICAL - 2023-12-10 17:00:42 --> Unmatched '}'
in APPPATH\Controllers\Horatrabalhada.php on line 176.
 1 SYSTEMPATH\Router\Router.php(514): CodeIgniter\Router\AutoRouter->getRoute('horaTrabalhada/classificaHora', 'get')
 2 SYSTEMPATH\Router\Router.php(210): CodeIgniter\Router\Router->autoRoute('horaTrabalhada/classificaHora')
 3 SYSTEMPATH\CodeIgniter.php(823): CodeIgniter\Router\Router->handle('horaTrabalhada/classificaHora')
 4 SYSTEMPATH\CodeIgniter.php(450): CodeIgniter\CodeIgniter->tryToRouteIt(Object(CodeIgniter\Router\RouteCollection))
 5 SYSTEMPATH\CodeIgniter.php(361): CodeIgniter\CodeIgniter->handleRequest(null, Object(Config\Cache), false)
 6 FCPATH\index.php(79): CodeIgniter\CodeIgniter->run()
CRITICAL - 2023-12-10 17:00:49 --> DateTimeZone::__construct(): Unknown or bad timezone (America/SaoPaulo)
in SYSTEMPATH\I18n\TimeTrait.php on line 90.
 1 SYSTEMPATH\I18n\TimeTrait.php(90): DateTimeZone->__construct('America/SaoPaulo')
 2 SYSTEMPATH\I18n\TimeTrait.php(132): CodeIgniter\I18n\Time->__construct('December 10, 2023 21:50:00', 'America/SaoPaulo', null)
 3 APPPATH\Controllers\Horatrabalhada.php(167): CodeIgniter\I18n\Time::parse('December 10, 2023 21:50:00', 'America/SaoPaulo')
 4 SYSTEMPATH\CodeIgniter.php(942): App\Controllers\HoraTrabalhada->classificaHora()
 5 SYSTEMPATH\CodeIgniter.php(502): CodeIgniter\CodeIgniter->runController(Object(App\Controllers\HoraTrabalhada))
 6 SYSTEMPATH\CodeIgniter.php(361): CodeIgniter\CodeIgniter->handleRequest(null, Object(Config\Cache), false)
 7 FCPATH\index.php(79): CodeIgniter\CodeIgniter->run()
CRITICAL - 2023-12-10 17:01:05 --> Maximum execution time of 120 seconds exceeded
in SYSTEMPATH\I18n\TimeTrait.php on line 910.
 1 [internal function]: CodeIgniter\Debug\Exceptions->shutdownHandler()
CRITICAL - 2023-12-10 17:07:41 --> syntax error, unexpected variable "$diff", expecting "," or ";"
in APPPATH\Controllers\Horatrabalhada.php on line 175.
 1 SYSTEMPATH\Router\Router.php(514): CodeIgniter\Router\AutoRouter->getRoute('horaTrabalhada/classificaHora', 'get')
 2 SYSTEMPATH\Router\Router.php(210): CodeIgniter\Router\Router->autoRoute('horaTrabalhada/classificaHora')
 3 SYSTEMPATH\CodeIgniter.php(823): CodeIgniter\Router\Router->handle('horaTrabalhada/classificaHora')
 4 SYSTEMPATH\CodeIgniter.php(450): CodeIgniter\CodeIgniter->tryToRouteIt(Object(CodeIgniter\Router\RouteCollection))
 5 SYSTEMPATH\CodeIgniter.php(361): CodeIgniter\CodeIgniter->handleRequest(null, Object(Config\Cache), false)
 6 FCPATH\index.php(79): CodeIgniter\CodeIgniter->run()
CRITICAL - 2023-12-10 17:07:53 --> syntax error, unexpected token ":"
in APPPATH\Controllers\Horatrabalhada.php on line 176.
 1 SYSTEMPATH\Router\Router.php(514): CodeIgniter\Router\AutoRouter->getRoute('horaTrabalhada/classificaHora', 'get')
 2 SYSTEMPATH\Router\Router.php(210): CodeIgniter\Router\Router->autoRoute('horaTrabalhada/classificaHora')
 3 SYSTEMPATH\CodeIgniter.php(823): CodeIgniter\Router\Router->handle('horaTrabalhada/classificaHora')
 4 SYSTEMPATH\CodeIgniter.php(450): CodeIgniter\CodeIgniter->tryToRouteIt(Object(CodeIgniter\Router\RouteCollection))
 5 SYSTEMPATH\CodeIgniter.php(361): CodeIgniter\CodeIgniter->handleRequest(null, Object(Config\Cache), false)
 6 FCPATH\index.php(79): CodeIgniter\CodeIgniter->run()
CRITICAL - 2023-12-10 17:08:05 --> syntax error, unexpected token "."
in APPPATH\Controllers\Horatrabalhada.php on line 176.
 1 SYSTEMPATH\Router\Router.php(514): CodeIgniter\Router\AutoRouter->getRoute('horaTrabalhada/classificaHora', 'get')
 2 SYSTEMPATH\Router\Router.php(210): CodeIgniter\Router\Router->autoRoute('horaTrabalhada/classificaHora')
 3 SYSTEMPATH\CodeIgniter.php(823): CodeIgniter\Router\Router->handle('horaTrabalhada/classificaHora')
 4 SYSTEMPATH\CodeIgniter.php(450): CodeIgniter\CodeIgniter->tryToRouteIt(Object(CodeIgniter\Router\RouteCollection))
 5 SYSTEMPATH\CodeIgniter.php(361): CodeIgniter\CodeIgniter->handleRequest(null, Object(Config\Cache), false)
 6 FCPATH\index.php(79): CodeIgniter\CodeIgniter->run()
CRITICAL - 2023-12-10 17:08:08 --> syntax error, unexpected token "."
in APPPATH\Controllers\Horatrabalhada.php on line 176.
 1 SYSTEMPATH\Router\Router.php(514): CodeIgniter\Router\AutoRouter->getRoute('horaTrabalhada/classificaHora', 'get')
 2 SYSTEMPATH\Router\Router.php(210): CodeIgniter\Router\Router->autoRoute('horaTrabalhada/classificaHora')
 3 SYSTEMPATH\CodeIgniter.php(823): CodeIgniter\Router\Router->handle('horaTrabalhada/classificaHora')
 4 SYSTEMPATH\CodeIgniter.php(450): CodeIgniter\CodeIgniter->tryToRouteIt(Object(CodeIgniter\Router\RouteCollection))
 5 SYSTEMPATH\CodeIgniter.php(361): CodeIgniter\CodeIgniter->handleRequest(null, Object(Config\Cache), false)
 6 FCPATH\index.php(79): CodeIgniter\CodeIgniter->run()
CRITICAL - 2023-12-10 17:18:20 --> Call to undefined method CodeIgniter\I18n\Time::getHours()
in APPPATH\Controllers\Horatrabalhada.php on line 171.
 1 SYSTEMPATH\CodeIgniter.php(942): App\Controllers\HoraTrabalhada->classificaHora()
 2 SYSTEMPATH\CodeIgniter.php(502): CodeIgniter\CodeIgniter->runController(Object(App\Controllers\HoraTrabalhada))
 3 SYSTEMPATH\CodeIgniter.php(361): CodeIgniter\CodeIgniter->handleRequest(null, Object(Config\Cache), false)
 4 FCPATH\index.php(79): CodeIgniter\CodeIgniter->run()
CRITICAL - 2023-12-10 17:21:15 --> syntax error, unexpected single-quoted string "treta"
in APPPATH\Controllers\Horatrabalhada.php on line 176.
 1 SYSTEMPATH\Router\Router.php(514): CodeIgniter\Router\AutoRouter->getRoute('horaTrabalhada/classificaHora', 'get')
 2 SYSTEMPATH\Router\Router.php(210): CodeIgniter\Router\Router->autoRoute('horaTrabalhada/classificaHora')
 3 SYSTEMPATH\CodeIgniter.php(823): CodeIgniter\Router\Router->handle('horaTrabalhada/classificaHora')
 4 SYSTEMPATH\CodeIgniter.php(450): CodeIgniter\CodeIgniter->tryToRouteIt(Object(CodeIgniter\Router\RouteCollection))
 5 SYSTEMPATH\CodeIgniter.php(361): CodeIgniter\CodeIgniter->handleRequest(null, Object(Config\Cache), false)
 6 FCPATH\index.php(79): CodeIgniter\CodeIgniter->run()
CRITICAL - 2023-12-10 17:24:48 --> syntax error, unexpected token "<", expecting variable or "{" or "$"
in APPPATH\Controllers\Horatrabalhada.php on line 178.
 1 SYSTEMPATH\Router\Router.php(514): CodeIgniter\Router\AutoRouter->getRoute('horaTrabalhada/classificaHora', 'get')
 2 SYSTEMPATH\Router\Router.php(210): CodeIgniter\Router\Router->autoRoute('horaTrabalhada/classificaHora')
 3 SYSTEMPATH\CodeIgniter.php(823): CodeIgniter\Router\Router->handle('horaTrabalhada/classificaHora')
 4 SYSTEMPATH\CodeIgniter.php(450): CodeIgniter\CodeIgniter->tryToRouteIt(Object(CodeIgniter\Router\RouteCollection))
 5 SYSTEMPATH\CodeIgniter.php(361): CodeIgniter\CodeIgniter->handleRequest(null, Object(Config\Cache), false)
 6 FCPATH\index.php(79): CodeIgniter\CodeIgniter->run()
CRITICAL - 2023-12-10 17:24:59 --> Undefined variable $horaNoturna
in APPPATH\Controllers\Horatrabalhada.php on line 179.
 1 APPPATH\Controllers\Horatrabalhada.php(179): CodeIgniter\Debug\Exceptions->errorHandler(2, 'Undefined variable $horaNoturna', 'C:\\xampp\\htdocs\\horasTurno\\app\\Controllers\\Horatrabalhada.php', 179)
 2 SYSTEMPATH\CodeIgniter.php(942): App\Controllers\HoraTrabalhada->classificaHora()
 3 SYSTEMPATH\CodeIgniter.php(502): CodeIgniter\CodeIgniter->runController(Object(App\Controllers\HoraTrabalhada))
 4 SYSTEMPATH\CodeIgniter.php(361): CodeIgniter\CodeIgniter->handleRequest(null, Object(Config\Cache), false)
 5 FCPATH\index.php(79): CodeIgniter\CodeIgniter->run()
CRITICAL - 2023-12-10 17:29:51 --> syntax error, unexpected variable "$minutoNoturno", expecting "," or ";"
in APPPATH\Controllers\Horatrabalhada.php on line 187.
 1 SYSTEMPATH\Router\Router.php(514): CodeIgniter\Router\AutoRouter->getRoute('horaTrabalhada/classificaHora', 'get')
 2 SYSTEMPATH\Router\Router.php(210): CodeIgniter\Router\Router->autoRoute('horaTrabalhada/classificaHora')
 3 SYSTEMPATH\CodeIgniter.php(823): CodeIgniter\Router\Router->handle('horaTrabalhada/classificaHora')
 4 SYSTEMPATH\CodeIgniter.php(450): CodeIgniter\CodeIgniter->tryToRouteIt(Object(CodeIgniter\Router\RouteCollection))
 5 SYSTEMPATH\CodeIgniter.php(361): CodeIgniter\CodeIgniter->handleRequest(null, Object(Config\Cache), false)
 6 FCPATH\index.php(79): CodeIgniter\CodeIgniter->run()
CRITICAL - 2023-12-10 17:35:41 --> Call to undefined method CodeIgniter\I18n\TimeDifference::getHour()
in APPPATH\Controllers\Horatrabalhada.php on line 177.
 1 SYSTEMPATH\CodeIgniter.php(942): App\Controllers\HoraTrabalhada->classificaHora()
 2 SYSTEMPATH\CodeIgniter.php(502): CodeIgniter\CodeIgniter->runController(Object(App\Controllers\HoraTrabalhada))
 3 SYSTEMPATH\CodeIgniter.php(361): CodeIgniter\CodeIgniter->handleRequest(null, Object(Config\Cache), false)
 4 FCPATH\index.php(79): CodeIgniter\CodeIgniter->run()
CRITICAL - 2023-12-10 17:36:36 --> Undefined variable $minutoDiurno
in APPPATH\Controllers\Horatrabalhada.php on line 190.
 1 APPPATH\Controllers\Horatrabalhada.php(190): CodeIgniter\Debug\Exceptions->errorHandler(2, 'Undefined variable $minutoDiurno', 'C:\\xampp\\htdocs\\horasTurno\\app\\Controllers\\Horatrabalhada.php', 190)
 2 SYSTEMPATH\CodeIgniter.php(942): App\Controllers\HoraTrabalhada->classificaHora()
 3 SYSTEMPATH\CodeIgniter.php(502): CodeIgniter\CodeIgniter->runController(Object(App\Controllers\HoraTrabalhada))
 4 SYSTEMPATH\CodeIgniter.php(361): CodeIgniter\CodeIgniter->handleRequest(null, Object(Config\Cache), false)
 5 FCPATH\index.php(79): CodeIgniter\CodeIgniter->run()
CRITICAL - 2023-12-10 17:36:55 --> Undefined variable $minutoDiurno
in APPPATH\Controllers\Horatrabalhada.php on line 191.
 1 APPPATH\Controllers\Horatrabalhada.php(191): CodeIgniter\Debug\Exceptions->errorHandler(2, 'Undefined variable $minutoDiurno', 'C:\\xampp\\htdocs\\horasTurno\\app\\Controllers\\Horatrabalhada.php', 191)
 2 SYSTEMPATH\CodeIgniter.php(942): App\Controllers\HoraTrabalhada->classificaHora()
 3 SYSTEMPATH\CodeIgniter.php(502): CodeIgniter\CodeIgniter->runController(Object(App\Controllers\HoraTrabalhada))
 4 SYSTEMPATH\CodeIgniter.php(361): CodeIgniter\CodeIgniter->handleRequest(null, Object(Config\Cache), false)
 5 FCPATH\index.php(79): CodeIgniter\CodeIgniter->run()
CRITICAL - 2023-12-10 17:36:56 --> Undefined variable $minutoDiurno
in APPPATH\Controllers\Horatrabalhada.php on line 191.
 1 APPPATH\Controllers\Horatrabalhada.php(191): CodeIgniter\Debug\Exceptions->errorHandler(2, 'Undefined variable $minutoDiurno', 'C:\\xampp\\htdocs\\horasTurno\\app\\Controllers\\Horatrabalhada.php', 191)
 2 SYSTEMPATH\CodeIgniter.php(942): App\Controllers\HoraTrabalhada->classificaHora()
 3 SYSTEMPATH\CodeIgniter.php(502): CodeIgniter\CodeIgniter->runController(Object(App\Controllers\HoraTrabalhada))
 4 SYSTEMPATH\CodeIgniter.php(361): CodeIgniter\CodeIgniter->handleRequest(null, Object(Config\Cache), false)
 5 FCPATH\index.php(79): CodeIgniter\CodeIgniter->run()
CRITICAL - 2023-12-10 17:36:57 --> Undefined variable $minutoDiurno
in APPPATH\Controllers\Horatrabalhada.php on line 191.
 1 APPPATH\Controllers\Horatrabalhada.php(191): CodeIgniter\Debug\Exceptions->errorHandler(2, 'Undefined variable $minutoDiurno', 'C:\\xampp\\htdocs\\horasTurno\\app\\Controllers\\Horatrabalhada.php', 191)
 2 SYSTEMPATH\CodeIgniter.php(942): App\Controllers\HoraTrabalhada->classificaHora()
 3 SYSTEMPATH\CodeIgniter.php(502): CodeIgniter\CodeIgniter->runController(Object(App\Controllers\HoraTrabalhada))
 4 SYSTEMPATH\CodeIgniter.php(361): CodeIgniter\CodeIgniter->handleRequest(null, Object(Config\Cache), false)
 5 FCPATH\index.php(79): CodeIgniter\CodeIgniter->run()
CRITICAL - 2023-12-10 17:37:05 --> Call to undefined method CodeIgniter\I18n\TimeDifference::getHour()
in APPPATH\Controllers\Horatrabalhada.php on line 177.
 1 SYSTEMPATH\CodeIgniter.php(942): App\Controllers\HoraTrabalhada->classificaHora()
 2 SYSTEMPATH\CodeIgniter.php(502): CodeIgniter\CodeIgniter->runController(Object(App\Controllers\HoraTrabalhada))
 3 SYSTEMPATH\CodeIgniter.php(361): CodeIgniter\CodeIgniter->handleRequest(null, Object(Config\Cache), false)
 4 FCPATH\index.php(79): CodeIgniter\CodeIgniter->run()
CRITICAL - 2023-12-10 17:37:13 --> Call to undefined method CodeIgniter\I18n\TimeDifference::getHour()
in APPPATH\Controllers\Horatrabalhada.php on line 177.
 1 SYSTEMPATH\CodeIgniter.php(942): App\Controllers\HoraTrabalhada->classificaHora()
 2 SYSTEMPATH\CodeIgniter.php(502): CodeIgniter\CodeIgniter->runController(Object(App\Controllers\HoraTrabalhada))
 3 SYSTEMPATH\CodeIgniter.php(361): CodeIgniter\CodeIgniter->handleRequest(null, Object(Config\Cache), false)
 4 FCPATH\index.php(79): CodeIgniter\CodeIgniter->run()
CRITICAL - 2023-12-10 18:10:38 --> Call to undefined method CodeIgniter\I18n\TimeDifference::getHou()
in APPPATH\Controllers\Horatrabalhada.php on line 177.
 1 SYSTEMPATH\CodeIgniter.php(942): App\Controllers\HoraTrabalhada->classificaHora()
 2 SYSTEMPATH\CodeIgniter.php(502): CodeIgniter\CodeIgniter->runController(Object(App\Controllers\HoraTrabalhada))
 3 SYSTEMPATH\CodeIgniter.php(361): CodeIgniter\CodeIgniter->handleRequest(null, Object(Config\Cache), false)
 4 FCPATH\index.php(79): CodeIgniter\CodeIgniter->run()
CRITICAL - 2023-12-10 18:10:44 --> Call to undefined method CodeIgniter\I18n\TimeDifference::getHour()
in APPPATH\Controllers\Horatrabalhada.php on line 177.
 1 SYSTEMPATH\CodeIgniter.php(942): App\Controllers\HoraTrabalhada->classificaHora()
 2 SYSTEMPATH\CodeIgniter.php(502): CodeIgniter\CodeIgniter->runController(Object(App\Controllers\HoraTrabalhada))
 3 SYSTEMPATH\CodeIgniter.php(361): CodeIgniter\CodeIgniter->handleRequest(null, Object(Config\Cache), false)
 4 FCPATH\index.php(79): CodeIgniter\CodeIgniter->run()
CRITICAL - 2023-12-10 18:11:19 --> Call to undefined method CodeIgniter\I18n\TimeDifference::getHour()
in APPPATH\Controllers\Horatrabalhada.php on line 177.
 1 SYSTEMPATH\CodeIgniter.php(942): App\Controllers\HoraTrabalhada->classificaHora()
 2 SYSTEMPATH\CodeIgniter.php(502): CodeIgniter\CodeIgniter->runController(Object(App\Controllers\HoraTrabalhada))
 3 SYSTEMPATH\CodeIgniter.php(361): CodeIgniter\CodeIgniter->handleRequest(null, Object(Config\Cache), false)
 4 FCPATH\index.php(79): CodeIgniter\CodeIgniter->run()
CRITICAL - 2023-12-10 18:11:21 --> Call to undefined method CodeIgniter\I18n\TimeDifference::getHour()
in APPPATH\Controllers\Horatrabalhada.php on line 177.
 1 SYSTEMPATH\CodeIgniter.php(942): App\Controllers\HoraTrabalhada->classificaHora()
 2 SYSTEMPATH\CodeIgniter.php(502): CodeIgniter\CodeIgniter->runController(Object(App\Controllers\HoraTrabalhada))
 3 SYSTEMPATH\CodeIgniter.php(361): CodeIgniter\CodeIgniter->handleRequest(null, Object(Config\Cache), false)
 4 FCPATH\index.php(79): CodeIgniter\CodeIgniter->run()
CRITICAL - 2023-12-10 18:11:38 --> Call to undefined method CodeIgniter\I18n\TimeDifference::getHour()
in APPPATH\Controllers\Horatrabalhada.php on line 177.
 1 SYSTEMPATH\CodeIgniter.php(942): App\Controllers\HoraTrabalhada->classificaHora()
 2 SYSTEMPATH\CodeIgniter.php(502): CodeIgniter\CodeIgniter->runController(Object(App\Controllers\HoraTrabalhada))
 3 SYSTEMPATH\CodeIgniter.php(361): CodeIgniter\CodeIgniter->handleRequest(null, Object(Config\Cache), false)
 4 FCPATH\index.php(79): CodeIgniter\CodeIgniter->run()
CRITICAL - 2023-12-10 18:11:39 --> Call to undefined method CodeIgniter\I18n\TimeDifference::getHour()
in APPPATH\Controllers\Horatrabalhada.php on line 177.
 1 SYSTEMPATH\CodeIgniter.php(942): App\Controllers\HoraTrabalhada->classificaHora()
 2 SYSTEMPATH\CodeIgniter.php(502): CodeIgniter\CodeIgniter->runController(Object(App\Controllers\HoraTrabalhada))
 3 SYSTEMPATH\CodeIgniter.php(361): CodeIgniter\CodeIgniter->handleRequest(null, Object(Config\Cache), false)
 4 FCPATH\index.php(79): CodeIgniter\CodeIgniter->run()
CRITICAL - 2023-12-10 18:11:40 --> Call to undefined method CodeIgniter\I18n\TimeDifference::getHour()
in APPPATH\Controllers\Horatrabalhada.php on line 177.
 1 SYSTEMPATH\CodeIgniter.php(942): App\Controllers\HoraTrabalhada->classificaHora()
 2 SYSTEMPATH\CodeIgniter.php(502): CodeIgniter\CodeIgniter->runController(Object(App\Controllers\HoraTrabalhada))
 3 SYSTEMPATH\CodeIgniter.php(361): CodeIgniter\CodeIgniter->handleRequest(null, Object(Config\Cache), false)
 4 FCPATH\index.php(79): CodeIgniter\CodeIgniter->run()
CRITICAL - 2023-12-10 18:11:50 --> Call to undefined method CodeIgniter\I18n\Time::addHour()
in APPPATH\Controllers\Horatrabalhada.php on line 178.
 1 SYSTEMPATH\CodeIgniter.php(942): App\Controllers\HoraTrabalhada->classificaHora()
 2 SYSTEMPATH\CodeIgniter.php(502): CodeIgniter\CodeIgniter->runController(Object(App\Controllers\HoraTrabalhada))
 3 SYSTEMPATH\CodeIgniter.php(361): CodeIgniter\CodeIgniter->handleRequest(null, Object(Config\Cache), false)
 4 FCPATH\index.php(79): CodeIgniter\CodeIgniter->run()
CRITICAL - 2023-12-10 18:12:01 --> Call to undefined method CodeIgniter\I18n\Time::getHours()
in APPPATH\Controllers\Horatrabalhada.php on line 180.
 1 SYSTEMPATH\CodeIgniter.php(942): App\Controllers\HoraTrabalhada->classificaHora()
 2 SYSTEMPATH\CodeIgniter.php(502): CodeIgniter\CodeIgniter->runController(Object(App\Controllers\HoraTrabalhada))
 3 SYSTEMPATH\CodeIgniter.php(361): CodeIgniter\CodeIgniter->handleRequest(null, Object(Config\Cache), false)
 4 FCPATH\index.php(79): CodeIgniter\CodeIgniter->run()
CRITICAL - 2023-12-10 21:13:18 --> Call to undefined method CodeIgniter\I18n\Time::getHours()
in APPPATH\Controllers\Horatrabalhada.php on line 180.
 1 SYSTEMPATH\CodeIgniter.php(942): App\Controllers\HoraTrabalhada->classificaHora()
 2 SYSTEMPATH\CodeIgniter.php(502): CodeIgniter\CodeIgniter->runController(Object(App\Controllers\HoraTrabalhada))
 3 SYSTEMPATH\CodeIgniter.php(361): CodeIgniter\CodeIgniter->handleRequest(null, Object(Config\Cache), false)
 4 FCPATH\index.php(79): CodeIgniter\CodeIgniter->run()
CRITICAL - 2023-12-10 21:23:11 --> syntax error, unexpected token ",", expecting "]"
in APPPATH\Controllers\Horatrabalhada.php on line 181.
 1 SYSTEMPATH\Autoloader\Autoloader.php(291): CodeIgniter\Autoloader\Autoloader->includeFile('C:\\xampp\\htdocs\\horasTurno\\app\\Controllers\\HoraTrabalhada.php')
 2 SYSTEMPATH\Autoloader\Autoloader.php(269): CodeIgniter\Autoloader\Autoloader->loadInNamespace('App\\Controllers\\HoraTrabalhada')
 3 [internal function]: CodeIgniter\Autoloader\Autoloader->loadClass('App\\Controllers\\HoraTrabalhada')
 4 SYSTEMPATH\CodeIgniter.php(900): class_exists('\\App\\Controllers\\HoraTrabalhada', true)
 5 SYSTEMPATH\CodeIgniter.php(489): CodeIgniter\CodeIgniter->startController()
 6 SYSTEMPATH\CodeIgniter.php(361): CodeIgniter\CodeIgniter->handleRequest(null, Object(Config\Cache), false)
 7 FCPATH\index.php(79): CodeIgniter\CodeIgniter->run()
CRITICAL - 2023-12-10 21:23:16 --> syntax error, unexpected token ",", expecting "]"
in APPPATH\Controllers\Horatrabalhada.php on line 181.
 1 SYSTEMPATH\Router\Router.php(514): CodeIgniter\Router\AutoRouter->getRoute('horaTrabalhada/classificaHora', 'get')
 2 SYSTEMPATH\Router\Router.php(210): CodeIgniter\Router\Router->autoRoute('horaTrabalhada/classificaHora')
 3 SYSTEMPATH\CodeIgniter.php(823): CodeIgniter\Router\Router->handle('horaTrabalhada/classificaHora')
 4 SYSTEMPATH\CodeIgniter.php(450): CodeIgniter\CodeIgniter->tryToRouteIt(Object(CodeIgniter\Router\RouteCollection))
 5 SYSTEMPATH\CodeIgniter.php(361): CodeIgniter\CodeIgniter->handleRequest(null, Object(Config\Cache), false)
 6 FCPATH\index.php(79): CodeIgniter\CodeIgniter->run()
CRITICAL - 2023-12-10 21:23:45 --> Undefined variable $data
in APPPATH\Views\turnos_test.php on line 2.
 1 APPPATH\Views\turnos_test.php(2): CodeIgniter\Debug\Exceptions->errorHandler(2, 'Undefined variable $data', 'C:\\xampp\\htdocs\\horasTurno\\app\\Views\\turnos_test.php', 2)
 2 SYSTEMPATH\View\View.php(228): include('C:\\xampp\\htdocs\\horasTurno\\app\\Views\\turnos_test.php')
 3 SYSTEMPATH\View\View.php(231): CodeIgniter\View\View->CodeIgniter\View\{closure}()
 4 SYSTEMPATH\Common.php(1190): CodeIgniter\View\View->render('turnos_test', [], true)
 5 APPPATH\Controllers\Horatrabalhada.php(183): view('turnos_test', [...])
 6 SYSTEMPATH\CodeIgniter.php(942): App\Controllers\HoraTrabalhada->classificaHora()
 7 SYSTEMPATH\CodeIgniter.php(502): CodeIgniter\CodeIgniter->runController(Object(App\Controllers\HoraTrabalhada))
 8 SYSTEMPATH\CodeIgniter.php(361): CodeIgniter\CodeIgniter->handleRequest(null, Object(Config\Cache), false)
 9 FCPATH\index.php(79): CodeIgniter\CodeIgniter->run()
CRITICAL - 2023-12-10 21:24:40 --> Undefined variable $data
in APPPATH\Views\turnos_test.php on line 2.
 1 APPPATH\Views\turnos_test.php(2): CodeIgniter\Debug\Exceptions->errorHandler(2, 'Undefined variable $data', 'C:\\xampp\\htdocs\\horasTurno\\app\\Views\\turnos_test.php', 2)
 2 SYSTEMPATH\View\View.php(228): include('C:\\xampp\\htdocs\\horasTurno\\app\\Views\\turnos_test.php')
 3 SYSTEMPATH\View\View.php(231): CodeIgniter\View\View->CodeIgniter\View\{closure}()
 4 SYSTEMPATH\Common.php(1190): CodeIgniter\View\View->render('turnos_test', [], true)
 5 APPPATH\Controllers\Horatrabalhada.php(185): view('turnos_test', [...])
 6 SYSTEMPATH\CodeIgniter.php(942): App\Controllers\HoraTrabalhada->classificaHora()
 7 SYSTEMPATH\CodeIgniter.php(502): CodeIgniter\CodeIgniter->runController(Object(App\Controllers\HoraTrabalhada))
 8 SYSTEMPATH\CodeIgniter.php(361): CodeIgniter\CodeIgniter->handleRequest(null, Object(Config\Cache), false)
 9 FCPATH\index.php(79): CodeIgniter\CodeIgniter->run()
CRITICAL - 2023-12-10 21:41:18 --> syntax error, unexpected token ";", expecting "]"
in APPPATH\Views\turnos_test.php on line 6.
 1 SYSTEMPATH\View\View.php(231): CodeIgniter\View\View->CodeIgniter\View\{closure}()
 2 SYSTEMPATH\Common.php(1190): CodeIgniter\View\View->render('turnos_test', [], true)
 3 APPPATH\Controllers\Horatrabalhada.php(187): view('turnos_test', [...])
 4 SYSTEMPATH\CodeIgniter.php(942): App\Controllers\HoraTrabalhada->classificaHora()
 5 SYSTEMPATH\CodeIgniter.php(502): CodeIgniter\CodeIgniter->runController(Object(App\Controllers\HoraTrabalhada))
 6 SYSTEMPATH\CodeIgniter.php(361): CodeIgniter\CodeIgniter->handleRequest(null, Object(Config\Cache), false)
 7 FCPATH\index.php(79): CodeIgniter\CodeIgniter->run()
CRITICAL - 2023-12-10 21:42:16 --> syntax error, unexpected token ";", expecting "]"
in APPPATH\Views\turnos_test.php on line 6.
 1 SYSTEMPATH\View\View.php(231): CodeIgniter\View\View->CodeIgniter\View\{closure}()
 2 SYSTEMPATH\Common.php(1190): CodeIgniter\View\View->render('turnos_test', [], true)
 3 APPPATH\Controllers\Horatrabalhada.php(187): view('turnos_test', [...])
 4 SYSTEMPATH\CodeIgniter.php(942): App\Controllers\HoraTrabalhada->classificaHora()
 5 SYSTEMPATH\CodeIgniter.php(502): CodeIgniter\CodeIgniter->runController(Object(App\Controllers\HoraTrabalhada))
 6 SYSTEMPATH\CodeIgniter.php(361): CodeIgniter\CodeIgniter->handleRequest(null, Object(Config\Cache), false)
 7 FCPATH\index.php(79): CodeIgniter\CodeIgniter->run()
CRITICAL - 2023-12-10 21:43:51 --> syntax error, unexpected token ";", expecting "]"
in APPPATH\Views\turnos_test.php on line 6.
 1 SYSTEMPATH\View\View.php(231): CodeIgniter\View\View->CodeIgniter\View\{closure}()
 2 SYSTEMPATH\Common.php(1190): CodeIgniter\View\View->render('turnos_test', [], true)
 3 APPPATH\Controllers\Horatrabalhada.php(187): view('turnos_test', [...])
 4 SYSTEMPATH\CodeIgniter.php(942): App\Controllers\HoraTrabalhada->classificaHora()
 5 SYSTEMPATH\CodeIgniter.php(502): CodeIgniter\CodeIgniter->runController(Object(App\Controllers\HoraTrabalhada))
 6 SYSTEMPATH\CodeIgniter.php(361): CodeIgniter\CodeIgniter->handleRequest(null, Object(Config\Cache), false)
 7 FCPATH\index.php(79): CodeIgniter\CodeIgniter->run()
CRITICAL - 2023-12-10 21:49:50 --> syntax error, unexpected variable "$saidaTurno1"
in APPPATH\Views\turnos_test.php on line 5.
 1 SYSTEMPATH\View\View.php(231): CodeIgniter\View\View->CodeIgniter\View\{closure}()
 2 SYSTEMPATH\Common.php(1190): CodeIgniter\View\View->render('turnos_test', [], true)
 3 APPPATH\Controllers\Horatrabalhada.php(187): view('turnos_test', [...])
 4 SYSTEMPATH\CodeIgniter.php(942): App\Controllers\HoraTrabalhada->classificaHora()
 5 SYSTEMPATH\CodeIgniter.php(502): CodeIgniter\CodeIgniter->runController(Object(App\Controllers\HoraTrabalhada))
 6 SYSTEMPATH\CodeIgniter.php(361): CodeIgniter\CodeIgniter->handleRequest(null, Object(Config\Cache), false)
 7 FCPATH\index.php(79): CodeIgniter\CodeIgniter->run()
CRITICAL - 2023-12-10 21:50:12 --> syntax error, unexpected variable "$turno1"
in APPPATH\Views\turnos_test.php on line 15.
 1 SYSTEMPATH\View\View.php(231): CodeIgniter\View\View->CodeIgniter\View\{closure}()
 2 SYSTEMPATH\Common.php(1190): CodeIgniter\View\View->render('turnos_test', [], true)
 3 APPPATH\Controllers\Horatrabalhada.php(187): view('turnos_test', [...])
 4 SYSTEMPATH\CodeIgniter.php(942): App\Controllers\HoraTrabalhada->classificaHora()
 5 SYSTEMPATH\CodeIgniter.php(502): CodeIgniter\CodeIgniter->runController(Object(App\Controllers\HoraTrabalhada))
 6 SYSTEMPATH\CodeIgniter.php(361): CodeIgniter\CodeIgniter->handleRequest(null, Object(Config\Cache), false)
 7 FCPATH\index.php(79): CodeIgniter\CodeIgniter->run()
CRITICAL - 2023-12-10 21:50:29 --> Undefined variable $periodoNoturnoTurno1
in APPPATH\Views\turnos_test.php on line 16.
 1 APPPATH\Views\turnos_test.php(16): CodeIgniter\Debug\Exceptions->errorHandler(2, 'Undefined variable $periodoNoturnoTurno1', 'C:\\xampp\\htdocs\\horasTurno\\app\\Views\\turnos_test.php', 16)
 2 SYSTEMPATH\View\View.php(228): include('C:\\xampp\\htdocs\\horasTurno\\app\\Views\\turnos_test.php')
 3 SYSTEMPATH\View\View.php(231): CodeIgniter\View\View->CodeIgniter\View\{closure}()
 4 SYSTEMPATH\Common.php(1190): CodeIgniter\View\View->render('turnos_test', [], true)
 5 APPPATH\Controllers\Horatrabalhada.php(187): view('turnos_test', [...])
 6 SYSTEMPATH\CodeIgniter.php(942): App\Controllers\HoraTrabalhada->classificaHora()
 7 SYSTEMPATH\CodeIgniter.php(502): CodeIgniter\CodeIgniter->runController(Object(App\Controllers\HoraTrabalhada))
 8 SYSTEMPATH\CodeIgniter.php(361): CodeIgniter\CodeIgniter->handleRequest(null, Object(Config\Cache), false)
 9 FCPATH\index.php(79): CodeIgniter\CodeIgniter->run()
CRITICAL - 2023-12-10 21:50:47 --> Undefined variable $periodoNoturnoTurno1
in APPPATH\Views\turnos_test.php on line 16.
 1 APPPATH\Views\turnos_test.php(16): CodeIgniter\Debug\Exceptions->errorHandler(2, 'Undefined variable $periodoNoturnoTurno1', 'C:\\xampp\\htdocs\\horasTurno\\app\\Views\\turnos_test.php', 16)
 2 SYSTEMPATH\View\View.php(228): include('C:\\xampp\\htdocs\\horasTurno\\app\\Views\\turnos_test.php')
 3 SYSTEMPATH\View\View.php(231): CodeIgniter\View\View->CodeIgniter\View\{closure}()
 4 SYSTEMPATH\Common.php(1190): CodeIgniter\View\View->render('turnos_test', [], true)
 5 APPPATH\Controllers\Horatrabalhada.php(187): view('turnos_test', [...])
 6 SYSTEMPATH\CodeIgniter.php(942): App\Controllers\HoraTrabalhada->classificaHora()
 7 SYSTEMPATH\CodeIgniter.php(502): CodeIgniter\CodeIgniter->runController(Object(App\Controllers\HoraTrabalhada))
 8 SYSTEMPATH\CodeIgniter.php(361): CodeIgniter\CodeIgniter->handleRequest(null, Object(Config\Cache), false)
 9 FCPATH\index.php(79): CodeIgniter\CodeIgniter->run()
CRITICAL - 2023-12-10 21:51:11 --> Undefined variable $periodoNoturnoTurno1
in APPPATH\Views\turnos_test.php on line 16.
 1 APPPATH\Views\turnos_test.php(16): CodeIgniter\Debug\Exceptions->errorHandler(2, 'Undefined variable $periodoNoturnoTurno1', 'C:\\xampp\\htdocs\\horasTurno\\app\\Views\\turnos_test.php', 16)
 2 SYSTEMPATH\View\View.php(228): include('C:\\xampp\\htdocs\\horasTurno\\app\\Views\\turnos_test.php')
 3 SYSTEMPATH\View\View.php(231): CodeIgniter\View\View->CodeIgniter\View\{closure}()
 4 SYSTEMPATH\Common.php(1190): CodeIgniter\View\View->render('turnos_test', [], true)
 5 APPPATH\Controllers\Horatrabalhada.php(187): view('turnos_test', [...])
 6 SYSTEMPATH\CodeIgniter.php(942): App\Controllers\HoraTrabalhada->classificaHora()
 7 SYSTEMPATH\CodeIgniter.php(502): CodeIgniter\CodeIgniter->runController(Object(App\Controllers\HoraTrabalhada))
 8 SYSTEMPATH\CodeIgniter.php(361): CodeIgniter\CodeIgniter->handleRequest(null, Object(Config\Cache), false)
 9 FCPATH\index.php(79): CodeIgniter\CodeIgniter->run()
CRITICAL - 2023-12-10 21:53:33 --> Undefined variable $entradaTurno2
in APPPATH\Views\turnos_test.php on line 29.
 1 APPPATH\Views\turnos_test.php(29): CodeIgniter\Debug\Exceptions->errorHandler(2, 'Undefined variable $entradaTurno2', 'C:\\xampp\\htdocs\\horasTurno\\app\\Views\\turnos_test.php', 29)
 2 SYSTEMPATH\View\View.php(228): include('C:\\xampp\\htdocs\\horasTurno\\app\\Views\\turnos_test.php')
 3 SYSTEMPATH\View\View.php(231): CodeIgniter\View\View->CodeIgniter\View\{closure}()
 4 SYSTEMPATH\Common.php(1190): CodeIgniter\View\View->render('turnos_test', [], true)
 5 APPPATH\Controllers\Horatrabalhada.php(187): view('turnos_test', [...])
 6 SYSTEMPATH\CodeIgniter.php(942): App\Controllers\HoraTrabalhada->classificaHora()
 7 SYSTEMPATH\CodeIgniter.php(502): CodeIgniter\CodeIgniter->runController(Object(App\Controllers\HoraTrabalhada))
 8 SYSTEMPATH\CodeIgniter.php(361): CodeIgniter\CodeIgniter->handleRequest(null, Object(Config\Cache), false)
 9 FCPATH\index.php(79): CodeIgniter\CodeIgniter->run()
CRITICAL - 2023-12-10 21:55:11 --> Undefined variable $periodoDiurnoTurno3
in APPPATH\Views\turnos_test.php on line 34.
 1 APPPATH\Views\turnos_test.php(34): CodeIgniter\Debug\Exceptions->errorHandler(2, 'Undefined variable $periodoDiurnoTurno3', 'C:\\xampp\\htdocs\\horasTurno\\app\\Views\\turnos_test.php', 34)
 2 SYSTEMPATH\View\View.php(228): include('C:\\xampp\\htdocs\\horasTurno\\app\\Views\\turnos_test.php')
 3 SYSTEMPATH\View\View.php(231): CodeIgniter\View\View->CodeIgniter\View\{closure}()
 4 SYSTEMPATH\Common.php(1190): CodeIgniter\View\View->render('turnos_test', [], true)
 5 APPPATH\Controllers\Horatrabalhada.php(187): view('turnos_test', [...])
 6 SYSTEMPATH\CodeIgniter.php(942): App\Controllers\HoraTrabalhada->classificaHora()
 7 SYSTEMPATH\CodeIgniter.php(502): CodeIgniter\CodeIgniter->runController(Object(App\Controllers\HoraTrabalhada))
 8 SYSTEMPATH\CodeIgniter.php(361): CodeIgniter\CodeIgniter->handleRequest(null, Object(Config\Cache), false)
 9 FCPATH\index.php(79): CodeIgniter\CodeIgniter->run()
CRITICAL - 2023-12-10 22:14:20 --> Call to undefined method CodeIgniter\I18n\Time::TimeString()
in APPPATH\Views\turnos_test.php on line 24.
 1 SYSTEMPATH\View\View.php(228): include()
 2 SYSTEMPATH\View\View.php(231): CodeIgniter\View\View->CodeIgniter\View\{closure}()
 3 SYSTEMPATH\Common.php(1190): CodeIgniter\View\View->render('turnos_test', [], true)
 4 APPPATH\Controllers\Horatrabalhada.php(193): view('turnos_test', [...])
 5 SYSTEMPATH\CodeIgniter.php(942): App\Controllers\HoraTrabalhada->classificaHora()
 6 SYSTEMPATH\CodeIgniter.php(502): CodeIgniter\CodeIgniter->runController(Object(App\Controllers\HoraTrabalhada))
 7 SYSTEMPATH\CodeIgniter.php(361): CodeIgniter\CodeIgniter->handleRequest(null, Object(Config\Cache), false)
 8 FCPATH\index.php(79): CodeIgniter\CodeIgniter->run()
CRITICAL - 2023-12-10 22:19:38 --> syntax error, unexpected token "}"
in APPPATH\Controllers\Horatrabalhada.php on line 149.
 1 SYSTEMPATH\Router\Router.php(514): CodeIgniter\Router\AutoRouter->getRoute('horaTrabalhada/classificaHora', 'get')
 2 SYSTEMPATH\Router\Router.php(210): CodeIgniter\Router\Router->autoRoute('horaTrabalhada/classificaHora')
 3 SYSTEMPATH\CodeIgniter.php(823): CodeIgniter\Router\Router->handle('horaTrabalhada/classificaHora')
 4 SYSTEMPATH\CodeIgniter.php(450): CodeIgniter\CodeIgniter->tryToRouteIt(Object(CodeIgniter\Router\RouteCollection))
 5 SYSTEMPATH\CodeIgniter.php(361): CodeIgniter\CodeIgniter->handleRequest(null, Object(Config\Cache), false)
 6 FCPATH\index.php(79): CodeIgniter\CodeIgniter->run()
CRITICAL - 2023-12-10 22:21:18 --> Too few arguments to function CodeIgniter\I18n\Time::addHours(), 0 passed in C:\xampp\htdocs\horasTurno\app\Controllers\Horatrabalhada.php on line 147 and exactly 1 expected
in SYSTEMPATH\I18n\TimeTrait.php on line 728.
 1 APPPATH\Controllers\Horatrabalhada.php(147): CodeIgniter\I18n\Time->addHours()
 2 APPPATH\Controllers\Horatrabalhada.php(185): App\Controllers\HoraTrabalhada->analisaHora(Object(CodeIgniter\I18n\Time), Object(CodeIgniter\I18n\Time))
 3 SYSTEMPATH\CodeIgniter.php(942): App\Controllers\HoraTrabalhada->classificaHora()
 4 SYSTEMPATH\CodeIgniter.php(502): CodeIgniter\CodeIgniter->runController(Object(App\Controllers\HoraTrabalhada))
 5 SYSTEMPATH\CodeIgniter.php(361): CodeIgniter\CodeIgniter->handleRequest(null, Object(Config\Cache), false)
 6 FCPATH\index.php(79): CodeIgniter\CodeIgniter->run()
CRITICAL - 2023-12-10 22:21:48 --> CodeIgniter\I18n\Time::addHours(): Argument #1 ($hours) must be of type int, string given, called in C:\xampp\htdocs\horasTurno\app\Controllers\Horatrabalhada.php on line 147
in SYSTEMPATH\I18n\TimeTrait.php on line 728.
 1 APPPATH\Controllers\Horatrabalhada.php(147): CodeIgniter\I18n\Time->addHours('+1 Hour')
 2 APPPATH\Controllers\Horatrabalhada.php(185): App\Controllers\HoraTrabalhada->analisaHora(Object(CodeIgniter\I18n\Time), Object(CodeIgniter\I18n\Time))
 3 SYSTEMPATH\CodeIgniter.php(942): App\Controllers\HoraTrabalhada->classificaHora()
 4 SYSTEMPATH\CodeIgniter.php(502): CodeIgniter\CodeIgniter->runController(Object(App\Controllers\HoraTrabalhada))
 5 SYSTEMPATH\CodeIgniter.php(361): CodeIgniter\CodeIgniter->handleRequest(null, Object(Config\Cache), false)
 6 FCPATH\index.php(79): CodeIgniter\CodeIgniter->run()
CRITICAL - 2023-12-10 22:26:35 --> Call to undefined method CodeIgniter\I18n\Time::Minutes()
in APPPATH\Controllers\Horatrabalhada.php on line 149.
 1 APPPATH\Controllers\Horatrabalhada.php(187): App\Controllers\HoraTrabalhada->analisaHora(Object(CodeIgniter\I18n\Time), Object(CodeIgniter\I18n\Time))
 2 SYSTEMPATH\CodeIgniter.php(942): App\Controllers\HoraTrabalhada->classificaHora()
 3 SYSTEMPATH\CodeIgniter.php(502): CodeIgniter\CodeIgniter->runController(Object(App\Controllers\HoraTrabalhada))
 4 SYSTEMPATH\CodeIgniter.php(361): CodeIgniter\CodeIgniter->handleRequest(null, Object(Config\Cache), false)
 5 FCPATH\index.php(79): CodeIgniter\CodeIgniter->run()
CRITICAL - 2023-12-10 22:28:25 --> syntax error, unexpected variable "$horaAtual"
in APPPATH\Controllers\Horatrabalhada.php on line 156.
 1 SYSTEMPATH\Router\Router.php(514): CodeIgniter\Router\AutoRouter->getRoute('horaTrabalhada/classificaHora', 'get')
 2 SYSTEMPATH\Router\Router.php(210): CodeIgniter\Router\Router->autoRoute('horaTrabalhada/classificaHora')
 3 SYSTEMPATH\CodeIgniter.php(823): CodeIgniter\Router\Router->handle('horaTrabalhada/classificaHora')
 4 SYSTEMPATH\CodeIgniter.php(450): CodeIgniter\CodeIgniter->tryToRouteIt(Object(CodeIgniter\Router\RouteCollection))
 5 SYSTEMPATH\CodeIgniter.php(361): CodeIgniter\CodeIgniter->handleRequest(null, Object(Config\Cache), false)
 6 FCPATH\index.php(79): CodeIgniter\CodeIgniter->run()
CRITICAL - 2023-12-10 22:28:48 --> syntax error, unexpected variable "$horaAtual"
in APPPATH\Controllers\Horatrabalhada.php on line 156.
 1 SYSTEMPATH\Router\Router.php(514): CodeIgniter\Router\AutoRouter->getRoute('horaTrabalhada/classificaHora', 'get')
 2 SYSTEMPATH\Router\Router.php(210): CodeIgniter\Router\Router->autoRoute('horaTrabalhada/classificaHora')
 3 SYSTEMPATH\CodeIgniter.php(823): CodeIgniter\Router\Router->handle('horaTrabalhada/classificaHora')
 4 SYSTEMPATH\CodeIgniter.php(450): CodeIgniter\CodeIgniter->tryToRouteIt(Object(CodeIgniter\Router\RouteCollection))
 5 SYSTEMPATH\CodeIgniter.php(361): CodeIgniter\CodeIgniter->handleRequest(null, Object(Config\Cache), false)
 6 FCPATH\index.php(79): CodeIgniter\CodeIgniter->run()
CRITICAL - 2023-12-10 22:29:19 --> syntax error, unexpected variable "$horaAtual"
in APPPATH\Controllers\Horatrabalhada.php on line 156.
 1 SYSTEMPATH\Router\Router.php(514): CodeIgniter\Router\AutoRouter->getRoute('horaTrabalhada/classificaHora', 'get')
 2 SYSTEMPATH\Router\Router.php(210): CodeIgniter\Router\Router->autoRoute('horaTrabalhada/classificaHora')
 3 SYSTEMPATH\CodeIgniter.php(823): CodeIgniter\Router\Router->handle('horaTrabalhada/classificaHora')
 4 SYSTEMPATH\CodeIgniter.php(450): CodeIgniter\CodeIgniter->tryToRouteIt(Object(CodeIgniter\Router\RouteCollection))
 5 SYSTEMPATH\CodeIgniter.php(361): CodeIgniter\CodeIgniter->handleRequest(null, Object(Config\Cache), false)
 6 FCPATH\index.php(79): CodeIgniter\CodeIgniter->run()
CRITICAL - 2023-12-10 22:29:27 --> syntax error, unexpected single-quoted string "treta"
in APPPATH\Controllers\Horatrabalhada.php on line 156.
 1 SYSTEMPATH\Router\Router.php(514): CodeIgniter\Router\AutoRouter->getRoute('horaTrabalhada/classificaHora', 'get')
 2 SYSTEMPATH\Router\Router.php(210): CodeIgniter\Router\Router->autoRoute('horaTrabalhada/classificaHora')
 3 SYSTEMPATH\CodeIgniter.php(823): CodeIgniter\Router\Router->handle('horaTrabalhada/classificaHora')
 4 SYSTEMPATH\CodeIgniter.php(450): CodeIgniter\CodeIgniter->tryToRouteIt(Object(CodeIgniter\Router\RouteCollection))
 5 SYSTEMPATH\CodeIgniter.php(361): CodeIgniter\CodeIgniter->handleRequest(null, Object(Config\Cache), false)
 6 FCPATH\index.php(79): CodeIgniter\CodeIgniter->run()
CRITICAL - 2023-12-10 22:29:51 --> syntax error, unexpected double-quoted string "treta"
in APPPATH\Controllers\Horatrabalhada.php on line 156.
 1 SYSTEMPATH\Router\Router.php(514): CodeIgniter\Router\AutoRouter->getRoute('horaTrabalhada/classificaHora', 'get')
 2 SYSTEMPATH\Router\Router.php(210): CodeIgniter\Router\Router->autoRoute('horaTrabalhada/classificaHora')
 3 SYSTEMPATH\CodeIgniter.php(823): CodeIgniter\Router\Router->handle('horaTrabalhada/classificaHora')
 4 SYSTEMPATH\CodeIgniter.php(450): CodeIgniter\CodeIgniter->tryToRouteIt(Object(CodeIgniter\Router\RouteCollection))
 5 SYSTEMPATH\CodeIgniter.php(361): CodeIgniter\CodeIgniter->handleRequest(null, Object(Config\Cache), false)
 6 FCPATH\index.php(79): CodeIgniter\CodeIgniter->run()
CRITICAL - 2023-12-10 22:29:57 --> syntax error, unexpected double-quoted string "treta"
in APPPATH\Controllers\Horatrabalhada.php on line 156.
 1 SYSTEMPATH\Router\Router.php(514): CodeIgniter\Router\AutoRouter->getRoute('horaTrabalhada/classificaHora', 'get')
 2 SYSTEMPATH\Router\Router.php(210): CodeIgniter\Router\Router->autoRoute('horaTrabalhada/classificaHora')
 3 SYSTEMPATH\CodeIgniter.php(823): CodeIgniter\Router\Router->handle('horaTrabalhada/classificaHora')
 4 SYSTEMPATH\CodeIgniter.php(450): CodeIgniter\CodeIgniter->tryToRouteIt(Object(CodeIgniter\Router\RouteCollection))
 5 SYSTEMPATH\CodeIgniter.php(361): CodeIgniter\CodeIgniter->handleRequest(null, Object(Config\Cache), false)
 6 FCPATH\index.php(79): CodeIgniter\CodeIgniter->run()
CRITICAL - 2023-12-10 22:31:25 --> Can't use method return value in write context
in APPPATH\Controllers\Horatrabalhada.php on line 148.
 1 [internal function]: CodeIgniter\Debug\Exceptions->shutdownHandler()
CRITICAL - 2023-12-10 22:36:28 --> Maximum execution time of 120 seconds exceeded
in SYSTEMPATH\I18n\TimeTrait.php on line 910.
 1 [internal function]: CodeIgniter\Debug\Exceptions->shutdownHandler()
CRITICAL - 2023-12-10 22:37:43 --> syntax error, unexpected token "endwhile"
in APPPATH\Controllers\Horatrabalhada.php on line 153.
 1 SYSTEMPATH\Router\Router.php(514): CodeIgniter\Router\AutoRouter->getRoute('horaTrabalhada/classificaHora', 'get')
 2 SYSTEMPATH\Router\Router.php(210): CodeIgniter\Router\Router->autoRoute('horaTrabalhada/classificaHora')
 3 SYSTEMPATH\CodeIgniter.php(823): CodeIgniter\Router\Router->handle('horaTrabalhada/classificaHora')
 4 SYSTEMPATH\CodeIgniter.php(450): CodeIgniter\CodeIgniter->tryToRouteIt(Object(CodeIgniter\Router\RouteCollection))
 5 SYSTEMPATH\CodeIgniter.php(361): CodeIgniter\CodeIgniter->handleRequest(null, Object(Config\Cache), false)
 6 FCPATH\index.php(79): CodeIgniter\CodeIgniter->run()
CRITICAL - 2023-12-10 22:37:55 --> syntax error, unexpected token "endwhile"
in APPPATH\Controllers\Horatrabalhada.php on line 153.
 1 SYSTEMPATH\Router\Router.php(514): CodeIgniter\Router\AutoRouter->getRoute('horaTrabalhada/classificaHora', 'get')
 2 SYSTEMPATH\Router\Router.php(210): CodeIgniter\Router\Router->autoRoute('horaTrabalhada/classificaHora')
 3 SYSTEMPATH\CodeIgniter.php(823): CodeIgniter\Router\Router->handle('horaTrabalhada/classificaHora')
 4 SYSTEMPATH\CodeIgniter.php(450): CodeIgniter\CodeIgniter->tryToRouteIt(Object(CodeIgniter\Router\RouteCollection))
 5 SYSTEMPATH\CodeIgniter.php(361): CodeIgniter\CodeIgniter->handleRequest(null, Object(Config\Cache), false)
 6 FCPATH\index.php(79): CodeIgniter\CodeIgniter->run()
CRITICAL - 2023-12-10 22:39:12 --> Maximum execution time of 120 seconds exceeded
in SYSTEMPATH\I18n\TimeTrait.php on line 910.
 1 [internal function]: CodeIgniter\Debug\Exceptions->shutdownHandler()
CRITICAL - 2023-12-10 22:40:14 --> Maximum execution time of 120 seconds exceeded
in SYSTEMPATH\I18n\TimeTrait.php on line 910.
 1 [internal function]: CodeIgniter\Debug\Exceptions->shutdownHandler()
CRITICAL - 2023-12-10 22:40:50 --> Maximum execution time of 120 seconds exceeded
in SYSTEMPATH\I18n\TimeTrait.php on line 910.
 1 [internal function]: CodeIgniter\Debug\Exceptions->shutdownHandler()
CRITICAL - 2023-12-10 22:40:52 --> Maximum execution time of 120 seconds exceeded
in SYSTEMPATH\I18n\TimeTrait.php on line 306.
 1 [internal function]: CodeIgniter\Debug\Exceptions->shutdownHandler()
CRITICAL - 2023-12-10 22:43:56 --> Maximum execution time of 120 seconds exceeded
in SYSTEMPATH\I18n\TimeTrait.php on line 720.
 1 [internal function]: CodeIgniter\Debug\Exceptions->shutdownHandler()
CRITICAL - 2023-12-10 22:46:16 --> Undefined variable $horaAtualgetMinute
in APPPATH\Controllers\Horatrabalhada.php on line 158.
 1 APPPATH\Controllers\Horatrabalhada.php(158): CodeIgniter\Debug\Exceptions->errorHandler(2, 'Undefined variable $horaAtualgetMinute', 'C:\\xampp\\htdocs\\horasTurno\\app\\Controllers\\Horatrabalhada.php', 158)
 2 APPPATH\Controllers\Horatrabalhada.php(194): App\Controllers\HoraTrabalhada->analisaHora(Object(CodeIgniter\I18n\Time), Object(CodeIgniter\I18n\Time))
 3 SYSTEMPATH\CodeIgniter.php(942): App\Controllers\HoraTrabalhada->classificaHora()
 4 SYSTEMPATH\CodeIgniter.php(502): CodeIgniter\CodeIgniter->runController(Object(App\Controllers\HoraTrabalhada))
 5 SYSTEMPATH\CodeIgniter.php(361): CodeIgniter\CodeIgniter->handleRequest(null, Object(Config\Cache), false)
 6 FCPATH\index.php(79): CodeIgniter\CodeIgniter->run()
CRITICAL - 2023-12-10 22:53:59 --> Maximum execution time of 120 seconds exceeded
in SYSTEMPATH\I18n\TimeTrait.php on line 910.
 1 [internal function]: CodeIgniter\Debug\Exceptions->shutdownHandler()
CRITICAL - 2023-12-10 22:55:53 --> Maximum execution time of 120 seconds exceeded
in SYSTEMPATH\I18n\TimeTrait.php on line 910.
 1 [internal function]: CodeIgniter\Debug\Exceptions->shutdownHandler()
CRITICAL - 2023-12-10 22:55:56 --> Call to undefined method CodeIgniter\I18n\Time::addMinute()
in APPPATH\Controllers\Horatrabalhada.php on line 151.
 1 APPPATH\Controllers\Horatrabalhada.php(197): App\Controllers\HoraTrabalhada->analisaHora(Object(CodeIgniter\I18n\Time), Object(CodeIgniter\I18n\Time))
 2 SYSTEMPATH\CodeIgniter.php(942): App\Controllers\HoraTrabalhada->classificaHora()
 3 SYSTEMPATH\CodeIgniter.php(502): CodeIgniter\CodeIgniter->runController(Object(App\Controllers\HoraTrabalhada))
 4 SYSTEMPATH\CodeIgniter.php(361): CodeIgniter\CodeIgniter->handleRequest(null, Object(Config\Cache), false)
 5 FCPATH\index.php(79): CodeIgniter\CodeIgniter->run()
CRITICAL - 2023-12-10 22:58:34 --> Undefined variable $ctl
in APPPATH\Controllers\Horatrabalhada.php on line 163.
 1 APPPATH\Controllers\Horatrabalhada.php(163): CodeIgniter\Debug\Exceptions->errorHandler(2, 'Undefined variable $ctl', 'C:\\xampp\\htdocs\\horasTurno\\app\\Controllers\\Horatrabalhada.php', 163)
 2 APPPATH\Controllers\Horatrabalhada.php(201): App\Controllers\HoraTrabalhada->analisaHora(Object(CodeIgniter\I18n\Time), Object(CodeIgniter\I18n\Time))
 3 SYSTEMPATH\CodeIgniter.php(942): App\Controllers\HoraTrabalhada->classificaHora()
 4 SYSTEMPATH\CodeIgniter.php(502): CodeIgniter\CodeIgniter->runController(Object(App\Controllers\HoraTrabalhada))
 5 SYSTEMPATH\CodeIgniter.php(361): CodeIgniter\CodeIgniter->handleRequest(null, Object(Config\Cache), false)
 6 FCPATH\index.php(79): CodeIgniter\CodeIgniter->run()
CRITICAL - 2023-12-10 22:58:49 --> Undefined variable $horaAtual
in APPPATH\Controllers\Horatrabalhada.php on line 141.
 1 APPPATH\Controllers\Horatrabalhada.php(141): CodeIgniter\Debug\Exceptions->errorHandler(2, 'Undefined variable $horaAtual', 'C:\\xampp\\htdocs\\horasTurno\\app\\Controllers\\Horatrabalhada.php', 141)
 2 APPPATH\Controllers\Horatrabalhada.php(201): App\Controllers\HoraTrabalhada->analisaHora(Object(CodeIgniter\I18n\Time), Object(CodeIgniter\I18n\Time))
 3 SYSTEMPATH\CodeIgniter.php(942): App\Controllers\HoraTrabalhada->classificaHora()
 4 SYSTEMPATH\CodeIgniter.php(502): CodeIgniter\CodeIgniter->runController(Object(App\Controllers\HoraTrabalhada))
 5 SYSTEMPATH\CodeIgniter.php(361): CodeIgniter\CodeIgniter->handleRequest(null, Object(Config\Cache), false)
 6 FCPATH\index.php(79): CodeIgniter\CodeIgniter->run()
CRITICAL - 2023-12-10 23:11:03 --> Undefined variable $ctl
in APPPATH\Controllers\Horatrabalhada.php on line 164.
 1 APPPATH\Controllers\Horatrabalhada.php(164): CodeIgniter\Debug\Exceptions->errorHandler(2, 'Undefined variable $ctl', 'C:\\xampp\\htdocs\\horasTurno\\app\\Controllers\\Horatrabalhada.php', 164)
 2 APPPATH\Controllers\Horatrabalhada.php(202): App\Controllers\HoraTrabalhada->analisaHora(Object(CodeIgniter\I18n\Time), Object(CodeIgniter\I18n\Time))
 3 SYSTEMPATH\CodeIgniter.php(942): App\Controllers\HoraTrabalhada->classificaHora()
 4 SYSTEMPATH\CodeIgniter.php(502): CodeIgniter\CodeIgniter->runController(Object(App\Controllers\HoraTrabalhada))
 5 SYSTEMPATH\CodeIgniter.php(361): CodeIgniter\CodeIgniter->handleRequest(null, Object(Config\Cache), false)
 6 FCPATH\index.php(79): CodeIgniter\CodeIgniter->run()
CRITICAL - 2023-12-10 23:16:30 --> syntax error, unexpected token "}"
in APPPATH\Controllers\Horatrabalhada.php on line 162.
 1 SYSTEMPATH\Router\Router.php(514): CodeIgniter\Router\AutoRouter->getRoute('horaTrabalhada/classificaHora', 'get')
 2 SYSTEMPATH\Router\Router.php(210): CodeIgniter\Router\Router->autoRoute('horaTrabalhada/classificaHora')
 3 SYSTEMPATH\CodeIgniter.php(823): CodeIgniter\Router\Router->handle('horaTrabalhada/classificaHora')
 4 SYSTEMPATH\CodeIgniter.php(450): CodeIgniter\CodeIgniter->tryToRouteIt(Object(CodeIgniter\Router\RouteCollection))
 5 SYSTEMPATH\CodeIgniter.php(361): CodeIgniter\CodeIgniter->handleRequest(null, Object(Config\Cache), false)
 6 FCPATH\index.php(79): CodeIgniter\CodeIgniter->run()
CRITICAL - 2023-12-10 23:23:33 --> syntax error, unexpected token "else"
in APPPATH\Controllers\Horatrabalhada.php on line 156.
 1 SYSTEMPATH\Router\Router.php(514): CodeIgniter\Router\AutoRouter->getRoute('horaTrabalhada/classificaHora', 'get')
 2 SYSTEMPATH\Router\Router.php(210): CodeIgniter\Router\Router->autoRoute('horaTrabalhada/classificaHora')
 3 SYSTEMPATH\CodeIgniter.php(823): CodeIgniter\Router\Router->handle('horaTrabalhada/classificaHora')
 4 SYSTEMPATH\CodeIgniter.php(450): CodeIgniter\CodeIgniter->tryToRouteIt(Object(CodeIgniter\Router\RouteCollection))
 5 SYSTEMPATH\CodeIgniter.php(361): CodeIgniter\CodeIgniter->handleRequest(null, Object(Config\Cache), false)
 6 FCPATH\index.php(79): CodeIgniter\CodeIgniter->run()
CRITICAL - 2023-12-10 23:28:47 --> Call to a member function getHours() on int
in APPPATH\Controllers\Horatrabalhada.php on line 132.
 1 APPPATH\Controllers\Horatrabalhada.php(192): App\Controllers\HoraTrabalhada->analisaHora(Object(CodeIgniter\I18n\Time), Object(CodeIgniter\I18n\Time))
 2 SYSTEMPATH\CodeIgniter.php(942): App\Controllers\HoraTrabalhada->classificaHora()
 3 SYSTEMPATH\CodeIgniter.php(502): CodeIgniter\CodeIgniter->runController(Object(App\Controllers\HoraTrabalhada))
 4 SYSTEMPATH\CodeIgniter.php(361): CodeIgniter\CodeIgniter->handleRequest(null, Object(Config\Cache), false)
 5 FCPATH\index.php(79): CodeIgniter\CodeIgniter->run()
CRITICAL - 2023-12-10 23:36:41 --> Undefined variable $ctl
in APPPATH\Controllers\Horatrabalhada.php on line 141.
 1 APPPATH\Controllers\Horatrabalhada.php(141): CodeIgniter\Debug\Exceptions->errorHandler(2, 'Undefined variable $ctl', 'C:\\xampp\\htdocs\\horasTurno\\app\\Controllers\\Horatrabalhada.php', 141)
 2 APPPATH\Controllers\Horatrabalhada.php(189): App\Controllers\HoraTrabalhada->analisaHora(Object(CodeIgniter\I18n\Time), Object(CodeIgniter\I18n\Time))
 3 SYSTEMPATH\CodeIgniter.php(942): App\Controllers\HoraTrabalhada->classificaHora()
 4 SYSTEMPATH\CodeIgniter.php(502): CodeIgniter\CodeIgniter->runController(Object(App\Controllers\HoraTrabalhada))
 5 SYSTEMPATH\CodeIgniter.php(361): CodeIgniter\CodeIgniter->handleRequest(null, Object(Config\Cache), false)
 6 FCPATH\index.php(79): CodeIgniter\CodeIgniter->run()
CRITICAL - 2023-12-10 23:39:54 --> Unclosed '{' on line 140 does not match ')'
in APPPATH\Controllers\Horatrabalhada.php on line 142.
 1 SYSTEMPATH\Router\Router.php(514): CodeIgniter\Router\AutoRouter->getRoute('horaTrabalhada/classificaHora', 'get')
 2 SYSTEMPATH\Router\Router.php(210): CodeIgniter\Router\Router->autoRoute('horaTrabalhada/classificaHora')
 3 SYSTEMPATH\CodeIgniter.php(823): CodeIgniter\Router\Router->handle('horaTrabalhada/classificaHora')
 4 SYSTEMPATH\CodeIgniter.php(450): CodeIgniter\CodeIgniter->tryToRouteIt(Object(CodeIgniter\Router\RouteCollection))
 5 SYSTEMPATH\CodeIgniter.php(361): CodeIgniter\CodeIgniter->handleRequest(null, Object(Config\Cache), false)
 6 FCPATH\index.php(79): CodeIgniter\CodeIgniter->run()
CRITICAL - 2023-12-10 23:40:47 --> Unclosed '{' on line 141 does not match ')'
in APPPATH\Controllers\Horatrabalhada.php on line 143.
 1 SYSTEMPATH\Router\Router.php(514): CodeIgniter\Router\AutoRouter->getRoute('horaTrabalhada/classificaHora', 'get')
 2 SYSTEMPATH\Router\Router.php(210): CodeIgniter\Router\Router->autoRoute('horaTrabalhada/classificaHora')
 3 SYSTEMPATH\CodeIgniter.php(823): CodeIgniter\Router\Router->handle('horaTrabalhada/classificaHora')
 4 SYSTEMPATH\CodeIgniter.php(450): CodeIgniter\CodeIgniter->tryToRouteIt(Object(CodeIgniter\Router\RouteCollection))
 5 SYSTEMPATH\CodeIgniter.php(361): CodeIgniter\CodeIgniter->handleRequest(null, Object(Config\Cache), false)
 6 FCPATH\index.php(79): CodeIgniter\CodeIgniter->run()
CRITICAL - 2023-12-10 23:40:55 --> Call to undefined method CodeIgniter\I18n\Time::getMinutes()
in APPPATH\Controllers\Horatrabalhada.php on line 142.
 1 APPPATH\Controllers\Horatrabalhada.php(196): App\Controllers\HoraTrabalhada->analisaHora(Object(CodeIgniter\I18n\Time), Object(CodeIgniter\I18n\Time))
 2 SYSTEMPATH\CodeIgniter.php(942): App\Controllers\HoraTrabalhada->classificaHora()
 3 SYSTEMPATH\CodeIgniter.php(502): CodeIgniter\CodeIgniter->runController(Object(App\Controllers\HoraTrabalhada))
 4 SYSTEMPATH\CodeIgniter.php(361): CodeIgniter\CodeIgniter->handleRequest(null, Object(Config\Cache), false)
 5 FCPATH\index.php(79): CodeIgniter\CodeIgniter->run()
CRITICAL - 2023-12-10 23:49:12 --> Maximum execution time of 120 seconds exceeded
in SYSTEMPATH\I18n\TimeTrait.php on line 910.
 1 [internal function]: CodeIgniter\Debug\Exceptions->shutdownHandler()
CRITICAL - 2023-12-10 23:52:01 --> Maximum execution time of 120 seconds exceeded
in SYSTEMPATH\I18n\TimeTrait.php on line 910.
 1 [internal function]: CodeIgniter\Debug\Exceptions->shutdownHandler()
CRITICAL - 2023-12-10 23:52:17 --> unlink(C:\xampp\htdocs\horasTurno\writable\debugbar/debugbar_1702250899.193786.json): No such file or directory
in SYSTEMPATH\Debug\Toolbar\Collectors\History.php on line 80.
 1 [internal function]: CodeIgniter\Debug\Exceptions->errorHandler(2, 'unlink(C:\\xampp\\htdocs\\horasTurno\\writable\\debugbar/debugbar_1702250899.193786.json): No such file or directory', 'C:\\xampp\\htdocs\\horasTurno\\system\\Debug\\Toolbar\\Collectors\\History.php', 80)
 2 SYSTEMPATH\Debug\Toolbar\Collectors\History.php(80): unlink('C:\\xampp\\htdocs\\horasTurno\\writable\\debugbar/debugbar_1702250899.193786.json')
 3 SYSTEMPATH\Debug\Toolbar.php(497): CodeIgniter\Debug\Toolbar\Collectors\History->setFiles('1702252288.047461', 20)
 4 SYSTEMPATH\Debug\Toolbar.php(476): CodeIgniter\Debug\Toolbar->format([...], 'html')
 5 APPPATH\Config\Events.php(47): CodeIgniter\Debug\Toolbar->respond()
 6 SYSTEMPATH\Events\Events.php(154): CodeIgniter\Events\Events::Config\{closure}()
 7 SYSTEMPATH\CodeIgniter.php(442): CodeIgniter\Events\Events::trigger('pre_system')
 8 SYSTEMPATH\CodeIgniter.php(361): CodeIgniter\CodeIgniter->handleRequest(null, Object(Config\Cache), false)
 9 FCPATH\index.php(79): CodeIgniter\CodeIgniter->run()
CRITICAL - 2023-12-10 23:52:35 --> Maximum execution time of 120 seconds exceeded
in SYSTEMPATH\I18n\TimeTrait.php on line 910.
 1 [internal function]: CodeIgniter\Debug\Exceptions->shutdownHandler()
CRITICAL - 2023-12-10 23:53:00 --> Maximum execution time of 120 seconds exceeded
in SYSTEMPATH\I18n\TimeTrait.php on line 910.
 1 [internal function]: CodeIgniter\Debug\Exceptions->shutdownHandler()
CRITICAL - 2023-12-10 23:53:15 --> Maximum execution time of 120 seconds exceeded
in SYSTEMPATH\I18n\TimeTrait.php on line 910.
 1 [internal function]: CodeIgniter\Debug\Exceptions->shutdownHandler()
CRITICAL - 2023-12-10 23:53:34 --> Maximum execution time of 120 seconds exceeded
in SYSTEMPATH\I18n\TimeTrait.php on line 910.
 1 [internal function]: CodeIgniter\Debug\Exceptions->shutdownHandler()
CRITICAL - 2023-12-10 23:56:36 --> syntax error, unexpected variable "$horaAtual", expecting "," or ";"
in APPPATH\Controllers\Horatrabalhada.php on line 152.
 1 SYSTEMPATH\Router\Router.php(514): CodeIgniter\Router\AutoRouter->getRoute('horaTrabalhada/classificaHora', 'get')
 2 SYSTEMPATH\Router\Router.php(210): CodeIgniter\Router\Router->autoRoute('horaTrabalhada/classificaHora')
 3 SYSTEMPATH\CodeIgniter.php(823): CodeIgniter\Router\Router->handle('horaTrabalhada/classificaHora')
 4 SYSTEMPATH\CodeIgniter.php(450): CodeIgniter\CodeIgniter->tryToRouteIt(Object(CodeIgniter\Router\RouteCollection))
 5 SYSTEMPATH\CodeIgniter.php(361): CodeIgniter\CodeIgniter->handleRequest(null, Object(Config\Cache), false)
 6 FCPATH\index.php(79): CodeIgniter\CodeIgniter->run()
