CRITICAL - 2023-12-09 18:53:28 --> syntax error, unexpected token "if"
in APPPATH\Controllers\Horatrabalhada.php on line 135.
 1 SYSTEMPATH\Autoloader\Autoloader.php(291): CodeIgniter\Autoloader\Autoloader->includeFile('C:\\xampp\\htdocs\\horasTurno\\app\\Controllers\\HoraTrabalhada.php')
 2 SYSTEMPATH\Autoloader\Autoloader.php(269): CodeIgniter\Autoloader\Autoloader->loadInNamespace('App\\Controllers\\HoraTrabalhada')
 3 [internal function]: CodeIgniter\Autoloader\Autoloader->loadClass('App\\Controllers\\HoraTrabalhada')
 4 SYSTEMPATH\CodeIgniter.php(900): class_exists('\\App\\Controllers\\HoraTrabalhada', true)
 5 SYSTEMPATH\CodeIgniter.php(489): CodeIgniter\CodeIgniter->startController()
 6 SYSTEMPATH\CodeIgniter.php(361): CodeIgniter\CodeIgniter->handleRequest(null, Object(Config\Cache), false)
 7 FCPATH\index.php(79): CodeIgniter\CodeIgniter->run()
CRITICAL - 2023-12-09 18:57:47 --> syntax error, unexpected token "if"
in APPPATH\Controllers\Horatrabalhada.php on line 134.
 1 SYSTEMPATH\Autoloader\Autoloader.php(291): CodeIgniter\Autoloader\Autoloader->includeFile('C:\\xampp\\htdocs\\horasTurno\\app\\Controllers\\HoraTrabalhada.php')
 2 SYSTEMPATH\Autoloader\Autoloader.php(269): CodeIgniter\Autoloader\Autoloader->loadInNamespace('App\\Controllers\\HoraTrabalhada')
 3 [internal function]: CodeIgniter\Autoloader\Autoloader->loadClass('App\\Controllers\\HoraTrabalhada')
 4 SYSTEMPATH\CodeIgniter.php(900): class_exists('\\App\\Controllers\\HoraTrabalhada', true)
 5 SYSTEMPATH\CodeIgniter.php(489): CodeIgniter\CodeIgniter->startController()
 6 SYSTEMPATH\CodeIgniter.php(361): CodeIgniter\CodeIgniter->handleRequest(null, Object(Config\Cache), false)
 7 FCPATH\index.php(79): CodeIgniter\CodeIgniter->run()
CRITICAL - 2023-12-09 19:39:55 --> Object of class CodeIgniter\I18n\TimeDifference could not be converted to string
in SYSTEMPATH\Database\Query.php on line 333.
 1 SYSTEMPATH\Database\Query.php(333): strtr('INSERT INTO `registro_turno` (`horaEntrada`, `HoraSaida`, `TotalTurno`, `HorasDiurnas`, `HorasNoturnas`) VALUES (:horaEntrada:, :HoraSaida:, :TotalTurno:, :HorasDiurnas:, :HorasNoturnas:)', [...])
 2 SYSTEMPATH\Database\Query.php(308): CodeIgniter\Database\Query->matchNamedBinds('INSERT INTO `registro_turno` (`horaEntrada`, `HoraSaida`, `TotalTurno`, `HorasDiurnas`, `HorasNoturnas`) VALUES (:horaEntrada:, :HoraSaida:, :TotalTurno:, :HorasDiurnas:, :HorasNoturnas:)', [...])
 3 SYSTEMPATH\Database\Query.php(159): CodeIgniter\Database\Query->compileBinds()
 4 SYSTEMPATH\Database\BaseConnection.php(607): CodeIgniter\Database\Query->getQuery()
 5 SYSTEMPATH\Database\BaseBuilder.php(2308): CodeIgniter\Database\BaseConnection->query('INSERT INTO `registro_turno` (`horaEntrada`, `HoraSaida`, `TotalTurno`, `HorasDiurnas`, `HorasNoturnas`) VALUES (:horaEntrada:, :HoraSaida:, :TotalTurno:, :HorasDiurnas:, :HorasNoturnas:)', [...], false)
 6 SYSTEMPATH\Model.php(319): CodeIgniter\Database\BaseBuilder->insert()
 7 SYSTEMPATH\BaseModel.php(788): CodeIgniter\Model->doInsert([...])
 8 SYSTEMPATH\Model.php(715): CodeIgniter\BaseModel->insert([...], false)
 9 SYSTEMPATH\BaseModel.php(698): CodeIgniter\Model->insert([...], false)
10 APPPATH\Controllers\Horatrabalhada.php(72): CodeIgniter\BaseModel->save([...])
11 SYSTEMPATH\CodeIgniter.php(942): App\Controllers\HoraTrabalhada->save_registro('23:59:00', '08:02:00')
12 SYSTEMPATH\CodeIgniter.php(502): CodeIgniter\CodeIgniter->runController(Object(App\Controllers\HoraTrabalhada))
13 SYSTEMPATH\CodeIgniter.php(361): CodeIgniter\CodeIgniter->handleRequest(null, Object(Config\Cache), false)
14 FCPATH\index.php(79): CodeIgniter\CodeIgniter->run()
CRITICAL - 2023-12-09 19:40:18 --> Object of class DateInterval could not be converted to string
in SYSTEMPATH\Database\Query.php on line 333.
 1 SYSTEMPATH\Database\Query.php(333): strtr('INSERT INTO `registro_turno` (`horaEntrada`, `HoraSaida`, `TotalTurno`, `HorasDiurnas`, `HorasNoturnas`) VALUES (:horaEntrada:, :HoraSaida:, :TotalTurno:, :HorasDiurnas:, :HorasNoturnas:)', [...])
 2 SYSTEMPATH\Database\Query.php(308): CodeIgniter\Database\Query->matchNamedBinds('INSERT INTO `registro_turno` (`horaEntrada`, `HoraSaida`, `TotalTurno`, `HorasDiurnas`, `HorasNoturnas`) VALUES (:horaEntrada:, :HoraSaida:, :TotalTurno:, :HorasDiurnas:, :HorasNoturnas:)', [...])
 3 SYSTEMPATH\Database\Query.php(159): CodeIgniter\Database\Query->compileBinds()
 4 SYSTEMPATH\Database\BaseConnection.php(607): CodeIgniter\Database\Query->getQuery()
 5 SYSTEMPATH\Database\BaseBuilder.php(2308): CodeIgniter\Database\BaseConnection->query('INSERT INTO `registro_turno` (`horaEntrada`, `HoraSaida`, `TotalTurno`, `HorasDiurnas`, `HorasNoturnas`) VALUES (:horaEntrada:, :HoraSaida:, :TotalTurno:, :HorasDiurnas:, :HorasNoturnas:)', [...], false)
 6 SYSTEMPATH\Model.php(319): CodeIgniter\Database\BaseBuilder->insert()
 7 SYSTEMPATH\BaseModel.php(788): CodeIgniter\Model->doInsert([...])
 8 SYSTEMPATH\Model.php(715): CodeIgniter\BaseModel->insert([...], false)
 9 SYSTEMPATH\BaseModel.php(698): CodeIgniter\Model->insert([...], false)
10 APPPATH\Controllers\Horatrabalhada.php(72): CodeIgniter\BaseModel->save([...])
11 SYSTEMPATH\CodeIgniter.php(942): App\Controllers\HoraTrabalhada->save_registro('23:59:00', '08:02:00')
12 SYSTEMPATH\CodeIgniter.php(502): CodeIgniter\CodeIgniter->runController(Object(App\Controllers\HoraTrabalhada))
13 SYSTEMPATH\CodeIgniter.php(361): CodeIgniter\CodeIgniter->handleRequest(null, Object(Config\Cache), false)
14 FCPATH\index.php(79): CodeIgniter\CodeIgniter->run()
CRITICAL - 2023-12-09 19:40:44 --> Call to undefined method DateInterval::toDateTimeString()
in APPPATH\Controllers\Horatrabalhada.php on line 159.
 1 APPPATH\Controllers\Horatrabalhada.php(67): App\Controllers\HoraTrabalhada->analisaHora(Object(CodeIgniter\I18n\Time), Object(CodeIgniter\I18n\Time))
 2 SYSTEMPATH\CodeIgniter.php(942): App\Controllers\HoraTrabalhada->save_registro('23:59:00', '08:02:00')
 3 SYSTEMPATH\CodeIgniter.php(502): CodeIgniter\CodeIgniter->runController(Object(App\Controllers\HoraTrabalhada))
 4 SYSTEMPATH\CodeIgniter.php(361): CodeIgniter\CodeIgniter->handleRequest(null, Object(Config\Cache), false)
 5 FCPATH\index.php(79): CodeIgniter\CodeIgniter->run()
CRITICAL - 2023-12-09 19:47:13 --> Too few arguments to function App\Controllers\HoraTrabalhada::analisaHora(), 1 passed in C:\xampp\htdocs\horasTurno\app\Controllers\Horatrabalhada.php on line 35 and exactly 2 expected
in APPPATH\Controllers\Horatrabalhada.php on line 113.
 1 APPPATH\Controllers\Horatrabalhada.php(35): App\Controllers\HoraTrabalhada->analisaHora('2023-12-09 23:59:002023-12-09 08:02:00')
 2 SYSTEMPATH\CodeIgniter.php(942): App\Controllers\HoraTrabalhada->pegaHora()
 3 SYSTEMPATH\CodeIgniter.php(502): CodeIgniter\CodeIgniter->runController(Object(App\Controllers\HoraTrabalhada))
 4 SYSTEMPATH\CodeIgniter.php(361): CodeIgniter\CodeIgniter->handleRequest(null, Object(Config\Cache), false)
 5 FCPATH\index.php(79): CodeIgniter\CodeIgniter->run()
CRITICAL - 2023-12-09 19:47:30 --> Undefined array key "diferencaMinuros"
in APPPATH\Controllers\Horatrabalhada.php on line 38.
 1 APPPATH\Controllers\Horatrabalhada.php(38): CodeIgniter\Debug\Exceptions->errorHandler(2, 'Undefined array key "diferencaMinuros"', 'C:\\xampp\\htdocs\\horasTurno\\app\\Controllers\\Horatrabalhada.php', 38)
 2 SYSTEMPATH\CodeIgniter.php(942): App\Controllers\HoraTrabalhada->pegaHora()
 3 SYSTEMPATH\CodeIgniter.php(502): CodeIgniter\CodeIgniter->runController(Object(App\Controllers\HoraTrabalhada))
 4 SYSTEMPATH\CodeIgniter.php(361): CodeIgniter\CodeIgniter->handleRequest(null, Object(Config\Cache), false)
 5 FCPATH\index.php(79): CodeIgniter\CodeIgniter->run()
CRITICAL - 2023-12-09 20:13:03 --> Undefined variable $resultadoView
in APPPATH\Views\output_hora.php on line 9.
 1 APPPATH\Views\output_hora.php(9): CodeIgniter\Debug\Exceptions->errorHandler(2, 'Undefined variable $resultadoView', 'C:\\xampp\\htdocs\\horasTurno\\app\\Views\\output_hora.php', 9)
 2 SYSTEMPATH\View\View.php(228): include('C:\\xampp\\htdocs\\horasTurno\\app\\Views\\output_hora.php')
 3 SYSTEMPATH\View\View.php(231): CodeIgniter\View\View->CodeIgniter\View\{closure}()
 4 SYSTEMPATH\Common.php(1190): CodeIgniter\View\View->render('output_hora', [], true)
 5 APPPATH\Controllers\Horatrabalhada.php(44): view('output_hora', [...])
 6 SYSTEMPATH\CodeIgniter.php(942): App\Controllers\HoraTrabalhada->pegaHora()
 7 SYSTEMPATH\CodeIgniter.php(502): CodeIgniter\CodeIgniter->runController(Object(App\Controllers\HoraTrabalhada))
 8 SYSTEMPATH\CodeIgniter.php(361): CodeIgniter\CodeIgniter->handleRequest(null, Object(Config\Cache), false)
 9 FCPATH\index.php(79): CodeIgniter\CodeIgniter->run()
CRITICAL - 2023-12-09 20:13:12 --> Undefined variable $resultadoView
in APPPATH\Views\output_hora.php on line 9.
 1 APPPATH\Views\output_hora.php(9): CodeIgniter\Debug\Exceptions->errorHandler(2, 'Undefined variable $resultadoView', 'C:\\xampp\\htdocs\\horasTurno\\app\\Views\\output_hora.php', 9)
 2 SYSTEMPATH\View\View.php(228): include('C:\\xampp\\htdocs\\horasTurno\\app\\Views\\output_hora.php')
 3 SYSTEMPATH\View\View.php(231): CodeIgniter\View\View->CodeIgniter\View\{closure}()
 4 SYSTEMPATH\Common.php(1190): CodeIgniter\View\View->render('output_hora', [], true)
 5 APPPATH\Controllers\Horatrabalhada.php(44): view('output_hora', [...])
 6 SYSTEMPATH\CodeIgniter.php(942): App\Controllers\HoraTrabalhada->pegaHora()
 7 SYSTEMPATH\CodeIgniter.php(502): CodeIgniter\CodeIgniter->runController(Object(App\Controllers\HoraTrabalhada))
 8 SYSTEMPATH\CodeIgniter.php(361): CodeIgniter\CodeIgniter->handleRequest(null, Object(Config\Cache), false)
 9 FCPATH\index.php(79): CodeIgniter\CodeIgniter->run()
CRITICAL - 2023-12-09 20:14:30 --> syntax error, unexpected single-quoted string "registros", expecting "]"
in APPPATH\Controllers\Horatrabalhada.php on line 39.
 1 SYSTEMPATH\Router\Router.php(514): CodeIgniter\Router\AutoRouter->getRoute('horaTrabalhada/pegaHora', 'post')
 2 SYSTEMPATH\Router\Router.php(210): CodeIgniter\Router\Router->autoRoute('horaTrabalhada/pegaHora')
 3 SYSTEMPATH\CodeIgniter.php(823): CodeIgniter\Router\Router->handle('horaTrabalhada/pegaHora')
 4 SYSTEMPATH\CodeIgniter.php(450): CodeIgniter\CodeIgniter->tryToRouteIt(Object(CodeIgniter\Router\RouteCollection))
 5 SYSTEMPATH\CodeIgniter.php(361): CodeIgniter\CodeIgniter->handleRequest(null, Object(Config\Cache), false)
 6 FCPATH\index.php(79): CodeIgniter\CodeIgniter->run()
CRITICAL - 2023-12-09 20:14:45 --> Undefined variable $resultadoView
in APPPATH\Views\output_hora.php on line 9.
 1 APPPATH\Views\output_hora.php(9): CodeIgniter\Debug\Exceptions->errorHandler(2, 'Undefined variable $resultadoView', 'C:\\xampp\\htdocs\\horasTurno\\app\\Views\\output_hora.php', 9)
 2 SYSTEMPATH\View\View.php(228): include('C:\\xampp\\htdocs\\horasTurno\\app\\Views\\output_hora.php')
 3 SYSTEMPATH\View\View.php(231): CodeIgniter\View\View->CodeIgniter\View\{closure}()
 4 SYSTEMPATH\Common.php(1190): CodeIgniter\View\View->render('output_hora', [], true)
 5 APPPATH\Controllers\Horatrabalhada.php(44): view('output_hora', [...])
 6 SYSTEMPATH\CodeIgniter.php(942): App\Controllers\HoraTrabalhada->pegaHora()
 7 SYSTEMPATH\CodeIgniter.php(502): CodeIgniter\CodeIgniter->runController(Object(App\Controllers\HoraTrabalhada))
 8 SYSTEMPATH\CodeIgniter.php(361): CodeIgniter\CodeIgniter->handleRequest(null, Object(Config\Cache), false)
 9 FCPATH\index.php(79): CodeIgniter\CodeIgniter->run()
CRITICAL - 2023-12-09 20:35:46 --> syntax error, unexpected variable "$hora"
in APPPATH\Controllers\Horatrabalhada.php on line 131.
 1 SYSTEMPATH\Router\Router.php(514): CodeIgniter\Router\AutoRouter->getRoute('horaTrabalhada/pegaHora', 'post')
 2 SYSTEMPATH\Router\Router.php(210): CodeIgniter\Router\Router->autoRoute('horaTrabalhada/pegaHora')
 3 SYSTEMPATH\CodeIgniter.php(823): CodeIgniter\Router\Router->handle('horaTrabalhada/pegaHora')
 4 SYSTEMPATH\CodeIgniter.php(450): CodeIgniter\CodeIgniter->tryToRouteIt(Object(CodeIgniter\Router\RouteCollection))
 5 SYSTEMPATH\CodeIgniter.php(361): CodeIgniter\CodeIgniter->handleRequest(null, Object(Config\Cache), false)
 6 FCPATH\index.php(79): CodeIgniter\CodeIgniter->run()
CRITICAL - 2023-12-09 20:46:11 --> Call to a member function getMinutes() on int
in APPPATH\Controllers\Horatrabalhada.php on line 127.
 1 APPPATH\Controllers\Horatrabalhada.php(35): App\Controllers\HoraTrabalhada->analisaHora(Object(CodeIgniter\I18n\Time), Object(CodeIgniter\I18n\Time))
 2 SYSTEMPATH\CodeIgniter.php(942): App\Controllers\HoraTrabalhada->pegaHora()
 3 SYSTEMPATH\CodeIgniter.php(502): CodeIgniter\CodeIgniter->runController(Object(App\Controllers\HoraTrabalhada))
 4 SYSTEMPATH\CodeIgniter.php(361): CodeIgniter\CodeIgniter->handleRequest(null, Object(Config\Cache), false)
 5 FCPATH\index.php(79): CodeIgniter\CodeIgniter->run()
CRITICAL - 2023-12-09 20:52:25 --> Unclosed '{' on line 10
in APPPATH\Controllers\Horatrabalhada.php on line 196.
 1 SYSTEMPATH\Router\Router.php(514): CodeIgniter\Router\AutoRouter->getRoute('horaTrabalhada/pegaHora', 'post')
 2 SYSTEMPATH\Router\Router.php(210): CodeIgniter\Router\Router->autoRoute('horaTrabalhada/pegaHora')
 3 SYSTEMPATH\CodeIgniter.php(823): CodeIgniter\Router\Router->handle('horaTrabalhada/pegaHora')
 4 SYSTEMPATH\CodeIgniter.php(450): CodeIgniter\CodeIgniter->tryToRouteIt(Object(CodeIgniter\Router\RouteCollection))
 5 SYSTEMPATH\CodeIgniter.php(361): CodeIgniter\CodeIgniter->handleRequest(null, Object(Config\Cache), false)
 6 FCPATH\index.php(79): CodeIgniter\CodeIgniter->run()
CRITICAL - 2023-12-09 20:52:49 --> Unclosed '{' on line 113
in APPPATH\Controllers\Horatrabalhada.php on line 194.
 1 SYSTEMPATH\Router\Router.php(514): CodeIgniter\Router\AutoRouter->getRoute('horaTrabalhada/pegaHora', 'post')
 2 SYSTEMPATH\Router\Router.php(210): CodeIgniter\Router\Router->autoRoute('horaTrabalhada/pegaHora')
 3 SYSTEMPATH\CodeIgniter.php(823): CodeIgniter\Router\Router->handle('horaTrabalhada/pegaHora')
 4 SYSTEMPATH\CodeIgniter.php(450): CodeIgniter\CodeIgniter->tryToRouteIt(Object(CodeIgniter\Router\RouteCollection))
 5 SYSTEMPATH\CodeIgniter.php(361): CodeIgniter\CodeIgniter->handleRequest(null, Object(Config\Cache), false)
 6 FCPATH\index.php(79): CodeIgniter\CodeIgniter->run()
CRITICAL - 2023-12-09 20:53:05 --> Unclosed '{' on line 10
in APPPATH\Controllers\Horatrabalhada.php on line 194.
 1 SYSTEMPATH\Router\Router.php(514): CodeIgniter\Router\AutoRouter->getRoute('horaTrabalhada/pegaHora', 'post')
 2 SYSTEMPATH\Router\Router.php(210): CodeIgniter\Router\Router->autoRoute('horaTrabalhada/pegaHora')
 3 SYSTEMPATH\CodeIgniter.php(823): CodeIgniter\Router\Router->handle('horaTrabalhada/pegaHora')
 4 SYSTEMPATH\CodeIgniter.php(450): CodeIgniter\CodeIgniter->tryToRouteIt(Object(CodeIgniter\Router\RouteCollection))
 5 SYSTEMPATH\CodeIgniter.php(361): CodeIgniter\CodeIgniter->handleRequest(null, Object(Config\Cache), false)
 6 FCPATH\index.php(79): CodeIgniter\CodeIgniter->run()
CRITICAL - 2023-12-09 20:55:21 --> syntax error, unexpected variable "$horaAtual"
in APPPATH\Controllers\Horatrabalhada.php on line 151.
 1 SYSTEMPATH\Router\Router.php(514): CodeIgniter\Router\AutoRouter->getRoute('horaTrabalhada/pegaHora', 'post')
 2 SYSTEMPATH\Router\Router.php(210): CodeIgniter\Router\Router->autoRoute('horaTrabalhada/pegaHora')
 3 SYSTEMPATH\CodeIgniter.php(823): CodeIgniter\Router\Router->handle('horaTrabalhada/pegaHora')
 4 SYSTEMPATH\CodeIgniter.php(450): CodeIgniter\CodeIgniter->tryToRouteIt(Object(CodeIgniter\Router\RouteCollection))
 5 SYSTEMPATH\CodeIgniter.php(361): CodeIgniter\CodeIgniter->handleRequest(null, Object(Config\Cache), false)
 6 FCPATH\index.php(79): CodeIgniter\CodeIgniter->run()
CRITICAL - 2023-12-09 21:02:27 --> Unmatched '}'
in APPPATH\Controllers\Horatrabalhada.php on line 174.
 1 SYSTEMPATH\Router\Router.php(514): CodeIgniter\Router\AutoRouter->getRoute('horaTrabalhada/pegaHora', 'post')
 2 SYSTEMPATH\Router\Router.php(210): CodeIgniter\Router\Router->autoRoute('horaTrabalhada/pegaHora')
 3 SYSTEMPATH\CodeIgniter.php(823): CodeIgniter\Router\Router->handle('horaTrabalhada/pegaHora')
 4 SYSTEMPATH\CodeIgniter.php(450): CodeIgniter\CodeIgniter->tryToRouteIt(Object(CodeIgniter\Router\RouteCollection))
 5 SYSTEMPATH\CodeIgniter.php(361): CodeIgniter\CodeIgniter->handleRequest(null, Object(Config\Cache), false)
 6 FCPATH\index.php(79): CodeIgniter\CodeIgniter->run()
CRITICAL - 2023-12-09 21:04:16 --> Undefined variable $horaAtual
in APPPATH\Controllers\Horatrabalhada.php on line 144.
 1 APPPATH\Controllers\Horatrabalhada.php(144): CodeIgniter\Debug\Exceptions->errorHandler(2, 'Undefined variable $horaAtual', 'C:\\xampp\\htdocs\\horasTurno\\app\\Controllers\\Horatrabalhada.php', 144)
 2 APPPATH\Controllers\Horatrabalhada.php(35): App\Controllers\HoraTrabalhada->analisaHora(Object(CodeIgniter\I18n\Time), Object(CodeIgniter\I18n\Time))
 3 SYSTEMPATH\CodeIgniter.php(942): App\Controllers\HoraTrabalhada->pegaHora()
 4 SYSTEMPATH\CodeIgniter.php(502): CodeIgniter\CodeIgniter->runController(Object(App\Controllers\HoraTrabalhada))
 5 SYSTEMPATH\CodeIgniter.php(361): CodeIgniter\CodeIgniter->handleRequest(null, Object(Config\Cache), false)
 6 FCPATH\index.php(79): CodeIgniter\CodeIgniter->run()
CRITICAL - 2023-12-09 21:05:54 --> Call to a member function getHour() on string
in APPPATH\Controllers\Horatrabalhada.php on line 144.
 1 APPPATH\Controllers\Horatrabalhada.php(35): App\Controllers\HoraTrabalhada->analisaHora(Object(CodeIgniter\I18n\Time), Object(CodeIgniter\I18n\Time))
 2 SYSTEMPATH\CodeIgniter.php(942): App\Controllers\HoraTrabalhada->pegaHora()
 3 SYSTEMPATH\CodeIgniter.php(502): CodeIgniter\CodeIgniter->runController(Object(App\Controllers\HoraTrabalhada))
 4 SYSTEMPATH\CodeIgniter.php(361): CodeIgniter\CodeIgniter->handleRequest(null, Object(Config\Cache), false)
 5 FCPATH\index.php(79): CodeIgniter\CodeIgniter->run()
CRITICAL - 2023-12-09 21:10:50 --> syntax error, unexpected token "return"
in APPPATH\Controllers\Horatrabalhada.php on line 162.
 1 SYSTEMPATH\Router\Router.php(514): CodeIgniter\Router\AutoRouter->getRoute('horaTrabalhada/pegaHora', 'post')
 2 SYSTEMPATH\Router\Router.php(210): CodeIgniter\Router\Router->autoRoute('horaTrabalhada/pegaHora')
 3 SYSTEMPATH\CodeIgniter.php(823): CodeIgniter\Router\Router->handle('horaTrabalhada/pegaHora')
 4 SYSTEMPATH\CodeIgniter.php(450): CodeIgniter\CodeIgniter->tryToRouteIt(Object(CodeIgniter\Router\RouteCollection))
 5 SYSTEMPATH\CodeIgniter.php(361): CodeIgniter\CodeIgniter->handleRequest(null, Object(Config\Cache), false)
 6 FCPATH\index.php(79): CodeIgniter\CodeIgniter->run()
CRITICAL - 2023-12-09 21:11:05 --> Undefined variable $diferencaMinutos
in APPPATH\Controllers\Horatrabalhada.php on line 164.
 1 APPPATH\Controllers\Horatrabalhada.php(164): CodeIgniter\Debug\Exceptions->errorHandler(2, 'Undefined variable $diferencaMinutos', 'C:\\xampp\\htdocs\\horasTurno\\app\\Controllers\\Horatrabalhada.php', 164)
 2 APPPATH\Controllers\Horatrabalhada.php(35): App\Controllers\HoraTrabalhada->analisaHora(Object(CodeIgniter\I18n\Time), Object(CodeIgniter\I18n\Time))
 3 SYSTEMPATH\CodeIgniter.php(942): App\Controllers\HoraTrabalhada->pegaHora()
 4 SYSTEMPATH\CodeIgniter.php(502): CodeIgniter\CodeIgniter->runController(Object(App\Controllers\HoraTrabalhada))
 5 SYSTEMPATH\CodeIgniter.php(361): CodeIgniter\CodeIgniter->handleRequest(null, Object(Config\Cache), false)
 6 FCPATH\index.php(79): CodeIgniter\CodeIgniter->run()
CRITICAL - 2023-12-09 21:11:19 --> Undefined variable $diferencaMinutos
in APPPATH\Controllers\Horatrabalhada.php on line 133.
 1 APPPATH\Controllers\Horatrabalhada.php(133): CodeIgniter\Debug\Exceptions->errorHandler(2, 'Undefined variable $diferencaMinutos', 'C:\\xampp\\htdocs\\horasTurno\\app\\Controllers\\Horatrabalhada.php', 133)
 2 APPPATH\Controllers\Horatrabalhada.php(35): App\Controllers\HoraTrabalhada->analisaHora(Object(CodeIgniter\I18n\Time), Object(CodeIgniter\I18n\Time))
 3 SYSTEMPATH\CodeIgniter.php(942): App\Controllers\HoraTrabalhada->pegaHora()
 4 SYSTEMPATH\CodeIgniter.php(502): CodeIgniter\CodeIgniter->runController(Object(App\Controllers\HoraTrabalhada))
 5 SYSTEMPATH\CodeIgniter.php(361): CodeIgniter\CodeIgniter->handleRequest(null, Object(Config\Cache), false)
 6 FCPATH\index.php(79): CodeIgniter\CodeIgniter->run()
CRITICAL - 2023-12-09 21:11:51 --> Undefined variable $diferencaMinutos
in APPPATH\Controllers\Horatrabalhada.php on line 133.
 1 APPPATH\Controllers\Horatrabalhada.php(133): CodeIgniter\Debug\Exceptions->errorHandler(2, 'Undefined variable $diferencaMinutos', 'C:\\xampp\\htdocs\\horasTurno\\app\\Controllers\\Horatrabalhada.php', 133)
 2 APPPATH\Controllers\Horatrabalhada.php(35): App\Controllers\HoraTrabalhada->analisaHora(Object(CodeIgniter\I18n\Time), Object(CodeIgniter\I18n\Time))
 3 SYSTEMPATH\CodeIgniter.php(942): App\Controllers\HoraTrabalhada->pegaHora()
 4 SYSTEMPATH\CodeIgniter.php(502): CodeIgniter\CodeIgniter->runController(Object(App\Controllers\HoraTrabalhada))
 5 SYSTEMPATH\CodeIgniter.php(361): CodeIgniter\CodeIgniter->handleRequest(null, Object(Config\Cache), false)
 6 FCPATH\index.php(79): CodeIgniter\CodeIgniter->run()
CRITICAL - 2023-12-09 21:27:58 --> Call to undefined method DateInterval::getMinutes()
in APPPATH\Controllers\Horatrabalhada.php on line 126.
 1 APPPATH\Controllers\Horatrabalhada.php(35): App\Controllers\HoraTrabalhada->analisaHora(Object(CodeIgniter\I18n\Time), Object(CodeIgniter\I18n\Time))
 2 SYSTEMPATH\CodeIgniter.php(942): App\Controllers\HoraTrabalhada->pegaHora()
 3 SYSTEMPATH\CodeIgniter.php(502): CodeIgniter\CodeIgniter->runController(Object(App\Controllers\HoraTrabalhada))
 4 SYSTEMPATH\CodeIgniter.php(361): CodeIgniter\CodeIgniter->handleRequest(null, Object(Config\Cache), false)
 5 FCPATH\index.php(79): CodeIgniter\CodeIgniter->run()
CRITICAL - 2023-12-09 21:42:45 --> Undefined variable $inicioNoturno
in APPPATH\Controllers\Horatrabalhada.php on line 149.
 1 APPPATH\Controllers\Horatrabalhada.php(149): CodeIgniter\Debug\Exceptions->errorHandler(2, 'Undefined variable $inicioNoturno', 'C:\\xampp\\htdocs\\horasTurno\\app\\Controllers\\Horatrabalhada.php', 149)
 2 APPPATH\Controllers\Horatrabalhada.php(35): App\Controllers\HoraTrabalhada->analisaHora(Object(CodeIgniter\I18n\Time), Object(CodeIgniter\I18n\Time))
 3 SYSTEMPATH\CodeIgniter.php(942): App\Controllers\HoraTrabalhada->pegaHora()
 4 SYSTEMPATH\CodeIgniter.php(502): CodeIgniter\CodeIgniter->runController(Object(App\Controllers\HoraTrabalhada))
 5 SYSTEMPATH\CodeIgniter.php(361): CodeIgniter\CodeIgniter->handleRequest(null, Object(Config\Cache), false)
 6 FCPATH\index.php(79): CodeIgniter\CodeIgniter->run()
CRITICAL - 2023-12-09 21:44:32 --> Undefined variable $inicioNoturno
in APPPATH\Controllers\Horatrabalhada.php on line 136.
 1 APPPATH\Controllers\Horatrabalhada.php(136): CodeIgniter\Debug\Exceptions->errorHandler(2, 'Undefined variable $inicioNoturno', 'C:\\xampp\\htdocs\\horasTurno\\app\\Controllers\\Horatrabalhada.php', 136)
 2 APPPATH\Controllers\Horatrabalhada.php(35): App\Controllers\HoraTrabalhada->analisaHora(Object(CodeIgniter\I18n\Time), Object(CodeIgniter\I18n\Time))
 3 SYSTEMPATH\CodeIgniter.php(942): App\Controllers\HoraTrabalhada->pegaHora()
 4 SYSTEMPATH\CodeIgniter.php(502): CodeIgniter\CodeIgniter->runController(Object(App\Controllers\HoraTrabalhada))
 5 SYSTEMPATH\CodeIgniter.php(361): CodeIgniter\CodeIgniter->handleRequest(null, Object(Config\Cache), false)
 6 FCPATH\index.php(79): CodeIgniter\CodeIgniter->run()
CRITICAL - 2023-12-09 21:45:31 --> syntax error, unexpected integer "5"
in APPPATH\Controllers\Horatrabalhada.php on line 131.
 1 SYSTEMPATH\Router\Router.php(514): CodeIgniter\Router\AutoRouter->getRoute('horaTrabalhada/pegaHora', 'post')
 2 SYSTEMPATH\Router\Router.php(210): CodeIgniter\Router\Router->autoRoute('horaTrabalhada/pegaHora')
 3 SYSTEMPATH\CodeIgniter.php(823): CodeIgniter\Router\Router->handle('horaTrabalhada/pegaHora')
 4 SYSTEMPATH\CodeIgniter.php(450): CodeIgniter\CodeIgniter->tryToRouteIt(Object(CodeIgniter\Router\RouteCollection))
 5 SYSTEMPATH\CodeIgniter.php(361): CodeIgniter\CodeIgniter->handleRequest(null, Object(Config\Cache), false)
 6 FCPATH\index.php(79): CodeIgniter\CodeIgniter->run()
