CRITICAL - 2023-12-06 12:32:18 --> syntax error, unexpected token "=>", expecting "]"
in APPPATH\Controllers\Horatrabalhada.php on line 77.
 1 SYSTEMPATH\Router\Router.php(514): CodeIgniter\Router\AutoRouter->getRoute('horaTrabalhada/pegaHora', 'post')
 2 SYSTEMPATH\Router\Router.php(210): CodeIgniter\Router\Router->autoRoute('horaTrabalhada/pegaHora')
 3 SYSTEMPATH\CodeIgniter.php(823): CodeIgniter\Router\Router->handle('horaTrabalhada/pegaHora')
 4 SYSTEMPATH\CodeIgniter.php(450): CodeIgniter\CodeIgniter->tryToRouteIt(Object(CodeIgniter\Router\RouteCollection))
 5 SYSTEMPATH\CodeIgniter.php(361): CodeIgniter\CodeIgniter->handleRequest(null, Object(Config\Cache), false)
 6 FCPATH\index.php(79): CodeIgniter\CodeIgniter->run()
CRITICAL - 2023-12-06 12:35:13 --> Undefined variable $resultado
in APPPATH\Controllers\Horatrabalhada.php on line 31.
 1 APPPATH\Controllers\Horatrabalhada.php(31): CodeIgniter\Debug\Exceptions->errorHandler(2, 'Undefined variable $resultado', 'C:\\xampp\\htdocs\\horasTurno\\app\\Controllers\\Horatrabalhada.php', 31)
 2 SYSTEMPATH\CodeIgniter.php(942): App\Controllers\HoraTrabalhada->pegaHora()
 3 SYSTEMPATH\CodeIgniter.php(502): CodeIgniter\CodeIgniter->runController(Object(App\Controllers\HoraTrabalhada))
 4 SYSTEMPATH\CodeIgniter.php(361): CodeIgniter\CodeIgniter->handleRequest(null, Object(Config\Cache), false)
 5 FCPATH\index.php(79): CodeIgniter\CodeIgniter->run()
CRITICAL - 2023-12-06 12:39:25 --> syntax error, unexpected token "echo"
in APPPATH\Views\output_hora.php on line 21.
 1 SYSTEMPATH\View\View.php(231): CodeIgniter\View\View->CodeIgniter\View\{closure}()
 2 SYSTEMPATH\Common.php(1190): CodeIgniter\View\View->render('output_hora', [], true)
 3 APPPATH\Controllers\Horatrabalhada.php(39): view('output_hora', [...])
 4 SYSTEMPATH\CodeIgniter.php(942): App\Controllers\HoraTrabalhada->pegaHora()
 5 SYSTEMPATH\CodeIgniter.php(502): CodeIgniter\CodeIgniter->runController(Object(App\Controllers\HoraTrabalhada))
 6 SYSTEMPATH\CodeIgniter.php(361): CodeIgniter\CodeIgniter->handleRequest(null, Object(Config\Cache), false)
 7 FCPATH\index.php(79): CodeIgniter\CodeIgniter->run()
CRITICAL - 2023-12-06 12:47:36 --> syntax error, unexpected token ";"
in APPPATH\Views\output_hora.php on line 23.
 1 SYSTEMPATH\View\View.php(231): CodeIgniter\View\View->CodeIgniter\View\{closure}()
 2 SYSTEMPATH\Common.php(1190): CodeIgniter\View\View->render('output_hora', [], true)
 3 APPPATH\Controllers\Horatrabalhada.php(39): view('output_hora', [...])
 4 SYSTEMPATH\CodeIgniter.php(942): App\Controllers\HoraTrabalhada->pegaHora()
 5 SYSTEMPATH\CodeIgniter.php(502): CodeIgniter\CodeIgniter->runController(Object(App\Controllers\HoraTrabalhada))
 6 SYSTEMPATH\CodeIgniter.php(361): CodeIgniter\CodeIgniter->handleRequest(null, Object(Config\Cache), false)
 7 FCPATH\index.php(79): CodeIgniter\CodeIgniter->run()
CRITICAL - 2023-12-06 12:49:34 --> syntax error, unexpected token ";"
in APPPATH\Views\output_hora.php on line 23.
 1 SYSTEMPATH\View\View.php(231): CodeIgniter\View\View->CodeIgniter\View\{closure}()
 2 SYSTEMPATH\Common.php(1190): CodeIgniter\View\View->render('output_hora', [], true)
 3 APPPATH\Controllers\Horatrabalhada.php(39): view('output_hora', [...])
 4 SYSTEMPATH\CodeIgniter.php(942): App\Controllers\HoraTrabalhada->pegaHora()
 5 SYSTEMPATH\CodeIgniter.php(502): CodeIgniter\CodeIgniter->runController(Object(App\Controllers\HoraTrabalhada))
 6 SYSTEMPATH\CodeIgniter.php(361): CodeIgniter\CodeIgniter->handleRequest(null, Object(Config\Cache), false)
 7 FCPATH\index.php(79): CodeIgniter\CodeIgniter->run()
CRITICAL - 2023-12-06 12:50:30 --> syntax error, unexpected token ";"
in APPPATH\Views\output_hora.php on line 23.
 1 SYSTEMPATH\View\View.php(231): CodeIgniter\View\View->CodeIgniter\View\{closure}()
 2 SYSTEMPATH\Common.php(1190): CodeIgniter\View\View->render('output_hora', [], true)
 3 APPPATH\Controllers\Horatrabalhada.php(39): view('output_hora', [...])
 4 SYSTEMPATH\CodeIgniter.php(942): App\Controllers\HoraTrabalhada->pegaHora()
 5 SYSTEMPATH\CodeIgniter.php(502): CodeIgniter\CodeIgniter->runController(Object(App\Controllers\HoraTrabalhada))
 6 SYSTEMPATH\CodeIgniter.php(361): CodeIgniter\CodeIgniter->handleRequest(null, Object(Config\Cache), false)
 7 FCPATH\index.php(79): CodeIgniter\CodeIgniter->run()
CRITICAL - 2023-12-06 12:50:54 --> Allowed memory size of 536870912 bytes exhausted (tried to allocate 266354688 bytes)
in APPPATH\Views\output_hora.php on line 24.
 1 [internal function]: CodeIgniter\Debug\Exceptions->shutdownHandler()
CRITICAL - 2023-12-06 12:58:57 --> Allowed memory size of 536870912 bytes exhausted (tried to allocate 266354688 bytes)
in APPPATH\Views\output_hora.php on line 24.
 1 [internal function]: CodeIgniter\Debug\Exceptions->shutdownHandler()
CRITICAL - 2023-12-06 12:59:16 --> Allowed memory size of 536870912 bytes exhausted (tried to allocate 266354688 bytes)
in APPPATH\Views\output_hora.php on line 24.
 1 [internal function]: CodeIgniter\Debug\Exceptions->shutdownHandler()
CRITICAL - 2023-12-06 12:59:18 --> Allowed memory size of 536870912 bytes exhausted (tried to allocate 266354688 bytes)
in APPPATH\Views\output_hora.php on line 24.
 1 [internal function]: CodeIgniter\Debug\Exceptions->shutdownHandler()
CRITICAL - 2023-12-06 13:00:56 --> syntax error, unexpected double-quoted string ":", expecting "," or ";"
in APPPATH\Views\output_hora.php on line 22.
 1 SYSTEMPATH\View\View.php(231): CodeIgniter\View\View->CodeIgniter\View\{closure}()
 2 SYSTEMPATH\Common.php(1190): CodeIgniter\View\View->render('output_hora', [], true)
 3 APPPATH\Controllers\Horatrabalhada.php(39): view('output_hora', [...])
 4 SYSTEMPATH\CodeIgniter.php(942): App\Controllers\HoraTrabalhada->pegaHora()
 5 SYSTEMPATH\CodeIgniter.php(502): CodeIgniter\CodeIgniter->runController(Object(App\Controllers\HoraTrabalhada))
 6 SYSTEMPATH\CodeIgniter.php(361): CodeIgniter\CodeIgniter->handleRequest(null, Object(Config\Cache), false)
 7 FCPATH\index.php(79): CodeIgniter\CodeIgniter->run()
CRITICAL - 2023-12-06 13:11:12 --> syntax error, unexpected token ";"
in APPPATH\Views\output_hora.php on line 23.
 1 SYSTEMPATH\View\View.php(231): CodeIgniter\View\View->CodeIgniter\View\{closure}()
 2 SYSTEMPATH\Common.php(1190): CodeIgniter\View\View->render('output_hora', [], true)
 3 APPPATH\Controllers\Horatrabalhada.php(39): view('output_hora', [...])
 4 SYSTEMPATH\CodeIgniter.php(942): App\Controllers\HoraTrabalhada->pegaHora()
 5 SYSTEMPATH\CodeIgniter.php(502): CodeIgniter\CodeIgniter->runController(Object(App\Controllers\HoraTrabalhada))
 6 SYSTEMPATH\CodeIgniter.php(361): CodeIgniter\CodeIgniter->handleRequest(null, Object(Config\Cache), false)
 7 FCPATH\index.php(79): CodeIgniter\CodeIgniter->run()
CRITICAL - 2023-12-06 13:11:38 --> syntax error, unexpected token "if"
in APPPATH\Views\output_hora.php on line 24.
 1 SYSTEMPATH\View\View.php(231): CodeIgniter\View\View->CodeIgniter\View\{closure}()
 2 SYSTEMPATH\Common.php(1190): CodeIgniter\View\View->render('output_hora', [], true)
 3 APPPATH\Controllers\Horatrabalhada.php(39): view('output_hora', [...])
 4 SYSTEMPATH\CodeIgniter.php(942): App\Controllers\HoraTrabalhada->pegaHora()
 5 SYSTEMPATH\CodeIgniter.php(502): CodeIgniter\CodeIgniter->runController(Object(App\Controllers\HoraTrabalhada))
 6 SYSTEMPATH\CodeIgniter.php(361): CodeIgniter\CodeIgniter->handleRequest(null, Object(Config\Cache), false)
 7 FCPATH\index.php(79): CodeIgniter\CodeIgniter->run()
CRITICAL - 2023-12-06 13:13:42 --> syntax error, unexpected variable "$horarioDiurno"
in APPPATH\Controllers\Horatrabalhada.php on line 87.
 1 SYSTEMPATH\Router\Router.php(514): CodeIgniter\Router\AutoRouter->getRoute('horaTrabalhada/pegaHora', 'post')
 2 SYSTEMPATH\Router\Router.php(210): CodeIgniter\Router\Router->autoRoute('horaTrabalhada/pegaHora')
 3 SYSTEMPATH\CodeIgniter.php(823): CodeIgniter\Router\Router->handle('horaTrabalhada/pegaHora')
 4 SYSTEMPATH\CodeIgniter.php(450): CodeIgniter\CodeIgniter->tryToRouteIt(Object(CodeIgniter\Router\RouteCollection))
 5 SYSTEMPATH\CodeIgniter.php(361): CodeIgniter\CodeIgniter->handleRequest(null, Object(Config\Cache), false)
 6 FCPATH\index.php(79): CodeIgniter\CodeIgniter->run()
CRITICAL - 2023-12-06 13:13:59 --> syntax error, unexpected variable "$horarioDiurno"
in APPPATH\Controllers\Horatrabalhada.php on line 87.
 1 SYSTEMPATH\Router\Router.php(514): CodeIgniter\Router\AutoRouter->getRoute('horaTrabalhada/pegaHora', 'post')
 2 SYSTEMPATH\Router\Router.php(210): CodeIgniter\Router\Router->autoRoute('horaTrabalhada/pegaHora')
 3 SYSTEMPATH\CodeIgniter.php(823): CodeIgniter\Router\Router->handle('horaTrabalhada/pegaHora')
 4 SYSTEMPATH\CodeIgniter.php(450): CodeIgniter\CodeIgniter->tryToRouteIt(Object(CodeIgniter\Router\RouteCollection))
 5 SYSTEMPATH\CodeIgniter.php(361): CodeIgniter\CodeIgniter->handleRequest(null, Object(Config\Cache), false)
 6 FCPATH\index.php(79): CodeIgniter\CodeIgniter->run()
CRITICAL - 2023-12-06 13:14:22 --> syntax error, unexpected variable "$horarioDiurno"
in APPPATH\Controllers\Horatrabalhada.php on line 87.
 1 SYSTEMPATH\Router\Router.php(514): CodeIgniter\Router\AutoRouter->getRoute('horaTrabalhada/pegaHora', 'post')
 2 SYSTEMPATH\Router\Router.php(210): CodeIgniter\Router\Router->autoRoute('horaTrabalhada/pegaHora')
 3 SYSTEMPATH\CodeIgniter.php(823): CodeIgniter\Router\Router->handle('horaTrabalhada/pegaHora')
 4 SYSTEMPATH\CodeIgniter.php(450): CodeIgniter\CodeIgniter->tryToRouteIt(Object(CodeIgniter\Router\RouteCollection))
 5 SYSTEMPATH\CodeIgniter.php(361): CodeIgniter\CodeIgniter->handleRequest(null, Object(Config\Cache), false)
 6 FCPATH\index.php(79): CodeIgniter\CodeIgniter->run()
CRITICAL - 2023-12-06 13:14:56 --> syntax error, unexpected token "}", expecting ";"
in APPPATH\Controllers\Horatrabalhada.php on line 94.
 1 SYSTEMPATH\Router\Router.php(514): CodeIgniter\Router\AutoRouter->getRoute('horaTrabalhada/pegaHora', 'post')
 2 SYSTEMPATH\Router\Router.php(210): CodeIgniter\Router\Router->autoRoute('horaTrabalhada/pegaHora')
 3 SYSTEMPATH\CodeIgniter.php(823): CodeIgniter\Router\Router->handle('horaTrabalhada/pegaHora')
 4 SYSTEMPATH\CodeIgniter.php(450): CodeIgniter\CodeIgniter->tryToRouteIt(Object(CodeIgniter\Router\RouteCollection))
 5 SYSTEMPATH\CodeIgniter.php(361): CodeIgniter\CodeIgniter->handleRequest(null, Object(Config\Cache), false)
 6 FCPATH\index.php(79): CodeIgniter\CodeIgniter->run()
CRITICAL - 2023-12-06 13:16:14 --> syntax error, unexpected token "}", expecting ";"
in APPPATH\Controllers\Horatrabalhada.php on line 90.
 1 SYSTEMPATH\Router\Router.php(514): CodeIgniter\Router\AutoRouter->getRoute('horaTrabalhada/pegaHora', 'post')
 2 SYSTEMPATH\Router\Router.php(210): CodeIgniter\Router\Router->autoRoute('horaTrabalhada/pegaHora')
 3 SYSTEMPATH\CodeIgniter.php(823): CodeIgniter\Router\Router->handle('horaTrabalhada/pegaHora')
 4 SYSTEMPATH\CodeIgniter.php(450): CodeIgniter\CodeIgniter->tryToRouteIt(Object(CodeIgniter\Router\RouteCollection))
 5 SYSTEMPATH\CodeIgniter.php(361): CodeIgniter\CodeIgniter->handleRequest(null, Object(Config\Cache), false)
 6 FCPATH\index.php(79): CodeIgniter\CodeIgniter->run()
CRITICAL - 2023-12-06 13:16:28 --> syntax error, unexpected token "public", expecting end of file
in APPPATH\Views\output_hora.php on line 22.
 1 SYSTEMPATH\View\View.php(231): CodeIgniter\View\View->CodeIgniter\View\{closure}()
 2 SYSTEMPATH\Common.php(1190): CodeIgniter\View\View->render('output_hora', [], true)
 3 APPPATH\Controllers\Horatrabalhada.php(36): view('output_hora', [...])
 4 SYSTEMPATH\CodeIgniter.php(942): App\Controllers\HoraTrabalhada->pegaHora()
 5 SYSTEMPATH\CodeIgniter.php(502): CodeIgniter\CodeIgniter->runController(Object(App\Controllers\HoraTrabalhada))
 6 SYSTEMPATH\CodeIgniter.php(361): CodeIgniter\CodeIgniter->handleRequest(null, Object(Config\Cache), false)
 7 FCPATH\index.php(79): CodeIgniter\CodeIgniter->run()
CRITICAL - 2023-12-06 13:17:26 --> syntax error, unexpected token "public", expecting end of file
in APPPATH\Views\output_hora.php on line 22.
 1 SYSTEMPATH\View\View.php(231): CodeIgniter\View\View->CodeIgniter\View\{closure}()
 2 SYSTEMPATH\Common.php(1190): CodeIgniter\View\View->render('output_hora', [], true)
 3 APPPATH\Controllers\Horatrabalhada.php(36): view('output_hora', [...])
 4 SYSTEMPATH\CodeIgniter.php(942): App\Controllers\HoraTrabalhada->pegaHora()
 5 SYSTEMPATH\CodeIgniter.php(502): CodeIgniter\CodeIgniter->runController(Object(App\Controllers\HoraTrabalhada))
 6 SYSTEMPATH\CodeIgniter.php(361): CodeIgniter\CodeIgniter->handleRequest(null, Object(Config\Cache), false)
 7 FCPATH\index.php(79): CodeIgniter\CodeIgniter->run()
CRITICAL - 2023-12-06 13:17:59 --> syntax error, unexpected token "public", expecting end of file
in APPPATH\Views\output_hora.php on line 22.
 1 SYSTEMPATH\View\View.php(231): CodeIgniter\View\View->CodeIgniter\View\{closure}()
 2 SYSTEMPATH\Common.php(1190): CodeIgniter\View\View->render('output_hora', [], true)
 3 APPPATH\Controllers\Horatrabalhada.php(36): view('output_hora', [...])
 4 SYSTEMPATH\CodeIgniter.php(942): App\Controllers\HoraTrabalhada->pegaHora()
 5 SYSTEMPATH\CodeIgniter.php(502): CodeIgniter\CodeIgniter->runController(Object(App\Controllers\HoraTrabalhada))
 6 SYSTEMPATH\CodeIgniter.php(361): CodeIgniter\CodeIgniter->handleRequest(null, Object(Config\Cache), false)
 7 FCPATH\index.php(79): CodeIgniter\CodeIgniter->run()
CRITICAL - 2023-12-06 13:23:12 --> Undefined variable $horarioNoturno
in APPPATH\Views\output_hora.php on line 23.
 1 APPPATH\Views\output_hora.php(23): CodeIgniter\Debug\Exceptions->errorHandler(2, 'Undefined variable $horarioNoturno', 'C:\\xampp\\htdocs\\horasTurno\\app\\Views\\output_hora.php', 23)
 2 APPPATH\Views\output_hora.php(35): classificaHora(18)
 3 SYSTEMPATH\View\View.php(228): include('C:\\xampp\\htdocs\\horasTurno\\app\\Views\\output_hora.php')
 4 SYSTEMPATH\View\View.php(231): CodeIgniter\View\View->CodeIgniter\View\{closure}()
 5 SYSTEMPATH\Common.php(1190): CodeIgniter\View\View->render('output_hora', [], true)
 6 APPPATH\Controllers\Horatrabalhada.php(36): view('output_hora', [...])
 7 SYSTEMPATH\CodeIgniter.php(942): App\Controllers\HoraTrabalhada->pegaHora()
 8 SYSTEMPATH\CodeIgniter.php(502): CodeIgniter\CodeIgniter->runController(Object(App\Controllers\HoraTrabalhada))
 9 SYSTEMPATH\CodeIgniter.php(361): CodeIgniter\CodeIgniter->handleRequest(null, Object(Config\Cache), false)
10 FCPATH\index.php(79): CodeIgniter\CodeIgniter->run()
CRITICAL - 2023-12-06 13:23:42 --> Undefined variable $horarioNoturno
in APPPATH\Views\output_hora.php on line 23.
 1 APPPATH\Views\output_hora.php(23): CodeIgniter\Debug\Exceptions->errorHandler(2, 'Undefined variable $horarioNoturno', 'C:\\xampp\\htdocs\\horasTurno\\app\\Views\\output_hora.php', 23)
 2 APPPATH\Views\output_hora.php(35): classificaHora(18)
 3 SYSTEMPATH\View\View.php(228): include('C:\\xampp\\htdocs\\horasTurno\\app\\Views\\output_hora.php')
 4 SYSTEMPATH\View\View.php(231): CodeIgniter\View\View->CodeIgniter\View\{closure}()
 5 SYSTEMPATH\Common.php(1190): CodeIgniter\View\View->render('output_hora', [], true)
 6 APPPATH\Controllers\Horatrabalhada.php(36): view('output_hora', [...])
 7 SYSTEMPATH\CodeIgniter.php(942): App\Controllers\HoraTrabalhada->pegaHora()
 8 SYSTEMPATH\CodeIgniter.php(502): CodeIgniter\CodeIgniter->runController(Object(App\Controllers\HoraTrabalhada))
 9 SYSTEMPATH\CodeIgniter.php(361): CodeIgniter\CodeIgniter->handleRequest(null, Object(Config\Cache), false)
10 FCPATH\index.php(79): CodeIgniter\CodeIgniter->run()
CRITICAL - 2023-12-06 13:24:08 --> Undefined variable $horarioNoturno
in APPPATH\Views\output_hora.php on line 23.
 1 APPPATH\Views\output_hora.php(23): CodeIgniter\Debug\Exceptions->errorHandler(2, 'Undefined variable $horarioNoturno', 'C:\\xampp\\htdocs\\horasTurno\\app\\Views\\output_hora.php', 23)
 2 APPPATH\Views\output_hora.php(35): classificaHora(18)
 3 SYSTEMPATH\View\View.php(228): include('C:\\xampp\\htdocs\\horasTurno\\app\\Views\\output_hora.php')
 4 SYSTEMPATH\View\View.php(231): CodeIgniter\View\View->CodeIgniter\View\{closure}()
 5 SYSTEMPATH\Common.php(1190): CodeIgniter\View\View->render('output_hora', [], true)
 6 APPPATH\Controllers\Horatrabalhada.php(36): view('output_hora', [...])
 7 SYSTEMPATH\CodeIgniter.php(942): App\Controllers\HoraTrabalhada->pegaHora()
 8 SYSTEMPATH\CodeIgniter.php(502): CodeIgniter\CodeIgniter->runController(Object(App\Controllers\HoraTrabalhada))
 9 SYSTEMPATH\CodeIgniter.php(361): CodeIgniter\CodeIgniter->handleRequest(null, Object(Config\Cache), false)
10 FCPATH\index.php(79): CodeIgniter\CodeIgniter->run()
CRITICAL - 2023-12-06 13:28:09 --> Undefined variable $horarioNoturno
in APPPATH\Views\output_hora.php on line 23.
 1 APPPATH\Views\output_hora.php(23): CodeIgniter\Debug\Exceptions->errorHandler(2, 'Undefined variable $horarioNoturno', 'C:\\xampp\\htdocs\\horasTurno\\app\\Views\\output_hora.php', 23)
 2 APPPATH\Views\output_hora.php(35): classificaHora(18)
 3 SYSTEMPATH\View\View.php(228): include('C:\\xampp\\htdocs\\horasTurno\\app\\Views\\output_hora.php')
 4 SYSTEMPATH\View\View.php(231): CodeIgniter\View\View->CodeIgniter\View\{closure}()
 5 SYSTEMPATH\Common.php(1190): CodeIgniter\View\View->render('output_hora', [], true)
 6 APPPATH\Controllers\Horatrabalhada.php(36): view('output_hora', [...])
 7 SYSTEMPATH\CodeIgniter.php(942): App\Controllers\HoraTrabalhada->pegaHora()
 8 SYSTEMPATH\CodeIgniter.php(502): CodeIgniter\CodeIgniter->runController(Object(App\Controllers\HoraTrabalhada))
 9 SYSTEMPATH\CodeIgniter.php(361): CodeIgniter\CodeIgniter->handleRequest(null, Object(Config\Cache), false)
10 FCPATH\index.php(79): CodeIgniter\CodeIgniter->run()
CRITICAL - 2023-12-06 13:28:42 --> Undefined variable $horarioNoturno
in APPPATH\Views\output_hora.php on line 28.
 1 APPPATH\Views\output_hora.php(28): CodeIgniter\Debug\Exceptions->errorHandler(2, 'Undefined variable $horarioNoturno', 'C:\\xampp\\htdocs\\horasTurno\\app\\Views\\output_hora.php', 28)
 2 APPPATH\Views\output_hora.php(23): classificaHora(18)
 3 SYSTEMPATH\View\View.php(228): include('C:\\xampp\\htdocs\\horasTurno\\app\\Views\\output_hora.php')
 4 SYSTEMPATH\View\View.php(231): CodeIgniter\View\View->CodeIgniter\View\{closure}()
 5 SYSTEMPATH\Common.php(1190): CodeIgniter\View\View->render('output_hora', [], true)
 6 APPPATH\Controllers\Horatrabalhada.php(36): view('output_hora', [...])
 7 SYSTEMPATH\CodeIgniter.php(942): App\Controllers\HoraTrabalhada->pegaHora()
 8 SYSTEMPATH\CodeIgniter.php(502): CodeIgniter\CodeIgniter->runController(Object(App\Controllers\HoraTrabalhada))
 9 SYSTEMPATH\CodeIgniter.php(361): CodeIgniter\CodeIgniter->handleRequest(null, Object(Config\Cache), false)
10 FCPATH\index.php(79): CodeIgniter\CodeIgniter->run()
CRITICAL - 2023-12-06 13:29:17 --> Undefined variable $treta
in APPPATH\Views\output_hora.php on line 22.
 1 APPPATH\Views\output_hora.php(22): CodeIgniter\Debug\Exceptions->errorHandler(2, 'Undefined variable $treta', 'C:\\xampp\\htdocs\\horasTurno\\app\\Views\\output_hora.php', 22)
 2 SYSTEMPATH\View\View.php(228): include('C:\\xampp\\htdocs\\horasTurno\\app\\Views\\output_hora.php')
 3 SYSTEMPATH\View\View.php(231): CodeIgniter\View\View->CodeIgniter\View\{closure}()
 4 SYSTEMPATH\Common.php(1190): CodeIgniter\View\View->render('output_hora', [], true)
 5 APPPATH\Controllers\Horatrabalhada.php(36): view('output_hora', [...])
 6 SYSTEMPATH\CodeIgniter.php(942): App\Controllers\HoraTrabalhada->pegaHora()
 7 SYSTEMPATH\CodeIgniter.php(502): CodeIgniter\CodeIgniter->runController(Object(App\Controllers\HoraTrabalhada))
 8 SYSTEMPATH\CodeIgniter.php(361): CodeIgniter\CodeIgniter->handleRequest(null, Object(Config\Cache), false)
 9 FCPATH\index.php(79): CodeIgniter\CodeIgniter->run()
CRITICAL - 2023-12-06 13:29:46 --> Undefined variable $horarioNoturno
in APPPATH\Views\output_hora.php on line 29.
 1 APPPATH\Views\output_hora.php(29): CodeIgniter\Debug\Exceptions->errorHandler(2, 'Undefined variable $horarioNoturno', 'C:\\xampp\\htdocs\\horasTurno\\app\\Views\\output_hora.php', 29)
 2 APPPATH\Views\output_hora.php(23): classificaHora(18)
 3 SYSTEMPATH\View\View.php(228): include('C:\\xampp\\htdocs\\horasTurno\\app\\Views\\output_hora.php')
 4 SYSTEMPATH\View\View.php(231): CodeIgniter\View\View->CodeIgniter\View\{closure}()
 5 SYSTEMPATH\Common.php(1190): CodeIgniter\View\View->render('output_hora', [], true)
 6 APPPATH\Controllers\Horatrabalhada.php(36): view('output_hora', [...])
 7 SYSTEMPATH\CodeIgniter.php(942): App\Controllers\HoraTrabalhada->pegaHora()
 8 SYSTEMPATH\CodeIgniter.php(502): CodeIgniter\CodeIgniter->runController(Object(App\Controllers\HoraTrabalhada))
 9 SYSTEMPATH\CodeIgniter.php(361): CodeIgniter\CodeIgniter->handleRequest(null, Object(Config\Cache), false)
10 FCPATH\index.php(79): CodeIgniter\CodeIgniter->run()
CRITICAL - 2023-12-06 13:29:58 --> Undefined variable $horarioDiurno
in APPPATH\Views\output_hora.php on line 34.
 1 APPPATH\Views\output_hora.php(34): CodeIgniter\Debug\Exceptions->errorHandler(2, 'Undefined variable $horarioDiurno', 'C:\\xampp\\htdocs\\horasTurno\\app\\Views\\output_hora.php', 34)
 2 APPPATH\Views\output_hora.php(23): classificaHora(18)
 3 SYSTEMPATH\View\View.php(228): include('C:\\xampp\\htdocs\\horasTurno\\app\\Views\\output_hora.php')
 4 SYSTEMPATH\View\View.php(231): CodeIgniter\View\View->CodeIgniter\View\{closure}()
 5 SYSTEMPATH\Common.php(1190): CodeIgniter\View\View->render('output_hora', [], true)
 6 APPPATH\Controllers\Horatrabalhada.php(36): view('output_hora', [...])
 7 SYSTEMPATH\CodeIgniter.php(942): App\Controllers\HoraTrabalhada->pegaHora()
 8 SYSTEMPATH\CodeIgniter.php(502): CodeIgniter\CodeIgniter->runController(Object(App\Controllers\HoraTrabalhada))
 9 SYSTEMPATH\CodeIgniter.php(361): CodeIgniter\CodeIgniter->handleRequest(null, Object(Config\Cache), false)
10 FCPATH\index.php(79): CodeIgniter\CodeIgniter->run()
CRITICAL - 2023-12-06 13:33:16 --> Undefined variable $treta
in APPPATH\Views\output_hora.php on line 25.
 1 APPPATH\Views\output_hora.php(25): CodeIgniter\Debug\Exceptions->errorHandler(2, 'Undefined variable $treta', 'C:\\xampp\\htdocs\\horasTurno\\app\\Views\\output_hora.php', 25)
 2 SYSTEMPATH\View\View.php(228): include('C:\\xampp\\htdocs\\horasTurno\\app\\Views\\output_hora.php')
 3 SYSTEMPATH\View\View.php(231): CodeIgniter\View\View->CodeIgniter\View\{closure}()
 4 SYSTEMPATH\Common.php(1190): CodeIgniter\View\View->render('output_hora', [], true)
 5 APPPATH\Controllers\Horatrabalhada.php(36): view('output_hora', [...])
 6 SYSTEMPATH\CodeIgniter.php(942): App\Controllers\HoraTrabalhada->pegaHora()
 7 SYSTEMPATH\CodeIgniter.php(502): CodeIgniter\CodeIgniter->runController(Object(App\Controllers\HoraTrabalhada))
 8 SYSTEMPATH\CodeIgniter.php(361): CodeIgniter\CodeIgniter->handleRequest(null, Object(Config\Cache), false)
 9 FCPATH\index.php(79): CodeIgniter\CodeIgniter->run()
CRITICAL - 2023-12-06 13:38:42 --> Undefined variable $data
in APPPATH\Controllers\Horatrabalhada.php on line 13.
 1 APPPATH\Controllers\Horatrabalhada.php(13): CodeIgniter\Debug\Exceptions->errorHandler(2, 'Undefined variable $data', 'C:\\xampp\\htdocs\\horasTurno\\app\\Controllers\\Horatrabalhada.php', 13)
 2 SYSTEMPATH\CodeIgniter.php(942): App\Controllers\HoraTrabalhada->index()
 3 SYSTEMPATH\CodeIgniter.php(502): CodeIgniter\CodeIgniter->runController(Object(App\Controllers\HoraTrabalhada))
 4 SYSTEMPATH\CodeIgniter.php(361): CodeIgniter\CodeIgniter->handleRequest(null, Object(Config\Cache), false)
 5 FCPATH\index.php(79): CodeIgniter\CodeIgniter->run()
CRITICAL - 2023-12-06 13:38:43 --> Undefined variable $data
in APPPATH\Controllers\Horatrabalhada.php on line 13.
 1 APPPATH\Controllers\Horatrabalhada.php(13): CodeIgniter\Debug\Exceptions->errorHandler(2, 'Undefined variable $data', 'C:\\xampp\\htdocs\\horasTurno\\app\\Controllers\\Horatrabalhada.php', 13)
 2 SYSTEMPATH\CodeIgniter.php(942): App\Controllers\HoraTrabalhada->index()
 3 SYSTEMPATH\CodeIgniter.php(502): CodeIgniter\CodeIgniter->runController(Object(App\Controllers\HoraTrabalhada))
 4 SYSTEMPATH\CodeIgniter.php(361): CodeIgniter\CodeIgniter->handleRequest(null, Object(Config\Cache), false)
 5 FCPATH\index.php(79): CodeIgniter\CodeIgniter->run()
CRITICAL - 2023-12-06 13:41:48 --> Allowed memory size of 536870912 bytes exhausted (tried to allocate 266354688 bytes)
in APPPATH\Views\output_hora.php on line 23.
 1 [internal function]: CodeIgniter\Debug\Exceptions->shutdownHandler()
CRITICAL - 2023-12-06 13:42:45 --> syntax error, unexpected token "echo", expecting ";"
in APPPATH\Controllers\Horatrabalhada.php on line 35.
 1 SYSTEMPATH\Router\Router.php(514): CodeIgniter\Router\AutoRouter->getRoute('horaTrabalhada/pegaHora', 'post')
 2 SYSTEMPATH\Router\Router.php(210): CodeIgniter\Router\Router->autoRoute('horaTrabalhada/pegaHora')
 3 SYSTEMPATH\CodeIgniter.php(823): CodeIgniter\Router\Router->handle('horaTrabalhada/pegaHora')
 4 SYSTEMPATH\CodeIgniter.php(450): CodeIgniter\CodeIgniter->tryToRouteIt(Object(CodeIgniter\Router\RouteCollection))
 5 SYSTEMPATH\CodeIgniter.php(361): CodeIgniter\CodeIgniter->handleRequest(null, Object(Config\Cache), false)
 6 FCPATH\index.php(79): CodeIgniter\CodeIgniter->run()
CRITICAL - 2023-12-06 13:43:17 --> syntax error, unexpected token "echo", expecting "]"
in APPPATH\Controllers\Horatrabalhada.php on line 35.
 1 SYSTEMPATH\Router\Router.php(514): CodeIgniter\Router\AutoRouter->getRoute('horaTrabalhada/pegaHora', 'post')
 2 SYSTEMPATH\Router\Router.php(210): CodeIgniter\Router\Router->autoRoute('horaTrabalhada/pegaHora')
 3 SYSTEMPATH\CodeIgniter.php(823): CodeIgniter\Router\Router->handle('horaTrabalhada/pegaHora')
 4 SYSTEMPATH\CodeIgniter.php(450): CodeIgniter\CodeIgniter->tryToRouteIt(Object(CodeIgniter\Router\RouteCollection))
 5 SYSTEMPATH\CodeIgniter.php(361): CodeIgniter\CodeIgniter->handleRequest(null, Object(Config\Cache), false)
 6 FCPATH\index.php(79): CodeIgniter\CodeIgniter->run()
CRITICAL - 2023-12-06 13:43:41 --> syntax error, unexpected token "echo", expecting "]"
in APPPATH\Controllers\Horatrabalhada.php on line 35.
 1 SYSTEMPATH\Router\Router.php(514): CodeIgniter\Router\AutoRouter->getRoute('horaTrabalhada/pegaHora', 'post')
 2 SYSTEMPATH\Router\Router.php(210): CodeIgniter\Router\Router->autoRoute('horaTrabalhada/pegaHora')
 3 SYSTEMPATH\CodeIgniter.php(823): CodeIgniter\Router\Router->handle('horaTrabalhada/pegaHora')
 4 SYSTEMPATH\CodeIgniter.php(450): CodeIgniter\CodeIgniter->tryToRouteIt(Object(CodeIgniter\Router\RouteCollection))
 5 SYSTEMPATH\CodeIgniter.php(361): CodeIgniter\CodeIgniter->handleRequest(null, Object(Config\Cache), false)
 6 FCPATH\index.php(79): CodeIgniter\CodeIgniter->run()
CRITICAL - 2023-12-06 13:44:11 --> syntax error, unexpected token ";", expecting "]"
in APPPATH\Controllers\Horatrabalhada.php on line 37.
 1 SYSTEMPATH\Router\Router.php(514): CodeIgniter\Router\AutoRouter->getRoute('horaTrabalhada/pegaHora', 'post')
 2 SYSTEMPATH\Router\Router.php(210): CodeIgniter\Router\Router->autoRoute('horaTrabalhada/pegaHora')
 3 SYSTEMPATH\CodeIgniter.php(823): CodeIgniter\Router\Router->handle('horaTrabalhada/pegaHora')
 4 SYSTEMPATH\CodeIgniter.php(450): CodeIgniter\CodeIgniter->tryToRouteIt(Object(CodeIgniter\Router\RouteCollection))
 5 SYSTEMPATH\CodeIgniter.php(361): CodeIgniter\CodeIgniter->handleRequest(null, Object(Config\Cache), false)
 6 FCPATH\index.php(79): CodeIgniter\CodeIgniter->run()
CRITICAL - 2023-12-06 13:45:56 --> syntax error, unexpected token "echo", expecting "]"
in APPPATH\Controllers\Horatrabalhada.php on line 34.
 1 SYSTEMPATH\Router\Router.php(514): CodeIgniter\Router\AutoRouter->getRoute('horaTrabalhada/pegaHora', 'post')
 2 SYSTEMPATH\Router\Router.php(210): CodeIgniter\Router\Router->autoRoute('horaTrabalhada/pegaHora')
 3 SYSTEMPATH\CodeIgniter.php(823): CodeIgniter\Router\Router->handle('horaTrabalhada/pegaHora')
 4 SYSTEMPATH\CodeIgniter.php(450): CodeIgniter\CodeIgniter->tryToRouteIt(Object(CodeIgniter\Router\RouteCollection))
 5 SYSTEMPATH\CodeIgniter.php(361): CodeIgniter\CodeIgniter->handleRequest(null, Object(Config\Cache), false)
 6 FCPATH\index.php(79): CodeIgniter\CodeIgniter->run()
CRITICAL - 2023-12-06 13:46:05 --> syntax error, unexpected token "echo", expecting ";"
in APPPATH\Controllers\Horatrabalhada.php on line 34.
 1 SYSTEMPATH\Router\Router.php(514): CodeIgniter\Router\AutoRouter->getRoute('horaTrabalhada/pegaHora', 'post')
 2 SYSTEMPATH\Router\Router.php(210): CodeIgniter\Router\Router->autoRoute('horaTrabalhada/pegaHora')
 3 SYSTEMPATH\CodeIgniter.php(823): CodeIgniter\Router\Router->handle('horaTrabalhada/pegaHora')
 4 SYSTEMPATH\CodeIgniter.php(450): CodeIgniter\CodeIgniter->tryToRouteIt(Object(CodeIgniter\Router\RouteCollection))
 5 SYSTEMPATH\CodeIgniter.php(361): CodeIgniter\CodeIgniter->handleRequest(null, Object(Config\Cache), false)
 6 FCPATH\index.php(79): CodeIgniter\CodeIgniter->run()
CRITICAL - 2023-12-06 13:46:25 --> syntax error, unexpected token "}", expecting ";"
in APPPATH\Controllers\Horatrabalhada.php on line 40.
 1 SYSTEMPATH\Router\Router.php(514): CodeIgniter\Router\AutoRouter->getRoute('horaTrabalhada/pegaHora', 'post')
 2 SYSTEMPATH\Router\Router.php(210): CodeIgniter\Router\Router->autoRoute('horaTrabalhada/pegaHora')
 3 SYSTEMPATH\CodeIgniter.php(823): CodeIgniter\Router\Router->handle('horaTrabalhada/pegaHora')
 4 SYSTEMPATH\CodeIgniter.php(450): CodeIgniter\CodeIgniter->tryToRouteIt(Object(CodeIgniter\Router\RouteCollection))
 5 SYSTEMPATH\CodeIgniter.php(361): CodeIgniter\CodeIgniter->handleRequest(null, Object(Config\Cache), false)
 6 FCPATH\index.php(79): CodeIgniter\CodeIgniter->run()
CRITICAL - 2023-12-06 13:47:02 --> Allowed memory size of 536870912 bytes exhausted (tried to allocate 266354688 bytes)
in APPPATH\Views\output_hora.php on line 23.
 1 [internal function]: CodeIgniter\Debug\Exceptions->shutdownHandler()
CRITICAL - 2023-12-06 13:47:06 --> Allowed memory size of 536870912 bytes exhausted (tried to allocate 266354688 bytes)
in APPPATH\Views\output_hora.php on line 23.
 1 [internal function]: CodeIgniter\Debug\Exceptions->shutdownHandler()
CRITICAL - 2023-12-06 13:47:40 --> Allowed memory size of 536870912 bytes exhausted (tried to allocate 266354688 bytes)
in APPPATH\Views\output_hora.php on line 23.
 1 [internal function]: CodeIgniter\Debug\Exceptions->shutdownHandler()
CRITICAL - 2023-12-06 13:47:42 --> Allowed memory size of 536870912 bytes exhausted (tried to allocate 264257536 bytes)
in APPPATH\Views\output_hora.php on line 23.
 1 [internal function]: CodeIgniter\Debug\Exceptions->shutdownHandler()
CRITICAL - 2023-12-06 13:48:28 --> Allowed memory size of 536870912 bytes exhausted (tried to allocate 264257536 bytes)
in APPPATH\Views\output_hora.php on line 23.
 1 [internal function]: CodeIgniter\Debug\Exceptions->shutdownHandler()
CRITICAL - 2023-12-06 13:48:38 --> Allowed memory size of 536870912 bytes exhausted (tried to allocate 264257536 bytes)
in APPPATH\Views\output_hora.php on line 23.
 1 [internal function]: CodeIgniter\Debug\Exceptions->shutdownHandler()
CRITICAL - 2023-12-06 13:51:15 --> Allowed memory size of 536870912 bytes exhausted (tried to allocate 264257536 bytes)
in APPPATH\Views\output_hora.php on line 23.
 1 [internal function]: CodeIgniter\Debug\Exceptions->shutdownHandler()
