CRITICAL - 2023-12-13 02:58:55 --> Call to a member function toTimeString() on null
in APPPATH\Controllers\Horatrabalhada.php on line 138.
 1 SYSTEMPATH\CodeIgniter.php(942): App\Controllers\HoraTrabalhada->save_registro()
 2 SYSTEMPATH\CodeIgniter.php(502): CodeIgniter\CodeIgniter->runController(Object(App\Controllers\HoraTrabalhada))
 3 SYSTEMPATH\CodeIgniter.php(361): CodeIgniter\CodeIgniter->handleRequest(null, Object(Config\Cache), false)
 4 FCPATH\index.php(79): CodeIgniter\CodeIgniter->run()
CRITICAL - 2023-12-13 03:03:12 --> Call to a member function toTimeString() on null
in APPPATH\Controllers\Horatrabalhada.php on line 138.
 1 SYSTEMPATH\CodeIgniter.php(942): App\Controllers\HoraTrabalhada->save_registro()
 2 SYSTEMPATH\CodeIgniter.php(502): CodeIgniter\CodeIgniter->runController(Object(App\Controllers\HoraTrabalhada))
 3 SYSTEMPATH\CodeIgniter.php(361): CodeIgniter\CodeIgniter->handleRequest(null, Object(Config\Cache), false)
 4 FCPATH\index.php(79): CodeIgniter\CodeIgniter->run()
CRITICAL - 2023-12-13 03:03:38 --> Undefined variable $data
in APPPATH\Controllers\Horatrabalhada.php on line 120.
 1 APPPATH\Controllers\Horatrabalhada.php(120): CodeIgniter\Debug\Exceptions->errorHandler(2, 'Undefined variable $data', 'C:\\xampp\\htdocs\\horasTurno\\app\\Controllers\\Horatrabalhada.php', 120)
 2 SYSTEMPATH\CodeIgniter.php(942): App\Controllers\HoraTrabalhada->save_registro()
 3 SYSTEMPATH\CodeIgniter.php(502): CodeIgniter\CodeIgniter->runController(Object(App\Controllers\HoraTrabalhada))
 4 SYSTEMPATH\CodeIgniter.php(361): CodeIgniter\CodeIgniter->handleRequest(null, Object(Config\Cache), false)
 5 FCPATH\index.php(79): CodeIgniter\CodeIgniter->run()
CRITICAL - 2023-12-13 03:05:57 --> syntax error, unexpected string content "", expecting "-" or identifier or variable or number
in APPPATH\Controllers\Horatrabalhada.php on line 125.
 1 SYSTEMPATH\Router\Router.php(514): CodeIgniter\Router\AutoRouter->getRoute('horaTrabalhada/save_registro', 'get')
 2 SYSTEMPATH\Router\Router.php(210): CodeIgniter\Router\Router->autoRoute('horaTrabalhada/save_registro')
 3 SYSTEMPATH\CodeIgniter.php(823): CodeIgniter\Router\Router->handle('horaTrabalhada/save_registro')
 4 SYSTEMPATH\CodeIgniter.php(450): CodeIgniter\CodeIgniter->tryToRouteIt(Object(CodeIgniter\Router\RouteCollection))
 5 SYSTEMPATH\CodeIgniter.php(361): CodeIgniter\CodeIgniter->handleRequest(null, Object(Config\Cache), false)
 6 FCPATH\index.php(79): CodeIgniter\CodeIgniter->run()
CRITICAL - 2023-12-13 03:06:56 --> Too few arguments to function App\Controllers\HoraTrabalhada::save_registro(), 0 passed in C:\xampp\htdocs\horasTurno\system\CodeIgniter.php on line 942 and exactly 1 expected
in APPPATH\Controllers\Horatrabalhada.php on line 118.
 1 SYSTEMPATH\CodeIgniter.php(942): App\Controllers\HoraTrabalhada->save_registro()
 2 SYSTEMPATH\CodeIgniter.php(502): CodeIgniter\CodeIgniter->runController(Object(App\Controllers\HoraTrabalhada))
 3 SYSTEMPATH\CodeIgniter.php(361): CodeIgniter\CodeIgniter->handleRequest(null, Object(Config\Cache), false)
 4 FCPATH\index.php(79): CodeIgniter\CodeIgniter->run()
CRITICAL - 2023-12-13 03:07:05 --> Too few arguments to function App\Controllers\HoraTrabalhada::save_registro(), 0 passed in C:\xampp\htdocs\horasTurno\system\CodeIgniter.php on line 942 and exactly 1 expected
in APPPATH\Controllers\Horatrabalhada.php on line 118.
 1 SYSTEMPATH\CodeIgniter.php(942): App\Controllers\HoraTrabalhada->save_registro()
 2 SYSTEMPATH\CodeIgniter.php(502): CodeIgniter\CodeIgniter->runController(Object(App\Controllers\HoraTrabalhada))
 3 SYSTEMPATH\CodeIgniter.php(361): CodeIgniter\CodeIgniter->handleRequest(null, Object(Config\Cache), false)
 4 FCPATH\index.php(79): CodeIgniter\CodeIgniter->run()
CRITICAL - 2023-12-13 03:07:23 --> Undefined variable $data
in APPPATH\Controllers\Horatrabalhada.php on line 119.
 1 APPPATH\Controllers\Horatrabalhada.php(119): CodeIgniter\Debug\Exceptions->errorHandler(2, 'Undefined variable $data', 'C:\\xampp\\htdocs\\horasTurno\\app\\Controllers\\Horatrabalhada.php', 119)
 2 SYSTEMPATH\CodeIgniter.php(942): App\Controllers\HoraTrabalhada->save_registro()
 3 SYSTEMPATH\CodeIgniter.php(502): CodeIgniter\CodeIgniter->runController(Object(App\Controllers\HoraTrabalhada))
 4 SYSTEMPATH\CodeIgniter.php(361): CodeIgniter\CodeIgniter->handleRequest(null, Object(Config\Cache), false)
 5 FCPATH\index.php(79): CodeIgniter\CodeIgniter->run()
CRITICAL - 2023-12-13 03:07:53 --> Undefined variable $data
in APPPATH\Controllers\Horatrabalhada.php on line 119.
 1 APPPATH\Controllers\Horatrabalhada.php(119): CodeIgniter\Debug\Exceptions->errorHandler(2, 'Undefined variable $data', 'C:\\xampp\\htdocs\\horasTurno\\app\\Controllers\\Horatrabalhada.php', 119)
 2 SYSTEMPATH\CodeIgniter.php(942): App\Controllers\HoraTrabalhada->save_registro()
 3 SYSTEMPATH\CodeIgniter.php(502): CodeIgniter\CodeIgniter->runController(Object(App\Controllers\HoraTrabalhada))
 4 SYSTEMPATH\CodeIgniter.php(361): CodeIgniter\CodeIgniter->handleRequest(null, Object(Config\Cache), false)
 5 FCPATH\index.php(79): CodeIgniter\CodeIgniter->run()
CRITICAL - 2023-12-13 03:10:40 --> syntax error, unexpected single-quoted string "method", expecting "]"
in APPPATH\Views\output_comparaHora.php on line 6.
 1 SYSTEMPATH\View\View.php(231): CodeIgniter\View\View->CodeIgniter\View\{closure}()
 2 SYSTEMPATH\Common.php(1190): CodeIgniter\View\View->render('output_comparaHora', [], true)
 3 APPPATH\Controllers\Horatrabalhada.php(113): view('output_comparaHora', [...])
 4 SYSTEMPATH\CodeIgniter.php(942): App\Controllers\HoraTrabalhada->comparaHora()
 5 SYSTEMPATH\CodeIgniter.php(502): CodeIgniter\CodeIgniter->runController(Object(App\Controllers\HoraTrabalhada))
 6 SYSTEMPATH\CodeIgniter.php(361): CodeIgniter\CodeIgniter->handleRequest(null, Object(Config\Cache), false)
 7 FCPATH\index.php(79): CodeIgniter\CodeIgniter->run()
CRITICAL - 2023-12-13 03:13:41 --> Undefined variable $horarioEntrada
in APPPATH\Controllers\Horatrabalhada.php on line 125.
 1 APPPATH\Controllers\Horatrabalhada.php(125): CodeIgniter\Debug\Exceptions->errorHandler(2, 'Undefined variable $horarioEntrada', 'C:\\xampp\\htdocs\\horasTurno\\app\\Controllers\\Horatrabalhada.php', 125)
 2 SYSTEMPATH\CodeIgniter.php(942): App\Controllers\HoraTrabalhada->save_registro()
 3 SYSTEMPATH\CodeIgniter.php(502): CodeIgniter\CodeIgniter->runController(Object(App\Controllers\HoraTrabalhada))
 4 SYSTEMPATH\CodeIgniter.php(361): CodeIgniter\CodeIgniter->handleRequest(null, Object(Config\Cache), false)
 5 FCPATH\index.php(79): CodeIgniter\CodeIgniter->run()
CRITICAL - 2023-12-13 03:14:25 --> Undefined variable $data
in APPPATH\Controllers\Horatrabalhada.php on line 121.
 1 APPPATH\Controllers\Horatrabalhada.php(121): CodeIgniter\Debug\Exceptions->errorHandler(2, 'Undefined variable $data', 'C:\\xampp\\htdocs\\horasTurno\\app\\Controllers\\Horatrabalhada.php', 121)
 2 SYSTEMPATH\CodeIgniter.php(942): App\Controllers\HoraTrabalhada->save_registro()
 3 SYSTEMPATH\CodeIgniter.php(502): CodeIgniter\CodeIgniter->runController(Object(App\Controllers\HoraTrabalhada))
 4 SYSTEMPATH\CodeIgniter.php(361): CodeIgniter\CodeIgniter->handleRequest(null, Object(Config\Cache), false)
 5 FCPATH\index.php(79): CodeIgniter\CodeIgniter->run()
CRITICAL - 2023-12-13 03:43:10 --> Undefined variable $data
in APPPATH\Controllers\Horatrabalhada.php on line 121.
 1 APPPATH\Controllers\Horatrabalhada.php(121): CodeIgniter\Debug\Exceptions->errorHandler(2, 'Undefined variable $data', 'C:\\xampp\\htdocs\\horasTurno\\app\\Controllers\\Horatrabalhada.php', 121)
 2 SYSTEMPATH\CodeIgniter.php(942): App\Controllers\HoraTrabalhada->save_registro()
 3 SYSTEMPATH\CodeIgniter.php(502): CodeIgniter\CodeIgniter->runController(Object(App\Controllers\HoraTrabalhada))
 4 SYSTEMPATH\CodeIgniter.php(361): CodeIgniter\CodeIgniter->handleRequest(null, Object(Config\Cache), false)
 5 FCPATH\index.php(79): CodeIgniter\CodeIgniter->run()
CRITICAL - 2023-12-13 03:50:00 --> Undefined variable $sua_hora_de_entrada
in APPPATH\Controllers\Horatrabalhada.php on line 121.
 1 APPPATH\Controllers\Horatrabalhada.php(121): CodeIgniter\Debug\Exceptions->errorHandler(2, 'Undefined variable $sua_hora_de_entrada', 'C:\\xampp\\htdocs\\horasTurno\\app\\Controllers\\Horatrabalhada.php', 121)
 2 SYSTEMPATH\CodeIgniter.php(942): App\Controllers\HoraTrabalhada->save_registro()
 3 SYSTEMPATH\CodeIgniter.php(502): CodeIgniter\CodeIgniter->runController(Object(App\Controllers\HoraTrabalhada))
 4 SYSTEMPATH\CodeIgniter.php(361): CodeIgniter\CodeIgniter->handleRequest(null, Object(Config\Cache), false)
 5 FCPATH\index.php(79): CodeIgniter\CodeIgniter->run()
CRITICAL - 2023-12-13 03:51:46 --> Undefined variable $horarioEntrada
in APPPATH\Controllers\Horatrabalhada.php on line 125.
 1 APPPATH\Controllers\Horatrabalhada.php(125): CodeIgniter\Debug\Exceptions->errorHandler(2, 'Undefined variable $horarioEntrada', 'C:\\xampp\\htdocs\\horasTurno\\app\\Controllers\\Horatrabalhada.php', 125)
 2 SYSTEMPATH\CodeIgniter.php(942): App\Controllers\HoraTrabalhada->save_registro()
 3 SYSTEMPATH\CodeIgniter.php(502): CodeIgniter\CodeIgniter->runController(Object(App\Controllers\HoraTrabalhada))
 4 SYSTEMPATH\CodeIgniter.php(361): CodeIgniter\CodeIgniter->handleRequest(null, Object(Config\Cache), false)
 5 FCPATH\index.php(79): CodeIgniter\CodeIgniter->run()
CRITICAL - 2023-12-13 03:52:14 --> Undefined variable $data
in APPPATH\Controllers\Horatrabalhada.php on line 121.
 1 APPPATH\Controllers\Horatrabalhada.php(121): CodeIgniter\Debug\Exceptions->errorHandler(2, 'Undefined variable $data', 'C:\\xampp\\htdocs\\horasTurno\\app\\Controllers\\Horatrabalhada.php', 121)
 2 SYSTEMPATH\CodeIgniter.php(942): App\Controllers\HoraTrabalhada->save_registro()
 3 SYSTEMPATH\CodeIgniter.php(502): CodeIgniter\CodeIgniter->runController(Object(App\Controllers\HoraTrabalhada))
 4 SYSTEMPATH\CodeIgniter.php(361): CodeIgniter\CodeIgniter->handleRequest(null, Object(Config\Cache), false)
 5 FCPATH\index.php(79): CodeIgniter\CodeIgniter->run()
CRITICAL - 2023-12-13 03:52:32 --> Undefined variable $horarioEntrada
in APPPATH\Controllers\Horatrabalhada.php on line 125.
 1 APPPATH\Controllers\Horatrabalhada.php(125): CodeIgniter\Debug\Exceptions->errorHandler(2, 'Undefined variable $horarioEntrada', 'C:\\xampp\\htdocs\\horasTurno\\app\\Controllers\\Horatrabalhada.php', 125)
 2 SYSTEMPATH\CodeIgniter.php(942): App\Controllers\HoraTrabalhada->save_registro()
 3 SYSTEMPATH\CodeIgniter.php(502): CodeIgniter\CodeIgniter->runController(Object(App\Controllers\HoraTrabalhada))
 4 SYSTEMPATH\CodeIgniter.php(361): CodeIgniter\CodeIgniter->handleRequest(null, Object(Config\Cache), false)
 5 FCPATH\index.php(79): CodeIgniter\CodeIgniter->run()
CRITICAL - 2023-12-13 03:52:50 --> Undefined variable $horarioEntrada
in APPPATH\Controllers\Horatrabalhada.php on line 125.
 1 APPPATH\Controllers\Horatrabalhada.php(125): CodeIgniter\Debug\Exceptions->errorHandler(2, 'Undefined variable $horarioEntrada', 'C:\\xampp\\htdocs\\horasTurno\\app\\Controllers\\Horatrabalhada.php', 125)
 2 SYSTEMPATH\CodeIgniter.php(942): App\Controllers\HoraTrabalhada->save_registro()
 3 SYSTEMPATH\CodeIgniter.php(502): CodeIgniter\CodeIgniter->runController(Object(App\Controllers\HoraTrabalhada))
 4 SYSTEMPATH\CodeIgniter.php(361): CodeIgniter\CodeIgniter->handleRequest(null, Object(Config\Cache), false)
 5 FCPATH\index.php(79): CodeIgniter\CodeIgniter->run()
CRITICAL - 2023-12-13 03:53:12 --> Undefined variable $data
in APPPATH\Controllers\Horatrabalhada.php on line 121.
 1 APPPATH\Controllers\Horatrabalhada.php(121): CodeIgniter\Debug\Exceptions->errorHandler(2, 'Undefined variable $data', 'C:\\xampp\\htdocs\\horasTurno\\app\\Controllers\\Horatrabalhada.php', 121)
 2 SYSTEMPATH\CodeIgniter.php(942): App\Controllers\HoraTrabalhada->save_registro()
 3 SYSTEMPATH\CodeIgniter.php(502): CodeIgniter\CodeIgniter->runController(Object(App\Controllers\HoraTrabalhada))
 4 SYSTEMPATH\CodeIgniter.php(361): CodeIgniter\CodeIgniter->handleRequest(null, Object(Config\Cache), false)
 5 FCPATH\index.php(79): CodeIgniter\CodeIgniter->run()
CRITICAL - 2023-12-13 03:54:20 --> Undefined variable $data
in APPPATH\Controllers\Horatrabalhada.php on line 121.
 1 APPPATH\Controllers\Horatrabalhada.php(121): CodeIgniter\Debug\Exceptions->errorHandler(2, 'Undefined variable $data', 'C:\\xampp\\htdocs\\horasTurno\\app\\Controllers\\Horatrabalhada.php', 121)
 2 SYSTEMPATH\CodeIgniter.php(942): App\Controllers\HoraTrabalhada->save_registro()
 3 SYSTEMPATH\CodeIgniter.php(502): CodeIgniter\CodeIgniter->runController(Object(App\Controllers\HoraTrabalhada))
 4 SYSTEMPATH\CodeIgniter.php(361): CodeIgniter\CodeIgniter->handleRequest(null, Object(Config\Cache), false)
 5 FCPATH\index.php(79): CodeIgniter\CodeIgniter->run()
CRITICAL - 2023-12-13 03:54:27 --> Undefined variable $horarioEntrada
in APPPATH\Controllers\Horatrabalhada.php on line 125.
 1 APPPATH\Controllers\Horatrabalhada.php(125): CodeIgniter\Debug\Exceptions->errorHandler(2, 'Undefined variable $horarioEntrada', 'C:\\xampp\\htdocs\\horasTurno\\app\\Controllers\\Horatrabalhada.php', 125)
 2 SYSTEMPATH\CodeIgniter.php(942): App\Controllers\HoraTrabalhada->save_registro()
 3 SYSTEMPATH\CodeIgniter.php(502): CodeIgniter\CodeIgniter->runController(Object(App\Controllers\HoraTrabalhada))
 4 SYSTEMPATH\CodeIgniter.php(361): CodeIgniter\CodeIgniter->handleRequest(null, Object(Config\Cache), false)
 5 FCPATH\index.php(79): CodeIgniter\CodeIgniter->run()
CRITICAL - 2023-12-13 03:56:29 --> Undefined variable $horarioEntrada
in APPPATH\Controllers\Horatrabalhada.php on line 125.
 1 APPPATH\Controllers\Horatrabalhada.php(125): CodeIgniter\Debug\Exceptions->errorHandler(2, 'Undefined variable $horarioEntrada', 'C:\\xampp\\htdocs\\horasTurno\\app\\Controllers\\Horatrabalhada.php', 125)
 2 SYSTEMPATH\CodeIgniter.php(942): App\Controllers\HoraTrabalhada->save_registro()
 3 SYSTEMPATH\CodeIgniter.php(502): CodeIgniter\CodeIgniter->runController(Object(App\Controllers\HoraTrabalhada))
 4 SYSTEMPATH\CodeIgniter.php(361): CodeIgniter\CodeIgniter->handleRequest(null, Object(Config\Cache), false)
 5 FCPATH\index.php(79): CodeIgniter\CodeIgniter->run()
CRITICAL - 2023-12-13 03:58:29 --> syntax error, unexpected token "public"
in APPPATH\Controllers\Horatrabalhada.php on line 153.
 1 SYSTEMPATH\Router\Router.php(514): CodeIgniter\Router\AutoRouter->getRoute('horaTrabalhada/comparaHora', 'post')
 2 SYSTEMPATH\Router\Router.php(210): CodeIgniter\Router\Router->autoRoute('horaTrabalhada/comparaHora')
 3 SYSTEMPATH\CodeIgniter.php(823): CodeIgniter\Router\Router->handle('horaTrabalhada/comparaHora')
 4 SYSTEMPATH\CodeIgniter.php(450): CodeIgniter\CodeIgniter->tryToRouteIt(Object(CodeIgniter\Router\RouteCollection))
 5 SYSTEMPATH\CodeIgniter.php(361): CodeIgniter\CodeIgniter->handleRequest(null, Object(Config\Cache), false)
 6 FCPATH\index.php(79): CodeIgniter\CodeIgniter->run()
CRITICAL - 2023-12-13 03:59:04 --> Undefined variable $horarioEntrada
in APPPATH\Controllers\Horatrabalhada.php on line 125.
 1 APPPATH\Controllers\Horatrabalhada.php(125): CodeIgniter\Debug\Exceptions->errorHandler(2, 'Undefined variable $horarioEntrada', 'C:\\xampp\\htdocs\\horasTurno\\app\\Controllers\\Horatrabalhada.php', 125)
 2 SYSTEMPATH\CodeIgniter.php(942): App\Controllers\HoraTrabalhada->save_registro()
 3 SYSTEMPATH\CodeIgniter.php(502): CodeIgniter\CodeIgniter->runController(Object(App\Controllers\HoraTrabalhada))
 4 SYSTEMPATH\CodeIgniter.php(361): CodeIgniter\CodeIgniter->handleRequest(null, Object(Config\Cache), false)
 5 FCPATH\index.php(79): CodeIgniter\CodeIgniter->run()
CRITICAL - 2023-12-13 04:00:29 --> Undefined variable $horarioEntrada
in APPPATH\Controllers\Horatrabalhada.php on line 125.
 1 APPPATH\Controllers\Horatrabalhada.php(125): CodeIgniter\Debug\Exceptions->errorHandler(2, 'Undefined variable $horarioEntrada', 'C:\\xampp\\htdocs\\horasTurno\\app\\Controllers\\Horatrabalhada.php', 125)
 2 SYSTEMPATH\CodeIgniter.php(942): App\Controllers\HoraTrabalhada->save_registro()
 3 SYSTEMPATH\CodeIgniter.php(502): CodeIgniter\CodeIgniter->runController(Object(App\Controllers\HoraTrabalhada))
 4 SYSTEMPATH\CodeIgniter.php(361): CodeIgniter\CodeIgniter->handleRequest(null, Object(Config\Cache), false)
 5 FCPATH\index.php(79): CodeIgniter\CodeIgniter->run()
CRITICAL - 2023-12-13 04:00:44 --> Undefined variable $horarioEntrada
in APPPATH\Controllers\Horatrabalhada.php on line 125.
 1 APPPATH\Controllers\Horatrabalhada.php(125): CodeIgniter\Debug\Exceptions->errorHandler(2, 'Undefined variable $horarioEntrada', 'C:\\xampp\\htdocs\\horasTurno\\app\\Controllers\\Horatrabalhada.php', 125)
 2 SYSTEMPATH\CodeIgniter.php(942): App\Controllers\HoraTrabalhada->save_registro()
 3 SYSTEMPATH\CodeIgniter.php(502): CodeIgniter\CodeIgniter->runController(Object(App\Controllers\HoraTrabalhada))
 4 SYSTEMPATH\CodeIgniter.php(361): CodeIgniter\CodeIgniter->handleRequest(null, Object(Config\Cache), false)
 5 FCPATH\index.php(79): CodeIgniter\CodeIgniter->run()
CRITICAL - 2023-12-13 04:00:59 --> Undefined variable $horarioEntrada
in APPPATH\Controllers\Horatrabalhada.php on line 125.
 1 APPPATH\Controllers\Horatrabalhada.php(125): CodeIgniter\Debug\Exceptions->errorHandler(2, 'Undefined variable $horarioEntrada', 'C:\\xampp\\htdocs\\horasTurno\\app\\Controllers\\Horatrabalhada.php', 125)
 2 SYSTEMPATH\CodeIgniter.php(942): App\Controllers\HoraTrabalhada->save_registro()
 3 SYSTEMPATH\CodeIgniter.php(502): CodeIgniter\CodeIgniter->runController(Object(App\Controllers\HoraTrabalhada))
 4 SYSTEMPATH\CodeIgniter.php(361): CodeIgniter\CodeIgniter->handleRequest(null, Object(Config\Cache), false)
 5 FCPATH\index.php(79): CodeIgniter\CodeIgniter->run()
CRITICAL - 2023-12-13 04:01:09 --> Undefined variable $horarioEntrada
in APPPATH\Controllers\Horatrabalhada.php on line 125.
 1 APPPATH\Controllers\Horatrabalhada.php(125): CodeIgniter\Debug\Exceptions->errorHandler(2, 'Undefined variable $horarioEntrada', 'C:\\xampp\\htdocs\\horasTurno\\app\\Controllers\\Horatrabalhada.php', 125)
 2 SYSTEMPATH\CodeIgniter.php(942): App\Controllers\HoraTrabalhada->save_registro()
 3 SYSTEMPATH\CodeIgniter.php(502): CodeIgniter\CodeIgniter->runController(Object(App\Controllers\HoraTrabalhada))
 4 SYSTEMPATH\CodeIgniter.php(361): CodeIgniter\CodeIgniter->handleRequest(null, Object(Config\Cache), false)
 5 FCPATH\index.php(79): CodeIgniter\CodeIgniter->run()
CRITICAL - 2023-12-13 04:01:34 --> Undefined variable $data
in APPPATH\Controllers\Horatrabalhada.php on line 121.
 1 APPPATH\Controllers\Horatrabalhada.php(121): CodeIgniter\Debug\Exceptions->errorHandler(2, 'Undefined variable $data', 'C:\\xampp\\htdocs\\horasTurno\\app\\Controllers\\Horatrabalhada.php', 121)
 2 SYSTEMPATH\CodeIgniter.php(942): App\Controllers\HoraTrabalhada->save_registro()
 3 SYSTEMPATH\CodeIgniter.php(502): CodeIgniter\CodeIgniter->runController(Object(App\Controllers\HoraTrabalhada))
 4 SYSTEMPATH\CodeIgniter.php(361): CodeIgniter\CodeIgniter->handleRequest(null, Object(Config\Cache), false)
 5 FCPATH\index.php(79): CodeIgniter\CodeIgniter->run()
CRITICAL - 2023-12-13 04:01:50 --> Undefined variable $horarioEntrada
in APPPATH\Controllers\Horatrabalhada.php on line 125.
 1 APPPATH\Controllers\Horatrabalhada.php(125): CodeIgniter\Debug\Exceptions->errorHandler(2, 'Undefined variable $horarioEntrada', 'C:\\xampp\\htdocs\\horasTurno\\app\\Controllers\\Horatrabalhada.php', 125)
 2 SYSTEMPATH\CodeIgniter.php(942): App\Controllers\HoraTrabalhada->save_registro()
 3 SYSTEMPATH\CodeIgniter.php(502): CodeIgniter\CodeIgniter->runController(Object(App\Controllers\HoraTrabalhada))
 4 SYSTEMPATH\CodeIgniter.php(361): CodeIgniter\CodeIgniter->handleRequest(null, Object(Config\Cache), false)
 5 FCPATH\index.php(79): CodeIgniter\CodeIgniter->run()
CRITICAL - 2023-12-13 04:02:07 --> Undefined variable $horarioEntrada
in APPPATH\Controllers\Horatrabalhada.php on line 125.
 1 APPPATH\Controllers\Horatrabalhada.php(125): CodeIgniter\Debug\Exceptions->errorHandler(2, 'Undefined variable $horarioEntrada', 'C:\\xampp\\htdocs\\horasTurno\\app\\Controllers\\Horatrabalhada.php', 125)
 2 SYSTEMPATH\CodeIgniter.php(942): App\Controllers\HoraTrabalhada->save_registro()
 3 SYSTEMPATH\CodeIgniter.php(502): CodeIgniter\CodeIgniter->runController(Object(App\Controllers\HoraTrabalhada))
 4 SYSTEMPATH\CodeIgniter.php(361): CodeIgniter\CodeIgniter->handleRequest(null, Object(Config\Cache), false)
 5 FCPATH\index.php(79): CodeIgniter\CodeIgniter->run()
CRITICAL - 2023-12-13 04:03:00 --> Undefined variable $horarioEntrada
in APPPATH\Controllers\Horatrabalhada.php on line 125.
 1 APPPATH\Controllers\Horatrabalhada.php(125): CodeIgniter\Debug\Exceptions->errorHandler(2, 'Undefined variable $horarioEntrada', 'C:\\xampp\\htdocs\\horasTurno\\app\\Controllers\\Horatrabalhada.php', 125)
 2 SYSTEMPATH\CodeIgniter.php(942): App\Controllers\HoraTrabalhada->save_registro()
 3 SYSTEMPATH\CodeIgniter.php(502): CodeIgniter\CodeIgniter->runController(Object(App\Controllers\HoraTrabalhada))
 4 SYSTEMPATH\CodeIgniter.php(361): CodeIgniter\CodeIgniter->handleRequest(null, Object(Config\Cache), false)
 5 FCPATH\index.php(79): CodeIgniter\CodeIgniter->run()
CRITICAL - 2023-12-13 04:03:47 --> Undefined variable $horarioEntrada
in APPPATH\Controllers\Horatrabalhada.php on line 125.
 1 APPPATH\Controllers\Horatrabalhada.php(125): CodeIgniter\Debug\Exceptions->errorHandler(2, 'Undefined variable $horarioEntrada', 'C:\\xampp\\htdocs\\horasTurno\\app\\Controllers\\Horatrabalhada.php', 125)
 2 SYSTEMPATH\CodeIgniter.php(942): App\Controllers\HoraTrabalhada->save_registro()
 3 SYSTEMPATH\CodeIgniter.php(502): CodeIgniter\CodeIgniter->runController(Object(App\Controllers\HoraTrabalhada))
 4 SYSTEMPATH\CodeIgniter.php(361): CodeIgniter\CodeIgniter->handleRequest(null, Object(Config\Cache), false)
 5 FCPATH\index.php(79): CodeIgniter\CodeIgniter->run()
CRITICAL - 2023-12-13 04:11:23 --> syntax error, unexpected token "*"
in APPPATH\Controllers\Horatrabalhada.php on line 119.
 1 SYSTEMPATH\Router\Router.php(514): CodeIgniter\Router\AutoRouter->getRoute('horaTrabalhada/save_registro', 'get')
 2 SYSTEMPATH\Router\Router.php(210): CodeIgniter\Router\Router->autoRoute('horaTrabalhada/save_registro')
 3 SYSTEMPATH\CodeIgniter.php(823): CodeIgniter\Router\Router->handle('horaTrabalhada/save_registro')
 4 SYSTEMPATH\CodeIgniter.php(450): CodeIgniter\CodeIgniter->tryToRouteIt(Object(CodeIgniter\Router\RouteCollection))
 5 SYSTEMPATH\CodeIgniter.php(361): CodeIgniter\CodeIgniter->handleRequest(null, Object(Config\Cache), false)
 6 FCPATH\index.php(79): CodeIgniter\CodeIgniter->run()
CRITICAL - 2023-12-13 04:11:33 --> syntax error, unexpected token "*", expecting variable or "{" or "$"
in APPPATH\Controllers\Horatrabalhada.php on line 119.
 1 SYSTEMPATH\Router\Router.php(514): CodeIgniter\Router\AutoRouter->getRoute('horaTrabalhada/save_registro', 'get')
 2 SYSTEMPATH\Router\Router.php(210): CodeIgniter\Router\Router->autoRoute('horaTrabalhada/save_registro')
 3 SYSTEMPATH\CodeIgniter.php(823): CodeIgniter\Router\Router->handle('horaTrabalhada/save_registro')
 4 SYSTEMPATH\CodeIgniter.php(450): CodeIgniter\CodeIgniter->tryToRouteIt(Object(CodeIgniter\Router\RouteCollection))
 5 SYSTEMPATH\CodeIgniter.php(361): CodeIgniter\CodeIgniter->handleRequest(null, Object(Config\Cache), false)
 6 FCPATH\index.php(79): CodeIgniter\CodeIgniter->run()
CRITICAL - 2023-12-13 04:12:13 --> Undefined variable $horarioEntrada
in APPPATH\Controllers\Horatrabalhada.php on line 119.
 1 APPPATH\Controllers\Horatrabalhada.php(119): CodeIgniter\Debug\Exceptions->errorHandler(2, 'Undefined variable $horarioEntrada', 'C:\\xampp\\htdocs\\horasTurno\\app\\Controllers\\Horatrabalhada.php', 119)
 2 SYSTEMPATH\CodeIgniter.php(942): App\Controllers\HoraTrabalhada->save_registro()
 3 SYSTEMPATH\CodeIgniter.php(502): CodeIgniter\CodeIgniter->runController(Object(App\Controllers\HoraTrabalhada))
 4 SYSTEMPATH\CodeIgniter.php(361): CodeIgniter\CodeIgniter->handleRequest(null, Object(Config\Cache), false)
 5 FCPATH\index.php(79): CodeIgniter\CodeIgniter->run()
CRITICAL - 2023-12-13 04:12:41 --> Undefined variable $first_name
in APPPATH\Controllers\Horatrabalhada.php on line 119.
 1 APPPATH\Controllers\Horatrabalhada.php(119): CodeIgniter\Debug\Exceptions->errorHandler(2, 'Undefined variable $first_name', 'C:\\xampp\\htdocs\\horasTurno\\app\\Controllers\\Horatrabalhada.php', 119)
 2 SYSTEMPATH\CodeIgniter.php(942): App\Controllers\HoraTrabalhada->save_registro()
 3 SYSTEMPATH\CodeIgniter.php(502): CodeIgniter\CodeIgniter->runController(Object(App\Controllers\HoraTrabalhada))
 4 SYSTEMPATH\CodeIgniter.php(361): CodeIgniter\CodeIgniter->handleRequest(null, Object(Config\Cache), false)
 5 FCPATH\index.php(79): CodeIgniter\CodeIgniter->run()
CRITICAL - 2023-12-13 04:15:49 --> syntax error, unexpected token "=>", expecting "]"
in APPPATH\Views\output_comparaHora.php on line 6.
 1 SYSTEMPATH\View\View.php(231): CodeIgniter\View\View->CodeIgniter\View\{closure}()
 2 SYSTEMPATH\Common.php(1190): CodeIgniter\View\View->render('output_comparaHora', [], true)
 3 APPPATH\Controllers\Horatrabalhada.php(113): view('output_comparaHora', [...])
 4 SYSTEMPATH\CodeIgniter.php(942): App\Controllers\HoraTrabalhada->comparaHora()
 5 SYSTEMPATH\CodeIgniter.php(502): CodeIgniter\CodeIgniter->runController(Object(App\Controllers\HoraTrabalhada))
 6 SYSTEMPATH\CodeIgniter.php(361): CodeIgniter\CodeIgniter->handleRequest(null, Object(Config\Cache), false)
 7 FCPATH\index.php(79): CodeIgniter\CodeIgniter->run()
CRITICAL - 2023-12-13 04:26:00 --> Undefined variable $periodoDiurno
in APPPATH\Controllers\Horatrabalhada.php on line 119.
 1 APPPATH\Controllers\Horatrabalhada.php(119): CodeIgniter\Debug\Exceptions->errorHandler(2, 'Undefined variable $periodoDiurno', 'C:\\xampp\\htdocs\\horasTurno\\app\\Controllers\\Horatrabalhada.php', 119)
 2 SYSTEMPATH\CodeIgniter.php(942): App\Controllers\HoraTrabalhada->save_registro()
 3 SYSTEMPATH\CodeIgniter.php(502): CodeIgniter\CodeIgniter->runController(Object(App\Controllers\HoraTrabalhada))
 4 SYSTEMPATH\CodeIgniter.php(361): CodeIgniter\CodeIgniter->handleRequest(null, Object(Config\Cache), false)
 5 FCPATH\index.php(79): CodeIgniter\CodeIgniter->run()
CRITICAL - 2023-12-13 04:49:59 --> Call to undefined method App\Controllers\HoraTrabalhada::old()
in APPPATH\Controllers\Horatrabalhada.php on line 119.
 1 SYSTEMPATH\CodeIgniter.php(942): App\Controllers\HoraTrabalhada->save_registro()
 2 SYSTEMPATH\CodeIgniter.php(502): CodeIgniter\CodeIgniter->runController(Object(App\Controllers\HoraTrabalhada))
 3 SYSTEMPATH\CodeIgniter.php(361): CodeIgniter\CodeIgniter->handleRequest(null, Object(Config\Cache), false)
 4 FCPATH\index.php(79): CodeIgniter\CodeIgniter->run()
INFO - 2023-12-13 04:50:52 --> Session: Class initialized using 'CodeIgniter\Session\Handlers\FileHandler' driver.
CRITICAL - 2023-12-13 04:51:56 --> Undefined variable $treta
in APPPATH\Controllers\Horatrabalhada.php on line 135.
 1 APPPATH\Controllers\Horatrabalhada.php(135): CodeIgniter\Debug\Exceptions->errorHandler(2, 'Undefined variable $treta', 'C:\\xampp\\htdocs\\horasTurno\\app\\Controllers\\Horatrabalhada.php', 135)
 2 SYSTEMPATH\CodeIgniter.php(942): App\Controllers\HoraTrabalhada->save_registro()
 3 SYSTEMPATH\CodeIgniter.php(502): CodeIgniter\CodeIgniter->runController(Object(App\Controllers\HoraTrabalhada))
 4 SYSTEMPATH\CodeIgniter.php(361): CodeIgniter\CodeIgniter->handleRequest(null, Object(Config\Cache), false)
 5 FCPATH\index.php(79): CodeIgniter\CodeIgniter->run()
CRITICAL - 2023-12-13 04:55:05 --> syntax error, unexpected token "/"
in APPPATH\Controllers\Horatrabalhada.php on line 119.
 1 SYSTEMPATH\Router\Router.php(514): CodeIgniter\Router\AutoRouter->getRoute('horaTrabalhada', 'get')
 2 SYSTEMPATH\Router\Router.php(210): CodeIgniter\Router\Router->autoRoute('horaTrabalhada')
 3 SYSTEMPATH\CodeIgniter.php(823): CodeIgniter\Router\Router->handle('horaTrabalhada')
 4 SYSTEMPATH\CodeIgniter.php(450): CodeIgniter\CodeIgniter->tryToRouteIt(Object(CodeIgniter\Router\RouteCollection))
 5 SYSTEMPATH\CodeIgniter.php(361): CodeIgniter\CodeIgniter->handleRequest(null, Object(Config\Cache), false)
 6 FCPATH\index.php(79): CodeIgniter\CodeIgniter->run()
CRITICAL - 2023-12-13 05:00:32 --> Undefined variable $view
in APPPATH\Controllers\Horatrabalhada.php on line 113.
 1 APPPATH\Controllers\Horatrabalhada.php(113): CodeIgniter\Debug\Exceptions->errorHandler(2, 'Undefined variable $view', 'C:\\xampp\\htdocs\\horasTurno\\app\\Controllers\\Horatrabalhada.php', 113)
 2 SYSTEMPATH\CodeIgniter.php(942): App\Controllers\HoraTrabalhada->comparaHora()
 3 SYSTEMPATH\CodeIgniter.php(502): CodeIgniter\CodeIgniter->runController(Object(App\Controllers\HoraTrabalhada))
 4 SYSTEMPATH\CodeIgniter.php(361): CodeIgniter\CodeIgniter->handleRequest(null, Object(Config\Cache), false)
 5 FCPATH\index.php(79): CodeIgniter\CodeIgniter->run()
CRITICAL - 2023-12-13 05:00:45 --> Undefined variable $view
in APPPATH\Controllers\Horatrabalhada.php on line 113.
 1 APPPATH\Controllers\Horatrabalhada.php(113): CodeIgniter\Debug\Exceptions->errorHandler(2, 'Undefined variable $view', 'C:\\xampp\\htdocs\\horasTurno\\app\\Controllers\\Horatrabalhada.php', 113)
 2 SYSTEMPATH\CodeIgniter.php(942): App\Controllers\HoraTrabalhada->comparaHora()
 3 SYSTEMPATH\CodeIgniter.php(502): CodeIgniter\CodeIgniter->runController(Object(App\Controllers\HoraTrabalhada))
 4 SYSTEMPATH\CodeIgniter.php(361): CodeIgniter\CodeIgniter->handleRequest(null, Object(Config\Cache), false)
 5 FCPATH\index.php(79): CodeIgniter\CodeIgniter->run()
CRITICAL - 2023-12-13 05:01:48 --> Too few arguments to function CodeIgniter\View\View::__construct(), 0 passed in C:\xampp\htdocs\horasTurno\app\Controllers\Horatrabalhada.php on line 113 and at least 1 expected
in SYSTEMPATH\View\View.php on line 144.
 1 APPPATH\Controllers\Horatrabalhada.php(113): CodeIgniter\View\View->__construct()
 2 SYSTEMPATH\CodeIgniter.php(942): App\Controllers\HoraTrabalhada->comparaHora()
 3 SYSTEMPATH\CodeIgniter.php(502): CodeIgniter\CodeIgniter->runController(Object(App\Controllers\HoraTrabalhada))
 4 SYSTEMPATH\CodeIgniter.php(361): CodeIgniter\CodeIgniter->handleRequest(null, Object(Config\Cache), false)
 5 FCPATH\index.php(79): CodeIgniter\CodeIgniter->run()
INFO - 2023-12-13 05:05:06 --> Session: Class initialized using 'CodeIgniter\Session\Handlers\FileHandler' driver.
INFO - 2023-12-13 05:08:07 --> Session: Class initialized using 'CodeIgniter\Session\Handlers\FileHandler' driver.
INFO - 2023-12-13 05:12:20 --> Session: Class initialized using 'CodeIgniter\Session\Handlers\FileHandler' driver.
INFO - 2023-12-13 05:12:38 --> Session: Class initialized using 'CodeIgniter\Session\Handlers\FileHandler' driver.
INFO - 2023-12-13 05:12:42 --> Session: Class initialized using 'CodeIgniter\Session\Handlers\FileHandler' driver.
CRITICAL - 2023-12-13 05:20:01 --> Undefined variable $data
in APPPATH\Controllers\Horatrabalhada.php on line 122.
 1 APPPATH\Controllers\Horatrabalhada.php(122): CodeIgniter\Debug\Exceptions->errorHandler(2, 'Undefined variable $data', 'C:\\xampp\\htdocs\\horasTurno\\app\\Controllers\\Horatrabalhada.php', 122)
 2 SYSTEMPATH\CodeIgniter.php(942): App\Controllers\HoraTrabalhada->save_registro()
 3 SYSTEMPATH\CodeIgniter.php(502): CodeIgniter\CodeIgniter->runController(Object(App\Controllers\HoraTrabalhada))
 4 SYSTEMPATH\CodeIgniter.php(361): CodeIgniter\CodeIgniter->handleRequest(null, Object(Config\Cache), false)
 5 FCPATH\index.php(79): CodeIgniter\CodeIgniter->run()
CRITICAL - 2023-12-13 05:20:09 --> Undefined variable $treta
in APPPATH\Controllers\Horatrabalhada.php on line 123.
 1 APPPATH\Controllers\Horatrabalhada.php(123): CodeIgniter\Debug\Exceptions->errorHandler(2, 'Undefined variable $treta', 'C:\\xampp\\htdocs\\horasTurno\\app\\Controllers\\Horatrabalhada.php', 123)
 2 SYSTEMPATH\CodeIgniter.php(942): App\Controllers\HoraTrabalhada->save_registro()
 3 SYSTEMPATH\CodeIgniter.php(502): CodeIgniter\CodeIgniter->runController(Object(App\Controllers\HoraTrabalhada))
 4 SYSTEMPATH\CodeIgniter.php(361): CodeIgniter\CodeIgniter->handleRequest(null, Object(Config\Cache), false)
 5 FCPATH\index.php(79): CodeIgniter\CodeIgniter->run()
INFO - 2023-12-13 05:20:19 --> Session: Class initialized using 'CodeIgniter\Session\Handlers\FileHandler' driver.
CRITICAL - 2023-12-13 05:20:37 --> Undefined variable $treta
in APPPATH\Controllers\Horatrabalhada.php on line 123.
 1 APPPATH\Controllers\Horatrabalhada.php(123): CodeIgniter\Debug\Exceptions->errorHandler(2, 'Undefined variable $treta', 'C:\\xampp\\htdocs\\horasTurno\\app\\Controllers\\Horatrabalhada.php', 123)
 2 SYSTEMPATH\CodeIgniter.php(942): App\Controllers\HoraTrabalhada->save_registro()
 3 SYSTEMPATH\CodeIgniter.php(502): CodeIgniter\CodeIgniter->runController(Object(App\Controllers\HoraTrabalhada))
 4 SYSTEMPATH\CodeIgniter.php(361): CodeIgniter\CodeIgniter->handleRequest(null, Object(Config\Cache), false)
 5 FCPATH\index.php(79): CodeIgniter\CodeIgniter->run()
CRITICAL - 2023-12-13 05:20:47 --> Undefined variable $treta
in APPPATH\Controllers\Horatrabalhada.php on line 138.
 1 APPPATH\Controllers\Horatrabalhada.php(138): CodeIgniter\Debug\Exceptions->errorHandler(2, 'Undefined variable $treta', 'C:\\xampp\\htdocs\\horasTurno\\app\\Controllers\\Horatrabalhada.php', 138)
 2 SYSTEMPATH\CodeIgniter.php(942): App\Controllers\HoraTrabalhada->save_registro()
 3 SYSTEMPATH\CodeIgniter.php(502): CodeIgniter\CodeIgniter->runController(Object(App\Controllers\HoraTrabalhada))
 4 SYSTEMPATH\CodeIgniter.php(361): CodeIgniter\CodeIgniter->handleRequest(null, Object(Config\Cache), false)
 5 FCPATH\index.php(79): CodeIgniter\CodeIgniter->run()
CRITICAL - 2023-12-13 05:20:58 --> syntax error, unexpected token "else", expecting "function" or "const"
in APPPATH\Controllers\Horatrabalhada.php on line 157.
 1 SYSTEMPATH\Router\Router.php(514): CodeIgniter\Router\AutoRouter->getRoute('horaTrabalhada/save_registro', 'get')
 2 SYSTEMPATH\Router\Router.php(210): CodeIgniter\Router\Router->autoRoute('horaTrabalhada/save_registro')
 3 SYSTEMPATH\CodeIgniter.php(823): CodeIgniter\Router\Router->handle('horaTrabalhada/save_registro')
 4 SYSTEMPATH\CodeIgniter.php(450): CodeIgniter\CodeIgniter->tryToRouteIt(Object(CodeIgniter\Router\RouteCollection))
 5 SYSTEMPATH\CodeIgniter.php(361): CodeIgniter\CodeIgniter->handleRequest(null, Object(Config\Cache), false)
 6 FCPATH\index.php(79): CodeIgniter\CodeIgniter->run()
CRITICAL - 2023-12-13 05:21:13 --> Undefined variable $data
in APPPATH\Controllers\Horatrabalhada.php on line 122.
 1 APPPATH\Controllers\Horatrabalhada.php(122): CodeIgniter\Debug\Exceptions->errorHandler(2, 'Undefined variable $data', 'C:\\xampp\\htdocs\\horasTurno\\app\\Controllers\\Horatrabalhada.php', 122)
 2 SYSTEMPATH\CodeIgniter.php(942): App\Controllers\HoraTrabalhada->save_registro()
 3 SYSTEMPATH\CodeIgniter.php(502): CodeIgniter\CodeIgniter->runController(Object(App\Controllers\HoraTrabalhada))
 4 SYSTEMPATH\CodeIgniter.php(361): CodeIgniter\CodeIgniter->handleRequest(null, Object(Config\Cache), false)
 5 FCPATH\index.php(79): CodeIgniter\CodeIgniter->run()
CRITICAL - 2023-12-13 05:21:23 --> Too few arguments to function old(), 0 passed in C:\xampp\htdocs\horasTurno\app\Controllers\Horatrabalhada.php on line 122 and at least 1 expected
in SYSTEMPATH\Common.php on line 842.
 1 APPPATH\Controllers\Horatrabalhada.php(122): old()
 2 SYSTEMPATH\CodeIgniter.php(942): App\Controllers\HoraTrabalhada->save_registro()
 3 SYSTEMPATH\CodeIgniter.php(502): CodeIgniter\CodeIgniter->runController(Object(App\Controllers\HoraTrabalhada))
 4 SYSTEMPATH\CodeIgniter.php(361): CodeIgniter\CodeIgniter->handleRequest(null, Object(Config\Cache), false)
 5 FCPATH\index.php(79): CodeIgniter\CodeIgniter->run()
INFO - 2023-12-13 05:21:39 --> Session: Class initialized using 'CodeIgniter\Session\Handlers\FileHandler' driver.
INFO - 2023-12-13 05:30:08 --> Session: Class initialized using 'CodeIgniter\Session\Handlers\FileHandler' driver.
CRITICAL - 2023-12-13 05:31:37 --> Call to a member function add() on array
in APPPATH\Controllers\Horatrabalhada.php on line 120.
 1 SYSTEMPATH\CodeIgniter.php(942): App\Controllers\HoraTrabalhada->comparaHora()
 2 SYSTEMPATH\CodeIgniter.php(502): CodeIgniter\CodeIgniter->runController(Object(App\Controllers\HoraTrabalhada))
 3 SYSTEMPATH\CodeIgniter.php(361): CodeIgniter\CodeIgniter->handleRequest(null, Object(Config\Cache), false)
 4 FCPATH\index.php(79): CodeIgniter\CodeIgniter->run()
WARNING - 2023-12-13 05:42:57 --> [DEPRECATED] Implicit conversion from float 1.2 to int loses precision in APPPATH\Views\output_comparaHora.php on line 50.
 1 SYSTEMPATH\View\View.php(228): include('C:\\xampp\\htdocs\\horasTurno\\app\\Views\\output_comparaHora.php')
 2 SYSTEMPATH\View\View.php(231): CodeIgniter\View\View->CodeIgniter\View\{closure}()
 3 SYSTEMPATH\Common.php(1190): CodeIgniter\View\View->render('output_comparaHora', [], true)
 4 APPPATH\Controllers\Horatrabalhada.php(121): view('output_comparaHora', [...])
 5 SYSTEMPATH\CodeIgniter.php(942): App\Controllers\HoraTrabalhada->comparaHora()
 6 SYSTEMPATH\CodeIgniter.php(502): CodeIgniter\CodeIgniter->runController(Object(App\Controllers\HoraTrabalhada))
 7 SYSTEMPATH\CodeIgniter.php(361): CodeIgniter\CodeIgniter->handleRequest(null, Object(Config\Cache), false)
 8 FCPATH\index.php(79): CodeIgniter\CodeIgniter->run()
WARNING - 2023-12-13 05:43:05 --> [DEPRECATED] Implicit conversion from float 1.2 to int loses precision in APPPATH\Views\output_comparaHora.php on line 50.
 1 SYSTEMPATH\View\View.php(228): include('C:\\xampp\\htdocs\\horasTurno\\app\\Views\\output_comparaHora.php')
 2 SYSTEMPATH\View\View.php(231): CodeIgniter\View\View->CodeIgniter\View\{closure}()
 3 SYSTEMPATH\Common.php(1190): CodeIgniter\View\View->render('output_comparaHora', [], true)
 4 APPPATH\Controllers\Horatrabalhada.php(121): view('output_comparaHora', [...])
 5 SYSTEMPATH\CodeIgniter.php(942): App\Controllers\HoraTrabalhada->comparaHora()
 6 SYSTEMPATH\CodeIgniter.php(502): CodeIgniter\CodeIgniter->runController(Object(App\Controllers\HoraTrabalhada))
 7 SYSTEMPATH\CodeIgniter.php(361): CodeIgniter\CodeIgniter->handleRequest(null, Object(Config\Cache), false)
 8 FCPATH\index.php(79): CodeIgniter\CodeIgniter->run()
CRITICAL - 2023-12-13 05:45:45 --> syntax error, unexpected token "%"
in APPPATH\Views\output_comparaHora.php on line 50.
 1 SYSTEMPATH\View\View.php(231): CodeIgniter\View\View->CodeIgniter\View\{closure}()
 2 SYSTEMPATH\Common.php(1190): CodeIgniter\View\View->render('output_comparaHora', [], true)
 3 APPPATH\Controllers\Horatrabalhada.php(121): view('output_comparaHora', [...])
 4 SYSTEMPATH\CodeIgniter.php(942): App\Controllers\HoraTrabalhada->comparaHora()
 5 SYSTEMPATH\CodeIgniter.php(502): CodeIgniter\CodeIgniter->runController(Object(App\Controllers\HoraTrabalhada))
 6 SYSTEMPATH\CodeIgniter.php(361): CodeIgniter\CodeIgniter->handleRequest(null, Object(Config\Cache), false)
 7 FCPATH\index.php(79): CodeIgniter\CodeIgniter->run()
CRITICAL - 2023-12-13 05:55:35 --> time() expects exactly 0 arguments, 1 given
in APPPATH\Views\output_comparaHora.php on line 50.
 1 APPPATH\Views\output_comparaHora.php(50): time(Object(DateInterval))
 2 SYSTEMPATH\View\View.php(228): include('C:\\xampp\\htdocs\\horasTurno\\app\\Views\\output_comparaHora.php')
 3 SYSTEMPATH\View\View.php(231): CodeIgniter\View\View->CodeIgniter\View\{closure}()
 4 SYSTEMPATH\Common.php(1190): CodeIgniter\View\View->render('output_comparaHora', [], true)
 5 APPPATH\Controllers\Horatrabalhada.php(121): view('output_comparaHora', [...])
 6 SYSTEMPATH\CodeIgniter.php(942): App\Controllers\HoraTrabalhada->comparaHora()
 7 SYSTEMPATH\CodeIgniter.php(502): CodeIgniter\CodeIgniter->runController(Object(App\Controllers\HoraTrabalhada))
 8 SYSTEMPATH\CodeIgniter.php(361): CodeIgniter\CodeIgniter->handleRequest(null, Object(Config\Cache), false)
 9 FCPATH\index.php(79): CodeIgniter\CodeIgniter->run()
CRITICAL - 2023-12-13 05:55:52 --> Class "Time" not found
in APPPATH\Views\output_comparaHora.php on line 50.
 1 SYSTEMPATH\View\View.php(228): include()
 2 SYSTEMPATH\View\View.php(231): CodeIgniter\View\View->CodeIgniter\View\{closure}()
 3 SYSTEMPATH\Common.php(1190): CodeIgniter\View\View->render('output_comparaHora', [], true)
 4 APPPATH\Controllers\Horatrabalhada.php(121): view('output_comparaHora', [...])
 5 SYSTEMPATH\CodeIgniter.php(942): App\Controllers\HoraTrabalhada->comparaHora()
 6 SYSTEMPATH\CodeIgniter.php(502): CodeIgniter\CodeIgniter->runController(Object(App\Controllers\HoraTrabalhada))
 7 SYSTEMPATH\CodeIgniter.php(361): CodeIgniter\CodeIgniter->handleRequest(null, Object(Config\Cache), false)
 8 FCPATH\index.php(79): CodeIgniter\CodeIgniter->run()
INFO - 2023-12-13 05:58:58 --> Session: Class initialized using 'CodeIgniter\Session\Handlers\FileHandler' driver.
CRITICAL - 2023-12-13 05:59:23 --> Call to undefined function int()
in APPPATH\Views\output_comparaHora.php on line 52.
 1 SYSTEMPATH\View\View.php(228): include()
 2 SYSTEMPATH\View\View.php(231): CodeIgniter\View\View->CodeIgniter\View\{closure}()
 3 SYSTEMPATH\Common.php(1190): CodeIgniter\View\View->render('output_comparaHora', [], true)
 4 APPPATH\Controllers\Horatrabalhada.php(121): view('output_comparaHora', [...])
 5 SYSTEMPATH\CodeIgniter.php(942): App\Controllers\HoraTrabalhada->comparaHora()
 6 SYSTEMPATH\CodeIgniter.php(502): CodeIgniter\CodeIgniter->runController(Object(App\Controllers\HoraTrabalhada))
 7 SYSTEMPATH\CodeIgniter.php(361): CodeIgniter\CodeIgniter->handleRequest(null, Object(Config\Cache), false)
 8 FCPATH\index.php(79): CodeIgniter\CodeIgniter->run()
CRITICAL - 2023-12-13 05:59:31 --> Class "int" not found
in APPPATH\Views\output_comparaHora.php on line 52.
 1 SYSTEMPATH\View\View.php(228): include()
 2 SYSTEMPATH\View\View.php(231): CodeIgniter\View\View->CodeIgniter\View\{closure}()
 3 SYSTEMPATH\Common.php(1190): CodeIgniter\View\View->render('output_comparaHora', [], true)
 4 APPPATH\Controllers\Horatrabalhada.php(121): view('output_comparaHora', [...])
 5 SYSTEMPATH\CodeIgniter.php(942): App\Controllers\HoraTrabalhada->comparaHora()
 6 SYSTEMPATH\CodeIgniter.php(502): CodeIgniter\CodeIgniter->runController(Object(App\Controllers\HoraTrabalhada))
 7 SYSTEMPATH\CodeIgniter.php(361): CodeIgniter\CodeIgniter->handleRequest(null, Object(Config\Cache), false)
 8 FCPATH\index.php(79): CodeIgniter\CodeIgniter->run()
CRITICAL - 2023-12-13 06:19:09 --> Undefined variable $progresso
in APPPATH\Views\output_comparaHora.php on line 36.
 1 APPPATH\Views\output_comparaHora.php(36): CodeIgniter\Debug\Exceptions->errorHandler(2, 'Undefined variable $progresso', 'C:\\xampp\\htdocs\\horasTurno\\app\\Views\\output_comparaHora.php', 36)
 2 SYSTEMPATH\View\View.php(228): include('C:\\xampp\\htdocs\\horasTurno\\app\\Views\\output_comparaHora.php')
 3 SYSTEMPATH\View\View.php(231): CodeIgniter\View\View->CodeIgniter\View\{closure}()
 4 SYSTEMPATH\Common.php(1190): CodeIgniter\View\View->render('output_comparaHora', [], true)
 5 APPPATH\Controllers\Horatrabalhada.php(123): view('output_comparaHora', [...])
 6 SYSTEMPATH\CodeIgniter.php(942): App\Controllers\HoraTrabalhada->comparaHora()
 7 SYSTEMPATH\CodeIgniter.php(502): CodeIgniter\CodeIgniter->runController(Object(App\Controllers\HoraTrabalhada))
 8 SYSTEMPATH\CodeIgniter.php(361): CodeIgniter\CodeIgniter->handleRequest(null, Object(Config\Cache), false)
 9 FCPATH\index.php(79): CodeIgniter\CodeIgniter->run()
CRITICAL - 2023-12-13 06:34:01 --> Undefined variable $progresso100
in APPPATH\Views\output_comparaHora.php on line 52.
 1 APPPATH\Views\output_comparaHora.php(52): CodeIgniter\Debug\Exceptions->errorHandler(2, 'Undefined variable $progresso100', 'C:\\xampp\\htdocs\\horasTurno\\app\\Views\\output_comparaHora.php', 52)
 2 SYSTEMPATH\View\View.php(228): include('C:\\xampp\\htdocs\\horasTurno\\app\\Views\\output_comparaHora.php')
 3 SYSTEMPATH\View\View.php(231): CodeIgniter\View\View->CodeIgniter\View\{closure}()
 4 SYSTEMPATH\Common.php(1190): CodeIgniter\View\View->render('output_comparaHora', [], true)
 5 APPPATH\Controllers\Horatrabalhada.php(123): view('output_comparaHora', [...])
 6 SYSTEMPATH\CodeIgniter.php(942): App\Controllers\HoraTrabalhada->comparaHora()
 7 SYSTEMPATH\CodeIgniter.php(502): CodeIgniter\CodeIgniter->runController(Object(App\Controllers\HoraTrabalhada))
 8 SYSTEMPATH\CodeIgniter.php(361): CodeIgniter\CodeIgniter->handleRequest(null, Object(Config\Cache), false)
 9 FCPATH\index.php(79): CodeIgniter\CodeIgniter->run()
CRITICAL - 2023-12-13 13:52:38 --> Undefined variable $totalTime
in SYSTEMPATH\Debug\Toolbar\Views\toolbar.tpl.php on line 46.
 1 SYSTEMPATH\Debug\Toolbar\Views\toolbar.tpl.php(46): CodeIgniter\Debug\Exceptions->errorHandler(2, 'Undefined variable $totalTime', 'C:\\xampp\\htdocs\\horasTurno\\system\\Debug\\Toolbar\\Views\\toolbar.tpl.php', 46)
 2 SYSTEMPATH\Debug\Toolbar.php(513): include('C:\\xampp\\htdocs\\horasTurno\\system\\Debug\\Toolbar\\Views\\toolbar.tpl.php')
 3 SYSTEMPATH\Debug\Toolbar.php(476): CodeIgniter\Debug\Toolbar->format([...], 'html')
 4 APPPATH\Config\Events.php(47): CodeIgniter\Debug\Toolbar->respond()
 5 SYSTEMPATH\Events\Events.php(154): CodeIgniter\Events\Events::Config\{closure}()
 6 SYSTEMPATH\CodeIgniter.php(442): CodeIgniter\Events\Events::trigger('pre_system')
 7 SYSTEMPATH\CodeIgniter.php(361): CodeIgniter\CodeIgniter->handleRequest(null, Object(Config\Cache), false)
 8 FCPATH\index.php(79): CodeIgniter\CodeIgniter->run()
CRITICAL - 2023-12-13 14:11:21 --> Too few arguments to function CodeIgniter\Router\RouteCollection::post(), 1 passed in C:\xampp\htdocs\horasTurno\app\Config\Routes.php on line 11 and at least 2 expected
in SYSTEMPATH\Router\RouteCollection.php on line 1028.
 1 APPPATH\Config\Routes.php(11): CodeIgniter\Router\RouteCollection->post('/horaTrabalhada/save_registro')
 2 SYSTEMPATH\Router\RouteCollection.php(344): require('C:\\xampp\\htdocs\\horasTurno\\app\\Config\\Routes.php')
 3 SYSTEMPATH\CodeIgniter.php(810): CodeIgniter\Router\RouteCollection->loadRoutes()
 4 SYSTEMPATH\CodeIgniter.php(450): CodeIgniter\CodeIgniter->tryToRouteIt(null)
 5 SYSTEMPATH\CodeIgniter.php(361): CodeIgniter\CodeIgniter->handleRequest(null, Object(Config\Cache), false)
 6 FCPATH\index.php(79): CodeIgniter\CodeIgniter->run()
CRITICAL - 2023-12-13 14:11:23 --> Too few arguments to function CodeIgniter\Router\RouteCollection::post(), 1 passed in C:\xampp\htdocs\horasTurno\app\Config\Routes.php on line 11 and at least 2 expected
in SYSTEMPATH\Router\RouteCollection.php on line 1028.
 1 APPPATH\Config\Routes.php(11): CodeIgniter\Router\RouteCollection->post('/horaTrabalhada/save_registro')
 2 SYSTEMPATH\Router\RouteCollection.php(344): require('C:\\xampp\\htdocs\\horasTurno\\app\\Config\\Routes.php')
 3 SYSTEMPATH\CodeIgniter.php(810): CodeIgniter\Router\RouteCollection->loadRoutes()
 4 SYSTEMPATH\CodeIgniter.php(450): CodeIgniter\CodeIgniter->tryToRouteIt(null)
 5 SYSTEMPATH\CodeIgniter.php(361): CodeIgniter\CodeIgniter->handleRequest(null, Object(Config\Cache), false)
 6 FCPATH\index.php(79): CodeIgniter\CodeIgniter->run()
CRITICAL - 2023-12-13 14:11:24 --> Too few arguments to function CodeIgniter\Router\RouteCollection::post(), 1 passed in C:\xampp\htdocs\horasTurno\app\Config\Routes.php on line 11 and at least 2 expected
in SYSTEMPATH\Router\RouteCollection.php on line 1028.
 1 APPPATH\Config\Routes.php(11): CodeIgniter\Router\RouteCollection->post('/horaTrabalhada/save_registro')
 2 SYSTEMPATH\Router\RouteCollection.php(344): require('C:\\xampp\\htdocs\\horasTurno\\app\\Config\\Routes.php')
 3 SYSTEMPATH\CodeIgniter.php(810): CodeIgniter\Router\RouteCollection->loadRoutes()
 4 SYSTEMPATH\CodeIgniter.php(450): CodeIgniter\CodeIgniter->tryToRouteIt(null)
 5 SYSTEMPATH\CodeIgniter.php(361): CodeIgniter\CodeIgniter->handleRequest(null, Object(Config\Cache), false)
 6 FCPATH\index.php(79): CodeIgniter\CodeIgniter->run()
CRITICAL - 2023-12-13 14:11:31 --> Too few arguments to function CodeIgniter\Router\RouteCollection::post(), 1 passed in C:\xampp\htdocs\horasTurno\app\Config\Routes.php on line 11 and at least 2 expected
in SYSTEMPATH\Router\RouteCollection.php on line 1028.
 1 APPPATH\Config\Routes.php(11): CodeIgniter\Router\RouteCollection->post('/horaTrabalhada/save_registro')
 2 SYSTEMPATH\Router\RouteCollection.php(344): require('C:\\xampp\\htdocs\\horasTurno\\app\\Config\\Routes.php')
 3 SYSTEMPATH\CodeIgniter.php(810): CodeIgniter\Router\RouteCollection->loadRoutes()
 4 SYSTEMPATH\CodeIgniter.php(450): CodeIgniter\CodeIgniter->tryToRouteIt(null)
 5 SYSTEMPATH\CodeIgniter.php(361): CodeIgniter\CodeIgniter->handleRequest(null, Object(Config\Cache), false)
 6 FCPATH\index.php(79): CodeIgniter\CodeIgniter->run()
CRITICAL - 2023-12-13 15:37:59 --> Division by zero
in APPPATH\Views\output_comparaHora.php on line 51.
 1 SYSTEMPATH\View\View.php(228): include()
 2 SYSTEMPATH\View\View.php(231): CodeIgniter\View\View->CodeIgniter\View\{closure}()
 3 SYSTEMPATH\Common.php(1190): CodeIgniter\View\View->render('output_comparaHora', [], true)
 4 APPPATH\Controllers\Horatrabalhada.php(124): view('output_comparaHora', [...])
 5 SYSTEMPATH\CodeIgniter.php(942): App\Controllers\HoraTrabalhada->comparaHora()
 6 SYSTEMPATH\CodeIgniter.php(502): CodeIgniter\CodeIgniter->runController(Object(App\Controllers\HoraTrabalhada))
 7 SYSTEMPATH\CodeIgniter.php(361): CodeIgniter\CodeIgniter->handleRequest(null, Object(Config\Cache), false)
 8 FCPATH\index.php(79): CodeIgniter\CodeIgniter->run()
CRITICAL - 2023-12-13 15:56:16 --> syntax error, unexpected token "public"
in APPPATH\Controllers\Horatrabalhada.php on line 131.
 1 SYSTEMPATH\Router\Router.php(514): CodeIgniter\Router\AutoRouter->getRoute('horaTrabalhada/comparaHora', 'get')
 2 SYSTEMPATH\Router\Router.php(210): CodeIgniter\Router\Router->autoRoute('horaTrabalhada/comparaHora')
 3 SYSTEMPATH\CodeIgniter.php(823): CodeIgniter\Router\Router->handle('horaTrabalhada/comparaHora')
 4 SYSTEMPATH\CodeIgniter.php(450): CodeIgniter\CodeIgniter->tryToRouteIt(Object(CodeIgniter\Router\RouteCollection))
 5 SYSTEMPATH\CodeIgniter.php(361): CodeIgniter\CodeIgniter->handleRequest(null, Object(Config\Cache), false)
 6 FCPATH\index.php(79): CodeIgniter\CodeIgniter->run()
CRITICAL - 2023-12-13 15:57:34 --> Division by zero
in APPPATH\Views\output_comparaHora.php on line 51.
 1 SYSTEMPATH\View\View.php(228): include()
 2 SYSTEMPATH\View\View.php(231): CodeIgniter\View\View->CodeIgniter\View\{closure}()
 3 SYSTEMPATH\Common.php(1190): CodeIgniter\View\View->render('output_comparaHora', [], true)
 4 APPPATH\Controllers\Horatrabalhada.php(124): view('output_comparaHora', [...])
 5 SYSTEMPATH\CodeIgniter.php(942): App\Controllers\HoraTrabalhada->comparaHora()
 6 SYSTEMPATH\CodeIgniter.php(502): CodeIgniter\CodeIgniter->runController(Object(App\Controllers\HoraTrabalhada))
 7 SYSTEMPATH\CodeIgniter.php(361): CodeIgniter\CodeIgniter->handleRequest(null, Object(Config\Cache), false)
 8 FCPATH\index.php(79): CodeIgniter\CodeIgniter->run()
