CRITICAL - 2023-12-16 12:02:12 --> Division by zero
in APPPATH\Views\output_comparaHora.php on line 51.
 1 SYSTEMPATH\View\View.php(228): include()
 2 SYSTEMPATH\View\View.php(231): CodeIgniter\View\View->CodeIgniter\View\{closure}()
 3 SYSTEMPATH\Common.php(1190): CodeIgniter\View\View->render('output_comparaHora', [], true)
 4 APPPATH\Controllers\Horatrabalhada.php(36): view('output_comparaHora', [...])
 5 SYSTEMPATH\CodeIgniter.php(942): App\Controllers\HoraTrabalhada->montaTurnoCall()
 6 SYSTEMPATH\CodeIgniter.php(502): CodeIgniter\CodeIgniter->runController(Object(App\Controllers\HoraTrabalhada))
 7 SYSTEMPATH\CodeIgniter.php(361): CodeIgniter\CodeIgniter->handleRequest(null, Object(Config\Cache), false)
 8 FCPATH\index.php(79): CodeIgniter\CodeIgniter->run()
CRITICAL - 2023-12-16 12:02:46 --> Division by zero
in APPPATH\Views\output_comparaHora.php on line 51.
 1 SYSTEMPATH\View\View.php(228): include()
 2 SYSTEMPATH\View\View.php(231): CodeIgniter\View\View->CodeIgniter\View\{closure}()
 3 SYSTEMPATH\Common.php(1190): CodeIgniter\View\View->render('output_comparaHora', [], true)
 4 APPPATH\Controllers\Horatrabalhada.php(36): view('output_comparaHora', [...])
 5 SYSTEMPATH\CodeIgniter.php(942): App\Controllers\HoraTrabalhada->montaTurnoCall()
 6 SYSTEMPATH\CodeIgniter.php(502): CodeIgniter\CodeIgniter->runController(Object(App\Controllers\HoraTrabalhada))
 7 SYSTEMPATH\CodeIgniter.php(361): CodeIgniter\CodeIgniter->handleRequest(null, Object(Config\Cache), false)
 8 FCPATH\index.php(79): CodeIgniter\CodeIgniter->run()
CRITICAL - 2023-12-16 12:03:15 --> Division by zero
in APPPATH\Views\output_comparaHora.php on line 51.
 1 SYSTEMPATH\View\View.php(228): include()
 2 SYSTEMPATH\View\View.php(231): CodeIgniter\View\View->CodeIgniter\View\{closure}()
 3 SYSTEMPATH\Common.php(1190): CodeIgniter\View\View->render('output_comparaHora', [], true)
 4 APPPATH\Controllers\Horatrabalhada.php(36): view('output_comparaHora', [...])
 5 SYSTEMPATH\CodeIgniter.php(942): App\Controllers\HoraTrabalhada->montaTurnoCall()
 6 SYSTEMPATH\CodeIgniter.php(502): CodeIgniter\CodeIgniter->runController(Object(App\Controllers\HoraTrabalhada))
 7 SYSTEMPATH\CodeIgniter.php(361): CodeIgniter\CodeIgniter->handleRequest(null, Object(Config\Cache), false)
 8 FCPATH\index.php(79): CodeIgniter\CodeIgniter->run()
CRITICAL - 2023-12-16 12:03:29 --> Division by zero
in APPPATH\Views\output_comparaHora.php on line 51.
 1 SYSTEMPATH\View\View.php(228): include()
 2 SYSTEMPATH\View\View.php(231): CodeIgniter\View\View->CodeIgniter\View\{closure}()
 3 SYSTEMPATH\Common.php(1190): CodeIgniter\View\View->render('output_comparaHora', [], true)
 4 APPPATH\Controllers\Horatrabalhada.php(36): view('output_comparaHora', [...])
 5 SYSTEMPATH\CodeIgniter.php(942): App\Controllers\HoraTrabalhada->montaTurnoCall()
 6 SYSTEMPATH\CodeIgniter.php(502): CodeIgniter\CodeIgniter->runController(Object(App\Controllers\HoraTrabalhada))
 7 SYSTEMPATH\CodeIgniter.php(361): CodeIgniter\CodeIgniter->handleRequest(null, Object(Config\Cache), false)
 8 FCPATH\index.php(79): CodeIgniter\CodeIgniter->run()
CRITICAL - 2023-12-16 12:03:52 --> Undefined variable $progresso
in APPPATH\Views\output_comparaHora.php on line 54.
 1 APPPATH\Views\output_comparaHora.php(54): CodeIgniter\Debug\Exceptions->errorHandler(2, 'Undefined variable $progresso', 'C:\\xampp\\htdocs\\horasTurno\\app\\Views\\output_comparaHora.php', 54)
 2 SYSTEMPATH\View\View.php(228): include('C:\\xampp\\htdocs\\horasTurno\\app\\Views\\output_comparaHora.php')
 3 SYSTEMPATH\View\View.php(231): CodeIgniter\View\View->CodeIgniter\View\{closure}()
 4 SYSTEMPATH\Common.php(1190): CodeIgniter\View\View->render('output_comparaHora', [], true)
 5 APPPATH\Controllers\Horatrabalhada.php(36): view('output_comparaHora', [...])
 6 SYSTEMPATH\CodeIgniter.php(942): App\Controllers\HoraTrabalhada->montaTurnoCall()
 7 SYSTEMPATH\CodeIgniter.php(502): CodeIgniter\CodeIgniter->runController(Object(App\Controllers\HoraTrabalhada))
 8 SYSTEMPATH\CodeIgniter.php(361): CodeIgniter\CodeIgniter->handleRequest(null, Object(Config\Cache), false)
 9 FCPATH\index.php(79): CodeIgniter\CodeIgniter->run()
