CRITICAL - 2023-12-14 13:33:15 --> Class "Time" not found
in APPPATH\Views\output_comparaHora.php on line 50.
 1 SYSTEMPATH\View\View.php(228): include()
 2 SYSTEMPATH\View\View.php(231): CodeIgniter\View\View->CodeIgniter\View\{closure}()
 3 SYSTEMPATH\Common.php(1190): CodeIgniter\View\View->render('output_comparaHora', [], true)
 4 APPPATH\Controllers\Horatrabalhada.php(124): view('output_comparaHora', [...])
 5 SYSTEMPATH\CodeIgniter.php(942): App\Controllers\HoraTrabalhada->comparaHora()
 6 SYSTEMPATH\CodeIgniter.php(502): CodeIgniter\CodeIgniter->runController(Object(App\Controllers\HoraTrabalhada))
 7 SYSTEMPATH\CodeIgniter.php(361): CodeIgniter\CodeIgniter->handleRequest(null, Object(Config\Cache), false)
 8 FCPATH\index.php(79): CodeIgniter\CodeIgniter->run()
CRITICAL - 2023-12-14 13:36:43 --> view(): Argument #2 ($data) must be of type array, App\Models\Turno given, called in C:\xampp\htdocs\horasTurno\app\Controllers\Horatrabalhada.php on line 125
in SYSTEMPATH\Common.php on line 1178.
 1 APPPATH\Controllers\Horatrabalhada.php(125): view('output_comparaHora', Object(App\Models\Turno))
 2 SYSTEMPATH\CodeIgniter.php(942): App\Controllers\HoraTrabalhada->comparaHora()
 3 SYSTEMPATH\CodeIgniter.php(502): CodeIgniter\CodeIgniter->runController(Object(App\Controllers\HoraTrabalhada))
 4 SYSTEMPATH\CodeIgniter.php(361): CodeIgniter\CodeIgniter->handleRequest(null, Object(Config\Cache), false)
 5 FCPATH\index.php(79): CodeIgniter\CodeIgniter->run()
CRITICAL - 2023-12-14 13:47:31 --> syntax error, unexpected token "public", expecting end of file
in APPPATH\Models\Turno.php on line 32.
 1 SYSTEMPATH\Autoloader\Autoloader.php(291): CodeIgniter\Autoloader\Autoloader->includeFile('C:\\xampp\\htdocs\\horasTurno\\app\\Models\\Turno.php')
 2 SYSTEMPATH\Autoloader\Autoloader.php(269): CodeIgniter\Autoloader\Autoloader->loadInNamespace('App\\Models\\Turno')
 3 APPPATH\Controllers\Horatrabalhada.php(108): CodeIgniter\Autoloader\Autoloader->loadClass('App\\Models\\Turno')
 4 SYSTEMPATH\CodeIgniter.php(942): App\Controllers\HoraTrabalhada->comparaHora()
 5 SYSTEMPATH\CodeIgniter.php(502): CodeIgniter\CodeIgniter->runController(Object(App\Controllers\HoraTrabalhada))
 6 SYSTEMPATH\CodeIgniter.php(361): CodeIgniter\CodeIgniter->handleRequest(null, Object(Config\Cache), false)
 7 FCPATH\index.php(79): CodeIgniter\CodeIgniter->run()
CRITICAL - 2023-12-14 13:47:56 --> Cannot re-assign $this
in APPPATH\Models\Turno.php on line 22.
 1 [internal function]: CodeIgniter\Debug\Exceptions->shutdownHandler()
CRITICAL - 2023-12-14 13:48:07 --> view(): Argument #2 ($data) must be of type array, App\Models\Turno given, called in C:\xampp\htdocs\horasTurno\app\Controllers\Horatrabalhada.php on line 125
in SYSTEMPATH\Common.php on line 1178.
 1 APPPATH\Controllers\Horatrabalhada.php(125): view('output_comparaHora', Object(App\Models\Turno))
 2 SYSTEMPATH\CodeIgniter.php(942): App\Controllers\HoraTrabalhada->comparaHora()
 3 SYSTEMPATH\CodeIgniter.php(502): CodeIgniter\CodeIgniter->runController(Object(App\Controllers\HoraTrabalhada))
 4 SYSTEMPATH\CodeIgniter.php(361): CodeIgniter\CodeIgniter->handleRequest(null, Object(Config\Cache), false)
 5 FCPATH\index.php(79): CodeIgniter\CodeIgniter->run()
CRITICAL - 2023-12-14 13:49:06 --> Assignments can only happen to writable values
in APPPATH\Controllers\Horatrabalhada.php on line 121.
 1 [internal function]: CodeIgniter\Debug\Exceptions->shutdownHandler()
CRITICAL - 2023-12-14 13:49:24 --> Undefined variable $horarioEntrada
in APPPATH\Views\output_comparaHora.php on line 13.
 1 APPPATH\Views\output_comparaHora.php(13): CodeIgniter\Debug\Exceptions->errorHandler(2, 'Undefined variable $horarioEntrada', 'C:\\xampp\\htdocs\\horasTurno\\app\\Views\\output_comparaHora.php', 13)
 2 SYSTEMPATH\View\View.php(228): include('C:\\xampp\\htdocs\\horasTurno\\app\\Views\\output_comparaHora.php')
 3 SYSTEMPATH\View\View.php(231): CodeIgniter\View\View->CodeIgniter\View\{closure}()
 4 SYSTEMPATH\Common.php(1190): CodeIgniter\View\View->render('output_comparaHora', [], true)
 5 APPPATH\Controllers\Horatrabalhada.php(125): view('output_comparaHora', [...])
 6 SYSTEMPATH\CodeIgniter.php(942): App\Controllers\HoraTrabalhada->comparaHora()
 7 SYSTEMPATH\CodeIgniter.php(502): CodeIgniter\CodeIgniter->runController(Object(App\Controllers\HoraTrabalhada))
 8 SYSTEMPATH\CodeIgniter.php(361): CodeIgniter\CodeIgniter->handleRequest(null, Object(Config\Cache), false)
 9 FCPATH\index.php(79): CodeIgniter\CodeIgniter->run()
CRITICAL - 2023-12-14 13:50:51 --> syntax error, unexpected single-quoted string "turno", expecting "]"
in APPPATH\Controllers\Horatrabalhada.php on line 120.
 1 SYSTEMPATH\Router\Router.php(514): CodeIgniter\Router\AutoRouter->getRoute('horaTrabalhada/comparaHora', 'get')
 2 SYSTEMPATH\Router\Router.php(210): CodeIgniter\Router\Router->autoRoute('horaTrabalhada/comparaHora')
 3 SYSTEMPATH\CodeIgniter.php(823): CodeIgniter\Router\Router->handle('horaTrabalhada/comparaHora')
 4 SYSTEMPATH\CodeIgniter.php(450): CodeIgniter\CodeIgniter->tryToRouteIt(Object(CodeIgniter\Router\RouteCollection))
 5 SYSTEMPATH\CodeIgniter.php(361): CodeIgniter\CodeIgniter->handleRequest(null, Object(Config\Cache), false)
 6 FCPATH\index.php(79): CodeIgniter\CodeIgniter->run()
CRITICAL - 2023-12-14 13:51:00 --> syntax error, unexpected variable "$expediente", expecting "]"
in APPPATH\Controllers\Horatrabalhada.php on line 120.
 1 SYSTEMPATH\Router\Router.php(514): CodeIgniter\Router\AutoRouter->getRoute('horaTrabalhada/comparaHora', 'get')
 2 SYSTEMPATH\Router\Router.php(210): CodeIgniter\Router\Router->autoRoute('horaTrabalhada/comparaHora')
 3 SYSTEMPATH\CodeIgniter.php(823): CodeIgniter\Router\Router->handle('horaTrabalhada/comparaHora')
 4 SYSTEMPATH\CodeIgniter.php(450): CodeIgniter\CodeIgniter->tryToRouteIt(Object(CodeIgniter\Router\RouteCollection))
 5 SYSTEMPATH\CodeIgniter.php(361): CodeIgniter\CodeIgniter->handleRequest(null, Object(Config\Cache), false)
 6 FCPATH\index.php(79): CodeIgniter\CodeIgniter->run()
CRITICAL - 2023-12-14 13:51:54 --> Division by zero
in APPPATH\Views\output_comparaHora.php on line 51.
 1 SYSTEMPATH\View\View.php(228): include()
 2 SYSTEMPATH\View\View.php(231): CodeIgniter\View\View->CodeIgniter\View\{closure}()
 3 SYSTEMPATH\Common.php(1190): CodeIgniter\View\View->render('output_comparaHora', [], true)
 4 APPPATH\Controllers\Horatrabalhada.php(126): view('output_comparaHora', [...])
 5 SYSTEMPATH\CodeIgniter.php(942): App\Controllers\HoraTrabalhada->comparaHora()
 6 SYSTEMPATH\CodeIgniter.php(502): CodeIgniter\CodeIgniter->runController(Object(App\Controllers\HoraTrabalhada))
 7 SYSTEMPATH\CodeIgniter.php(361): CodeIgniter\CodeIgniter->handleRequest(null, Object(Config\Cache), false)
 8 FCPATH\index.php(79): CodeIgniter\CodeIgniter->run()
CRITICAL - 2023-12-14 14:01:04 --> Division by zero
in APPPATH\Views\output_comparaHora.php on line 51.
 1 SYSTEMPATH\View\View.php(228): include()
 2 SYSTEMPATH\View\View.php(231): CodeIgniter\View\View->CodeIgniter\View\{closure}()
 3 SYSTEMPATH\Common.php(1190): CodeIgniter\View\View->render('output_comparaHora', [], true)
 4 APPPATH\Controllers\Horatrabalhada.php(126): view('output_comparaHora', [...])
 5 SYSTEMPATH\CodeIgniter.php(942): App\Controllers\HoraTrabalhada->comparaHora()
 6 SYSTEMPATH\CodeIgniter.php(502): CodeIgniter\CodeIgniter->runController(Object(App\Controllers\HoraTrabalhada))
 7 SYSTEMPATH\CodeIgniter.php(361): CodeIgniter\CodeIgniter->handleRequest(null, Object(Config\Cache), false)
 8 FCPATH\index.php(79): CodeIgniter\CodeIgniter->run()
CRITICAL - 2023-12-14 14:04:52 --> Division by zero
in APPPATH\Views\output_comparaHora.php on line 51.
 1 SYSTEMPATH\View\View.php(228): include()
 2 SYSTEMPATH\View\View.php(231): CodeIgniter\View\View->CodeIgniter\View\{closure}()
 3 SYSTEMPATH\Common.php(1190): CodeIgniter\View\View->render('output_comparaHora', [], true)
 4 APPPATH\Controllers\Horatrabalhada.php(126): view('output_comparaHora', [...])
 5 SYSTEMPATH\CodeIgniter.php(942): App\Controllers\HoraTrabalhada->comparaHora()
 6 SYSTEMPATH\CodeIgniter.php(502): CodeIgniter\CodeIgniter->runController(Object(App\Controllers\HoraTrabalhada))
 7 SYSTEMPATH\CodeIgniter.php(361): CodeIgniter\CodeIgniter->handleRequest(null, Object(Config\Cache), false)
 8 FCPATH\index.php(79): CodeIgniter\CodeIgniter->run()
