CRITICAL - 2023-12-05 00:01:02 --> Call to undefined function form_input()
in APPPATH\Views\input_hora.php on line 12.
 1 SYSTEMPATH\View\View.php(228): include()
 2 SYSTEMPATH\View\View.php(231): CodeIgniter\View\View->CodeIgniter\View\{closure}()
 3 SYSTEMPATH\Common.php(1190): CodeIgniter\View\View->render('input_hora', [], true)
 4 APPPATH\Controllers\HoraTrabalhada.php(13): view('input_hora')
 5 SYSTEMPATH\CodeIgniter.php(942): App\Controllers\HoraTrabalhada->index()
 6 SYSTEMPATH\CodeIgniter.php(502): CodeIgniter\CodeIgniter->runController(Object(App\Controllers\HoraTrabalhada))
 7 SYSTEMPATH\CodeIgniter.php(361): CodeIgniter\CodeIgniter->handleRequest(null, Object(Config\Cache), false)
 8 FCPATH\index.php(79): CodeIgniter\CodeIgniter->run()
CRITICAL - 2023-12-05 00:01:51 --> syntax error, unexpected identifier "helper", expecting "function" or "const"
in APPPATH\Controllers\HoraTrabalhada.php on line 8.
 1 SYSTEMPATH\Autoloader\Autoloader.php(291): CodeIgniter\Autoloader\Autoloader->includeFile('C:\\xampp\\htdocs\\horasTurno\\app\\Controllers\\HoraTrabalhada.php')
 2 SYSTEMPATH\Autoloader\Autoloader.php(269): CodeIgniter\Autoloader\Autoloader->loadInNamespace('App\\Controllers\\HoraTrabalhada')
 3 [internal function]: CodeIgniter\Autoloader\Autoloader->loadClass('App\\Controllers\\HoraTrabalhada')
 4 SYSTEMPATH\CodeIgniter.php(900): class_exists('\\App\\Controllers\\HoraTrabalhada', true)
 5 SYSTEMPATH\CodeIgniter.php(489): CodeIgniter\CodeIgniter->startController()
 6 SYSTEMPATH\CodeIgniter.php(361): CodeIgniter\CodeIgniter->handleRequest(null, Object(Config\Cache), false)
 7 FCPATH\index.php(79): CodeIgniter\CodeIgniter->run()
CRITICAL - 2023-12-05 00:02:09 --> Call to undefined function form_input()
in APPPATH\Views\input_hora.php on line 12.
 1 SYSTEMPATH\View\View.php(228): include()
 2 SYSTEMPATH\View\View.php(231): CodeIgniter\View\View->CodeIgniter\View\{closure}()
 3 SYSTEMPATH\Common.php(1190): CodeIgniter\View\View->render('input_hora', [], true)
 4 APPPATH\Controllers\HoraTrabalhada.php(14): view('input_hora')
 5 SYSTEMPATH\CodeIgniter.php(942): App\Controllers\HoraTrabalhada->index()
 6 SYSTEMPATH\CodeIgniter.php(502): CodeIgniter\CodeIgniter->runController(Object(App\Controllers\HoraTrabalhada))
 7 SYSTEMPATH\CodeIgniter.php(361): CodeIgniter\CodeIgniter->handleRequest(null, Object(Config\Cache), false)
 8 FCPATH\index.php(79): CodeIgniter\CodeIgniter->run()
CRITICAL - 2023-12-05 00:04:04 --> Call to undefined function form_input()
in APPPATH\Views\input_hora.php on line 13.
 1 SYSTEMPATH\View\View.php(228): include()
 2 SYSTEMPATH\View\View.php(231): CodeIgniter\View\View->CodeIgniter\View\{closure}()
 3 SYSTEMPATH\Common.php(1190): CodeIgniter\View\View->render('input_hora', [], true)
 4 APPPATH\Controllers\HoraTrabalhada.php(14): view('input_hora')
 5 SYSTEMPATH\CodeIgniter.php(942): App\Controllers\HoraTrabalhada->index()
 6 SYSTEMPATH\CodeIgniter.php(502): CodeIgniter\CodeIgniter->runController(Object(App\Controllers\HoraTrabalhada))
 7 SYSTEMPATH\CodeIgniter.php(361): CodeIgniter\CodeIgniter->handleRequest(null, Object(Config\Cache), false)
 8 FCPATH\index.php(79): CodeIgniter\CodeIgniter->run()
CRITICAL - 2023-12-05 00:04:38 --> Call to undefined function form_input()
in APPPATH\Views\input_hora.php on line 13.
 1 SYSTEMPATH\View\View.php(228): include()
 2 SYSTEMPATH\View\View.php(231): CodeIgniter\View\View->CodeIgniter\View\{closure}()
 3 SYSTEMPATH\Common.php(1190): CodeIgniter\View\View->render('input_hora', [], true)
 4 APPPATH\Controllers\HoraTrabalhada.php(14): view('input_hora')
 5 SYSTEMPATH\CodeIgniter.php(942): App\Controllers\HoraTrabalhada->index()
 6 SYSTEMPATH\CodeIgniter.php(502): CodeIgniter\CodeIgniter->runController(Object(App\Controllers\HoraTrabalhada))
 7 SYSTEMPATH\CodeIgniter.php(361): CodeIgniter\CodeIgniter->handleRequest(null, Object(Config\Cache), false)
 8 FCPATH\index.php(79): CodeIgniter\CodeIgniter->run()
CRITICAL - 2023-12-05 00:58:00 --> A non-numeric value encountered
in APPPATH\Controllers\Horatrabalhada.php on line 23.
 1 APPPATH\Controllers\Horatrabalhada.php(23): CodeIgniter\Debug\Exceptions->errorHandler(2, 'A non-numeric value encountered', 'C:\\xampp\\htdocs\\horasTurno\\app\\Controllers\\Horatrabalhada.php', 23)
 2 SYSTEMPATH\CodeIgniter.php(942): App\Controllers\HoraTrabalhada->pegaHora()
 3 SYSTEMPATH\CodeIgniter.php(502): CodeIgniter\CodeIgniter->runController(Object(App\Controllers\HoraTrabalhada))
 4 SYSTEMPATH\CodeIgniter.php(361): CodeIgniter\CodeIgniter->handleRequest(null, Object(Config\Cache), false)
 5 FCPATH\index.php(79): CodeIgniter\CodeIgniter->run()
CRITICAL - 2023-12-05 00:58:16 --> Call to a member function diff() on string
in APPPATH\Controllers\Horatrabalhada.php on line 26.
 1 SYSTEMPATH\CodeIgniter.php(942): App\Controllers\HoraTrabalhada->pegaHora()
 2 SYSTEMPATH\CodeIgniter.php(502): CodeIgniter\CodeIgniter->runController(Object(App\Controllers\HoraTrabalhada))
 3 SYSTEMPATH\CodeIgniter.php(361): CodeIgniter\CodeIgniter->handleRequest(null, Object(Config\Cache), false)
 4 FCPATH\index.php(79): CodeIgniter\CodeIgniter->run()
CRITICAL - 2023-12-05 01:04:04 --> Class "App\Controllers\DateTime" not found
in APPPATH\Controllers\Horatrabalhada.php on line 23.
 1 SYSTEMPATH\CodeIgniter.php(942): App\Controllers\HoraTrabalhada->pegaHora()
 2 SYSTEMPATH\CodeIgniter.php(502): CodeIgniter\CodeIgniter->runController(Object(App\Controllers\HoraTrabalhada))
 3 SYSTEMPATH\CodeIgniter.php(361): CodeIgniter\CodeIgniter->handleRequest(null, Object(Config\Cache), false)
 4 FCPATH\index.php(79): CodeIgniter\CodeIgniter->run()
CRITICAL - 2023-12-05 01:06:15 --> Class "App\Controllers\DateTime" not found
in APPPATH\Controllers\Horatrabalhada.php on line 23.
 1 SYSTEMPATH\CodeIgniter.php(942): App\Controllers\HoraTrabalhada->pegaHora()
 2 SYSTEMPATH\CodeIgniter.php(502): CodeIgniter\CodeIgniter->runController(Object(App\Controllers\HoraTrabalhada))
 3 SYSTEMPATH\CodeIgniter.php(361): CodeIgniter\CodeIgniter->handleRequest(null, Object(Config\Cache), false)
 4 FCPATH\index.php(79): CodeIgniter\CodeIgniter->run()
CRITICAL - 2023-12-05 01:11:59 --> Call to a member function date_diff() on string
in APPPATH\Controllers\Horatrabalhada.php on line 26.
 1 SYSTEMPATH\CodeIgniter.php(942): App\Controllers\HoraTrabalhada->pegaHora()
 2 SYSTEMPATH\CodeIgniter.php(502): CodeIgniter\CodeIgniter->runController(Object(App\Controllers\HoraTrabalhada))
 3 SYSTEMPATH\CodeIgniter.php(361): CodeIgniter\CodeIgniter->handleRequest(null, Object(Config\Cache), false)
 4 FCPATH\index.php(79): CodeIgniter\CodeIgniter->run()
CRITICAL - 2023-12-05 01:12:33 --> Call to a member function date_diff() on string
in APPPATH\Controllers\Horatrabalhada.php on line 26.
 1 SYSTEMPATH\CodeIgniter.php(942): App\Controllers\HoraTrabalhada->pegaHora()
 2 SYSTEMPATH\CodeIgniter.php(502): CodeIgniter\CodeIgniter->runController(Object(App\Controllers\HoraTrabalhada))
 3 SYSTEMPATH\CodeIgniter.php(361): CodeIgniter\CodeIgniter->handleRequest(null, Object(Config\Cache), false)
 4 FCPATH\index.php(79): CodeIgniter\CodeIgniter->run()
CRITICAL - 2023-12-05 01:12:45 --> Call to a member function date_diff() on string
in APPPATH\Controllers\Horatrabalhada.php on line 26.
 1 SYSTEMPATH\CodeIgniter.php(942): App\Controllers\HoraTrabalhada->pegaHora()
 2 SYSTEMPATH\CodeIgniter.php(502): CodeIgniter\CodeIgniter->runController(Object(App\Controllers\HoraTrabalhada))
 3 SYSTEMPATH\CodeIgniter.php(361): CodeIgniter\CodeIgniter->handleRequest(null, Object(Config\Cache), false)
 4 FCPATH\index.php(79): CodeIgniter\CodeIgniter->run()
CRITICAL - 2023-12-05 01:24:46 --> Call to a member function strtotime() on string
in APPPATH\Controllers\Horatrabalhada.php on line 27.
 1 SYSTEMPATH\CodeIgniter.php(942): App\Controllers\HoraTrabalhada->pegaHora()
 2 SYSTEMPATH\CodeIgniter.php(502): CodeIgniter\CodeIgniter->runController(Object(App\Controllers\HoraTrabalhada))
 3 SYSTEMPATH\CodeIgniter.php(361): CodeIgniter\CodeIgniter->handleRequest(null, Object(Config\Cache), false)
 4 FCPATH\index.php(79): CodeIgniter\CodeIgniter->run()
CRITICAL - 2023-12-05 01:24:50 --> Call to a member function strtotime() on string
in APPPATH\Controllers\Horatrabalhada.php on line 27.
 1 SYSTEMPATH\CodeIgniter.php(942): App\Controllers\HoraTrabalhada->pegaHora()
 2 SYSTEMPATH\CodeIgniter.php(502): CodeIgniter\CodeIgniter->runController(Object(App\Controllers\HoraTrabalhada))
 3 SYSTEMPATH\CodeIgniter.php(361): CodeIgniter\CodeIgniter->handleRequest(null, Object(Config\Cache), false)
 4 FCPATH\index.php(79): CodeIgniter\CodeIgniter->run()
CRITICAL - 2023-12-05 01:25:02 --> Call to a member function strtotime() on string
in APPPATH\Controllers\Horatrabalhada.php on line 27.
 1 SYSTEMPATH\CodeIgniter.php(942): App\Controllers\HoraTrabalhada->pegaHora()
 2 SYSTEMPATH\CodeIgniter.php(502): CodeIgniter\CodeIgniter->runController(Object(App\Controllers\HoraTrabalhada))
 3 SYSTEMPATH\CodeIgniter.php(361): CodeIgniter\CodeIgniter->handleRequest(null, Object(Config\Cache), false)
 4 FCPATH\index.php(79): CodeIgniter\CodeIgniter->run()
CRITICAL - 2023-12-05 01:25:28 --> Undefined constant "App\Controllers\strtotime"
in APPPATH\Controllers\Horatrabalhada.php on line 27.
 1 SYSTEMPATH\CodeIgniter.php(942): App\Controllers\HoraTrabalhada->pegaHora()
 2 SYSTEMPATH\CodeIgniter.php(502): CodeIgniter\CodeIgniter->runController(Object(App\Controllers\HoraTrabalhada))
 3 SYSTEMPATH\CodeIgniter.php(361): CodeIgniter\CodeIgniter->handleRequest(null, Object(Config\Cache), false)
 4 FCPATH\index.php(79): CodeIgniter\CodeIgniter->run()
CRITICAL - 2023-12-05 01:27:37 --> syntax error, unexpected token "echo", expecting "," or ";"
in APPPATH\Controllers\Horatrabalhada.php on line 32.
 1 SYSTEMPATH\Router\Router.php(514): CodeIgniter\Router\AutoRouter->getRoute('horaTrabalhada/pegaHora', 'post')
 2 SYSTEMPATH\Router\Router.php(210): CodeIgniter\Router\Router->autoRoute('horaTrabalhada/pegaHora')
 3 SYSTEMPATH\CodeIgniter.php(823): CodeIgniter\Router\Router->handle('horaTrabalhada/pegaHora')
 4 SYSTEMPATH\CodeIgniter.php(450): CodeIgniter\CodeIgniter->tryToRouteIt(Object(CodeIgniter\Router\RouteCollection))
 5 SYSTEMPATH\CodeIgniter.php(361): CodeIgniter\CodeIgniter->handleRequest(null, Object(Config\Cache), false)
 6 FCPATH\index.php(79): CodeIgniter\CodeIgniter->run()
CRITICAL - 2023-12-05 01:28:30 --> syntax error, unexpected token "<"
in APPPATH\Controllers\Horatrabalhada.php on line 28.
 1 SYSTEMPATH\Router\Router.php(514): CodeIgniter\Router\AutoRouter->getRoute('horaTrabalhada/pegaHora', 'post')
 2 SYSTEMPATH\Router\Router.php(210): CodeIgniter\Router\Router->autoRoute('horaTrabalhada/pegaHora')
 3 SYSTEMPATH\CodeIgniter.php(823): CodeIgniter\Router\Router->handle('horaTrabalhada/pegaHora')
 4 SYSTEMPATH\CodeIgniter.php(450): CodeIgniter\CodeIgniter->tryToRouteIt(Object(CodeIgniter\Router\RouteCollection))
 5 SYSTEMPATH\CodeIgniter.php(361): CodeIgniter\CodeIgniter->handleRequest(null, Object(Config\Cache), false)
 6 FCPATH\index.php(79): CodeIgniter\CodeIgniter->run()
CRITICAL - 2023-12-05 01:30:24 --> Call to a member function date_diff() on int
in APPPATH\Controllers\Horatrabalhada.php on line 30.
 1 SYSTEMPATH\CodeIgniter.php(942): App\Controllers\HoraTrabalhada->pegaHora()
 2 SYSTEMPATH\CodeIgniter.php(502): CodeIgniter\CodeIgniter->runController(Object(App\Controllers\HoraTrabalhada))
 3 SYSTEMPATH\CodeIgniter.php(361): CodeIgniter\CodeIgniter->handleRequest(null, Object(Config\Cache), false)
 4 FCPATH\index.php(79): CodeIgniter\CodeIgniter->run()
CRITICAL - 2023-12-05 01:30:33 --> Call to a member function date_diff() on int
in APPPATH\Controllers\Horatrabalhada.php on line 30.
 1 SYSTEMPATH\CodeIgniter.php(942): App\Controllers\HoraTrabalhada->pegaHora()
 2 SYSTEMPATH\CodeIgniter.php(502): CodeIgniter\CodeIgniter->runController(Object(App\Controllers\HoraTrabalhada))
 3 SYSTEMPATH\CodeIgniter.php(361): CodeIgniter\CodeIgniter->handleRequest(null, Object(Config\Cache), false)
 4 FCPATH\index.php(79): CodeIgniter\CodeIgniter->run()
CRITICAL - 2023-12-05 01:35:08 --> Call to a member function date_diff() on string
in APPPATH\Controllers\Horatrabalhada.php on line 28.
 1 SYSTEMPATH\CodeIgniter.php(942): App\Controllers\HoraTrabalhada->pegaHora()
 2 SYSTEMPATH\CodeIgniter.php(502): CodeIgniter\CodeIgniter->runController(Object(App\Controllers\HoraTrabalhada))
 3 SYSTEMPATH\CodeIgniter.php(361): CodeIgniter\CodeIgniter->handleRequest(null, Object(Config\Cache), false)
 4 FCPATH\index.php(79): CodeIgniter\CodeIgniter->run()
CRITICAL - 2023-12-05 01:35:28 --> Call to a member function diff() on string
in APPPATH\Controllers\Horatrabalhada.php on line 28.
 1 SYSTEMPATH\CodeIgniter.php(942): App\Controllers\HoraTrabalhada->pegaHora()
 2 SYSTEMPATH\CodeIgniter.php(502): CodeIgniter\CodeIgniter->runController(Object(App\Controllers\HoraTrabalhada))
 3 SYSTEMPATH\CodeIgniter.php(361): CodeIgniter\CodeIgniter->handleRequest(null, Object(Config\Cache), false)
 4 FCPATH\index.php(79): CodeIgniter\CodeIgniter->run()
CRITICAL - 2023-12-05 01:35:30 --> Call to a member function diff() on string
in APPPATH\Controllers\Horatrabalhada.php on line 28.
 1 SYSTEMPATH\CodeIgniter.php(942): App\Controllers\HoraTrabalhada->pegaHora()
 2 SYSTEMPATH\CodeIgniter.php(502): CodeIgniter\CodeIgniter->runController(Object(App\Controllers\HoraTrabalhada))
 3 SYSTEMPATH\CodeIgniter.php(361): CodeIgniter\CodeIgniter->handleRequest(null, Object(Config\Cache), false)
 4 FCPATH\index.php(79): CodeIgniter\CodeIgniter->run()
CRITICAL - 2023-12-05 01:37:14 --> syntax error, unexpected token ","
in APPPATH\Controllers\Horatrabalhada.php on line 25.
 1 SYSTEMPATH\Router\Router.php(514): CodeIgniter\Router\AutoRouter->getRoute('horaTrabalhada/pegaHora', 'post')
 2 SYSTEMPATH\Router\Router.php(210): CodeIgniter\Router\Router->autoRoute('horaTrabalhada/pegaHora')
 3 SYSTEMPATH\CodeIgniter.php(823): CodeIgniter\Router\Router->handle('horaTrabalhada/pegaHora')
 4 SYSTEMPATH\CodeIgniter.php(450): CodeIgniter\CodeIgniter->tryToRouteIt(Object(CodeIgniter\Router\RouteCollection))
 5 SYSTEMPATH\CodeIgniter.php(361): CodeIgniter\CodeIgniter->handleRequest(null, Object(Config\Cache), false)
 6 FCPATH\index.php(79): CodeIgniter\CodeIgniter->run()
CRITICAL - 2023-12-05 01:38:53 --> syntax error, unexpected token ","
in APPPATH\Controllers\Horatrabalhada.php on line 25.
 1 SYSTEMPATH\Autoloader\Autoloader.php(291): CodeIgniter\Autoloader\Autoloader->includeFile('C:\\xampp\\htdocs\\horasTurno\\app\\Controllers\\HoraTrabalhada.php')
 2 SYSTEMPATH\Autoloader\Autoloader.php(269): CodeIgniter\Autoloader\Autoloader->loadInNamespace('App\\Controllers\\HoraTrabalhada')
 3 [internal function]: CodeIgniter\Autoloader\Autoloader->loadClass('App\\Controllers\\HoraTrabalhada')
 4 SYSTEMPATH\CodeIgniter.php(900): class_exists('\\App\\Controllers\\HoraTrabalhada', true)
 5 SYSTEMPATH\CodeIgniter.php(489): CodeIgniter\CodeIgniter->startController()
 6 SYSTEMPATH\CodeIgniter.php(361): CodeIgniter\CodeIgniter->handleRequest(null, Object(Config\Cache), false)
 7 FCPATH\index.php(79): CodeIgniter\CodeIgniter->run()
CRITICAL - 2023-12-05 01:42:04 --> Call to a member function toTimeString() on string
in APPPATH\Controllers\Horatrabalhada.php on line 27.
 1 SYSTEMPATH\CodeIgniter.php(942): App\Controllers\HoraTrabalhada->pegaHora()
 2 SYSTEMPATH\CodeIgniter.php(502): CodeIgniter\CodeIgniter->runController(Object(App\Controllers\HoraTrabalhada))
 3 SYSTEMPATH\CodeIgniter.php(361): CodeIgniter\CodeIgniter->handleRequest(null, Object(Config\Cache), false)
 4 FCPATH\index.php(79): CodeIgniter\CodeIgniter->run()
CRITICAL - 2023-12-05 01:42:29 --> Call to a member function stringToTime() on string
in APPPATH\Controllers\Horatrabalhada.php on line 27.
 1 SYSTEMPATH\CodeIgniter.php(942): App\Controllers\HoraTrabalhada->pegaHora()
 2 SYSTEMPATH\CodeIgniter.php(502): CodeIgniter\CodeIgniter->runController(Object(App\Controllers\HoraTrabalhada))
 3 SYSTEMPATH\CodeIgniter.php(361): CodeIgniter\CodeIgniter->handleRequest(null, Object(Config\Cache), false)
 4 FCPATH\index.php(79): CodeIgniter\CodeIgniter->run()
CRITICAL - 2023-12-05 01:43:28 --> Class "App\Controllers\Time" not found
in APPPATH\Controllers\Horatrabalhada.php on line 27.
 1 SYSTEMPATH\CodeIgniter.php(942): App\Controllers\HoraTrabalhada->pegaHora()
 2 SYSTEMPATH\CodeIgniter.php(502): CodeIgniter\CodeIgniter->runController(Object(App\Controllers\HoraTrabalhada))
 3 SYSTEMPATH\CodeIgniter.php(361): CodeIgniter\CodeIgniter->handleRequest(null, Object(Config\Cache), false)
 4 FCPATH\index.php(79): CodeIgniter\CodeIgniter->run()
CRITICAL - 2023-12-05 01:43:47 --> Class "App\Controllers\Time" not found
in APPPATH\Controllers\Horatrabalhada.php on line 27.
 1 SYSTEMPATH\CodeIgniter.php(942): App\Controllers\HoraTrabalhada->pegaHora()
 2 SYSTEMPATH\CodeIgniter.php(502): CodeIgniter\CodeIgniter->runController(Object(App\Controllers\HoraTrabalhada))
 3 SYSTEMPATH\CodeIgniter.php(361): CodeIgniter\CodeIgniter->handleRequest(null, Object(Config\Cache), false)
 4 FCPATH\index.php(79): CodeIgniter\CodeIgniter->run()
CRITICAL - 2023-12-05 01:43:49 --> Class "App\Controllers\Time" not found
in APPPATH\Controllers\Horatrabalhada.php on line 27.
 1 SYSTEMPATH\CodeIgniter.php(942): App\Controllers\HoraTrabalhada->pegaHora()
 2 SYSTEMPATH\CodeIgniter.php(502): CodeIgniter\CodeIgniter->runController(Object(App\Controllers\HoraTrabalhada))
 3 SYSTEMPATH\CodeIgniter.php(361): CodeIgniter\CodeIgniter->handleRequest(null, Object(Config\Cache), false)
 4 FCPATH\index.php(79): CodeIgniter\CodeIgniter->run()
CRITICAL - 2023-12-05 01:43:49 --> Class "App\Controllers\Time" not found
in APPPATH\Controllers\Horatrabalhada.php on line 27.
 1 SYSTEMPATH\CodeIgniter.php(942): App\Controllers\HoraTrabalhada->pegaHora()
 2 SYSTEMPATH\CodeIgniter.php(502): CodeIgniter\CodeIgniter->runController(Object(App\Controllers\HoraTrabalhada))
 3 SYSTEMPATH\CodeIgniter.php(361): CodeIgniter\CodeIgniter->handleRequest(null, Object(Config\Cache), false)
 4 FCPATH\index.php(79): CodeIgniter\CodeIgniter->run()
CRITICAL - 2023-12-05 01:49:51 --> Class "App\Controllers\Time" not found
in APPPATH\Controllers\Horatrabalhada.php on line 25.
 1 SYSTEMPATH\CodeIgniter.php(942): App\Controllers\HoraTrabalhada->pegaHora()
 2 SYSTEMPATH\CodeIgniter.php(502): CodeIgniter\CodeIgniter->runController(Object(App\Controllers\HoraTrabalhada))
 3 SYSTEMPATH\CodeIgniter.php(361): CodeIgniter\CodeIgniter->handleRequest(null, Object(Config\Cache), false)
 4 FCPATH\index.php(79): CodeIgniter\CodeIgniter->run()
CRITICAL - 2023-12-05 01:52:45 --> Call to undefined method CodeIgniter\I18n\Time::date_diff()
in APPPATH\Controllers\Horatrabalhada.php on line 28.
 1 SYSTEMPATH\CodeIgniter.php(942): App\Controllers\HoraTrabalhada->pegaHora()
 2 SYSTEMPATH\CodeIgniter.php(502): CodeIgniter\CodeIgniter->runController(Object(App\Controllers\HoraTrabalhada))
 3 SYSTEMPATH\CodeIgniter.php(361): CodeIgniter\CodeIgniter->handleRequest(null, Object(Config\Cache), false)
 4 FCPATH\index.php(79): CodeIgniter\CodeIgniter->run()
CRITICAL - 2023-12-05 01:53:07 --> Object of class DateInterval could not be converted to string
in APPPATH\Controllers\Horatrabalhada.php on line 33.
 1 SYSTEMPATH\CodeIgniter.php(942): App\Controllers\HoraTrabalhada->pegaHora()
 2 SYSTEMPATH\CodeIgniter.php(502): CodeIgniter\CodeIgniter->runController(Object(App\Controllers\HoraTrabalhada))
 3 SYSTEMPATH\CodeIgniter.php(361): CodeIgniter\CodeIgniter->handleRequest(null, Object(Config\Cache), false)
 4 FCPATH\index.php(79): CodeIgniter\CodeIgniter->run()
CRITICAL - 2023-12-05 01:53:37 --> Undefined variable $intervalo
in APPPATH\Controllers\Horatrabalhada.php on line 33.
 1 APPPATH\Controllers\Horatrabalhada.php(33): CodeIgniter\Debug\Exceptions->errorHandler(2, 'Undefined variable $intervalo', 'C:\\xampp\\htdocs\\horasTurno\\app\\Controllers\\Horatrabalhada.php', 33)
 2 SYSTEMPATH\CodeIgniter.php(942): App\Controllers\HoraTrabalhada->pegaHora()
 3 SYSTEMPATH\CodeIgniter.php(502): CodeIgniter\CodeIgniter->runController(Object(App\Controllers\HoraTrabalhada))
 4 SYSTEMPATH\CodeIgniter.php(361): CodeIgniter\CodeIgniter->handleRequest(null, Object(Config\Cache), false)
 5 FCPATH\index.php(79): CodeIgniter\CodeIgniter->run()
CRITICAL - 2023-12-05 01:58:35 --> Call to undefined method CodeIgniter\I18n\Time::time_diff()
in APPPATH\Controllers\Horatrabalhada.php on line 44.
 1 SYSTEMPATH\CodeIgniter.php(942): App\Controllers\HoraTrabalhada->pegaHora()
 2 SYSTEMPATH\CodeIgniter.php(502): CodeIgniter\CodeIgniter->runController(Object(App\Controllers\HoraTrabalhada))
 3 SYSTEMPATH\CodeIgniter.php(361): CodeIgniter\CodeIgniter->handleRequest(null, Object(Config\Cache), false)
 4 FCPATH\index.php(79): CodeIgniter\CodeIgniter->run()
CRITICAL - 2023-12-05 01:59:37 --> syntax error, unexpected token "}", expecting "," or ";"
in APPPATH\Controllers\Horatrabalhada.php on line 48.
 1 SYSTEMPATH\Router\Router.php(514): CodeIgniter\Router\AutoRouter->getRoute('horaTrabalhada/pegaHora', 'post')
 2 SYSTEMPATH\Router\Router.php(210): CodeIgniter\Router\Router->autoRoute('horaTrabalhada/pegaHora')
 3 SYSTEMPATH\CodeIgniter.php(823): CodeIgniter\Router\Router->handle('horaTrabalhada/pegaHora')
 4 SYSTEMPATH\CodeIgniter.php(450): CodeIgniter\CodeIgniter->tryToRouteIt(Object(CodeIgniter\Router\RouteCollection))
 5 SYSTEMPATH\CodeIgniter.php(361): CodeIgniter\CodeIgniter->handleRequest(null, Object(Config\Cache), false)
 6 FCPATH\index.php(79): CodeIgniter\CodeIgniter->run()
CRITICAL - 2023-12-05 01:59:50 --> Object of class DateInterval could not be converted to string
in APPPATH\Controllers\Horatrabalhada.php on line 46.
 1 SYSTEMPATH\CodeIgniter.php(942): App\Controllers\HoraTrabalhada->pegaHora()
 2 SYSTEMPATH\CodeIgniter.php(502): CodeIgniter\CodeIgniter->runController(Object(App\Controllers\HoraTrabalhada))
 3 SYSTEMPATH\CodeIgniter.php(361): CodeIgniter\CodeIgniter->handleRequest(null, Object(Config\Cache), false)
 4 FCPATH\index.php(79): CodeIgniter\CodeIgniter->run()
CRITICAL - 2023-12-05 01:59:52 --> Object of class DateInterval could not be converted to string
in APPPATH\Controllers\Horatrabalhada.php on line 46.
 1 SYSTEMPATH\CodeIgniter.php(942): App\Controllers\HoraTrabalhada->pegaHora()
 2 SYSTEMPATH\CodeIgniter.php(502): CodeIgniter\CodeIgniter->runController(Object(App\Controllers\HoraTrabalhada))
 3 SYSTEMPATH\CodeIgniter.php(361): CodeIgniter\CodeIgniter->handleRequest(null, Object(Config\Cache), false)
 4 FCPATH\index.php(79): CodeIgniter\CodeIgniter->run()
CRITICAL - 2023-12-05 02:00:02 --> Object of class DateInterval could not be converted to string
in APPPATH\Controllers\Horatrabalhada.php on line 46.
 1 SYSTEMPATH\CodeIgniter.php(942): App\Controllers\HoraTrabalhada->pegaHora()
 2 SYSTEMPATH\CodeIgniter.php(502): CodeIgniter\CodeIgniter->runController(Object(App\Controllers\HoraTrabalhada))
 3 SYSTEMPATH\CodeIgniter.php(361): CodeIgniter\CodeIgniter->handleRequest(null, Object(Config\Cache), false)
 4 FCPATH\index.php(79): CodeIgniter\CodeIgniter->run()
CRITICAL - 2023-12-05 02:00:29 --> Cannot use object of type DateInterval as array
in APPPATH\Controllers\Horatrabalhada.php on line 46.
 1 SYSTEMPATH\CodeIgniter.php(942): App\Controllers\HoraTrabalhada->pegaHora()
 2 SYSTEMPATH\CodeIgniter.php(502): CodeIgniter\CodeIgniter->runController(Object(App\Controllers\HoraTrabalhada))
 3 SYSTEMPATH\CodeIgniter.php(361): CodeIgniter\CodeIgniter->handleRequest(null, Object(Config\Cache), false)
 4 FCPATH\index.php(79): CodeIgniter\CodeIgniter->run()
CRITICAL - 2023-12-05 02:01:31 --> Object of class DateInterval could not be converted to string
in APPPATH\Controllers\Horatrabalhada.php on line 45.
 1 SYSTEMPATH\CodeIgniter.php(942): App\Controllers\HoraTrabalhada->pegaHora()
 2 SYSTEMPATH\CodeIgniter.php(502): CodeIgniter\CodeIgniter->runController(Object(App\Controllers\HoraTrabalhada))
 3 SYSTEMPATH\CodeIgniter.php(361): CodeIgniter\CodeIgniter->handleRequest(null, Object(Config\Cache), false)
 4 FCPATH\index.php(79): CodeIgniter\CodeIgniter->run()
CRITICAL - 2023-12-05 02:03:40 --> Call to undefined method DateInterval::toDateString()
in APPPATH\Controllers\Horatrabalhada.php on line 47.
 1 SYSTEMPATH\CodeIgniter.php(942): App\Controllers\HoraTrabalhada->pegaHora()
 2 SYSTEMPATH\CodeIgniter.php(502): CodeIgniter\CodeIgniter->runController(Object(App\Controllers\HoraTrabalhada))
 3 SYSTEMPATH\CodeIgniter.php(361): CodeIgniter\CodeIgniter->handleRequest(null, Object(Config\Cache), false)
 4 FCPATH\index.php(79): CodeIgniter\CodeIgniter->run()
CRITICAL - 2023-12-05 02:04:31 --> syntax error, unexpected token "}", expecting "," or ";"
in APPPATH\Controllers\Horatrabalhada.php on line 50.
 1 SYSTEMPATH\Router\Router.php(514): CodeIgniter\Router\AutoRouter->getRoute('horaTrabalhada/pegaHora', 'post')
 2 SYSTEMPATH\Router\Router.php(210): CodeIgniter\Router\Router->autoRoute('horaTrabalhada/pegaHora')
 3 SYSTEMPATH\CodeIgniter.php(823): CodeIgniter\Router\Router->handle('horaTrabalhada/pegaHora')
 4 SYSTEMPATH\CodeIgniter.php(450): CodeIgniter\CodeIgniter->tryToRouteIt(Object(CodeIgniter\Router\RouteCollection))
 5 SYSTEMPATH\CodeIgniter.php(361): CodeIgniter\CodeIgniter->handleRequest(null, Object(Config\Cache), false)
 6 FCPATH\index.php(79): CodeIgniter\CodeIgniter->run()
CRITICAL - 2023-12-05 02:04:40 --> Call to undefined method DateInterval::toTimeString()
in APPPATH\Controllers\Horatrabalhada.php on line 47.
 1 SYSTEMPATH\CodeIgniter.php(942): App\Controllers\HoraTrabalhada->pegaHora()
 2 SYSTEMPATH\CodeIgniter.php(502): CodeIgniter\CodeIgniter->runController(Object(App\Controllers\HoraTrabalhada))
 3 SYSTEMPATH\CodeIgniter.php(361): CodeIgniter\CodeIgniter->handleRequest(null, Object(Config\Cache), false)
 4 FCPATH\index.php(79): CodeIgniter\CodeIgniter->run()
CRITICAL - 2023-12-05 02:05:05 --> Cannot use object of type DateInterval as array
in APPPATH\Controllers\Horatrabalhada.php on line 47.
 1 SYSTEMPATH\CodeIgniter.php(942): App\Controllers\HoraTrabalhada->pegaHora()
 2 SYSTEMPATH\CodeIgniter.php(502): CodeIgniter\CodeIgniter->runController(Object(App\Controllers\HoraTrabalhada))
 3 SYSTEMPATH\CodeIgniter.php(361): CodeIgniter\CodeIgniter->handleRequest(null, Object(Config\Cache), false)
 4 FCPATH\index.php(79): CodeIgniter\CodeIgniter->run()
CRITICAL - 2023-12-05 02:05:20 --> Undefined constant "App\Controllers\i"
in APPPATH\Controllers\Horatrabalhada.php on line 47.
 1 SYSTEMPATH\CodeIgniter.php(942): App\Controllers\HoraTrabalhada->pegaHora()
 2 SYSTEMPATH\CodeIgniter.php(502): CodeIgniter\CodeIgniter->runController(Object(App\Controllers\HoraTrabalhada))
 3 SYSTEMPATH\CodeIgniter.php(361): CodeIgniter\CodeIgniter->handleRequest(null, Object(Config\Cache), false)
 4 FCPATH\index.php(79): CodeIgniter\CodeIgniter->run()
CRITICAL - 2023-12-05 02:08:13 --> Call to undefined method DateInterval::humanize()
in APPPATH\Controllers\Horatrabalhada.php on line 47.
 1 SYSTEMPATH\CodeIgniter.php(942): App\Controllers\HoraTrabalhada->pegaHora()
 2 SYSTEMPATH\CodeIgniter.php(502): CodeIgniter\CodeIgniter->runController(Object(App\Controllers\HoraTrabalhada))
 3 SYSTEMPATH\CodeIgniter.php(361): CodeIgniter\CodeIgniter->handleRequest(null, Object(Config\Cache), false)
 4 FCPATH\index.php(79): CodeIgniter\CodeIgniter->run()
CRITICAL - 2023-12-05 02:09:59 --> CodeIgniter\I18n\Time::__construct(): Argument #1 ($time) must be of type ?string, DateInterval given, called in C:\xampp\htdocs\horasTurno\app\Controllers\Horatrabalhada.php on line 47
in SYSTEMPATH\I18n\TimeTrait.php on line 72.
 1 APPPATH\Controllers\Horatrabalhada.php(47): CodeIgniter\I18n\Time->__construct(Object(DateInterval))
 2 SYSTEMPATH\CodeIgniter.php(942): App\Controllers\HoraTrabalhada->pegaHora()
 3 SYSTEMPATH\CodeIgniter.php(502): CodeIgniter\CodeIgniter->runController(Object(App\Controllers\HoraTrabalhada))
 4 SYSTEMPATH\CodeIgniter.php(361): CodeIgniter\CodeIgniter->handleRequest(null, Object(Config\Cache), false)
 5 FCPATH\index.php(79): CodeIgniter\CodeIgniter->run()
CRITICAL - 2023-12-05 02:10:36 --> Call to undefined method DateInterval::humanize()
in APPPATH\Controllers\Horatrabalhada.php on line 49.
 1 SYSTEMPATH\CodeIgniter.php(942): App\Controllers\HoraTrabalhada->pegaHora()
 2 SYSTEMPATH\CodeIgniter.php(502): CodeIgniter\CodeIgniter->runController(Object(App\Controllers\HoraTrabalhada))
 3 SYSTEMPATH\CodeIgniter.php(361): CodeIgniter\CodeIgniter->handleRequest(null, Object(Config\Cache), false)
 4 FCPATH\index.php(79): CodeIgniter\CodeIgniter->run()
CRITICAL - 2023-12-05 02:12:13 --> Call to undefined method DateInterval::toDateTimeString()
in APPPATH\Controllers\Horatrabalhada.php on line 49.
 1 SYSTEMPATH\CodeIgniter.php(942): App\Controllers\HoraTrabalhada->pegaHora()
 2 SYSTEMPATH\CodeIgniter.php(502): CodeIgniter\CodeIgniter->runController(Object(App\Controllers\HoraTrabalhada))
 3 SYSTEMPATH\CodeIgniter.php(361): CodeIgniter\CodeIgniter->handleRequest(null, Object(Config\Cache), false)
 4 FCPATH\index.php(79): CodeIgniter\CodeIgniter->run()
CRITICAL - 2023-12-05 02:12:37 --> Call to undefined method DateInterval::toDateTimeString()
in APPPATH\Controllers\Horatrabalhada.php on line 49.
 1 SYSTEMPATH\CodeIgniter.php(942): App\Controllers\HoraTrabalhada->pegaHora()
 2 SYSTEMPATH\CodeIgniter.php(502): CodeIgniter\CodeIgniter->runController(Object(App\Controllers\HoraTrabalhada))
 3 SYSTEMPATH\CodeIgniter.php(361): CodeIgniter\CodeIgniter->handleRequest(null, Object(Config\Cache), false)
 4 FCPATH\index.php(79): CodeIgniter\CodeIgniter->run()
CRITICAL - 2023-12-05 02:28:45 --> Undefined property: DateInterval::$date
in APPPATH\Controllers\Horatrabalhada.php on line 40.
 1 APPPATH\Controllers\Horatrabalhada.php(40): CodeIgniter\Debug\Exceptions->errorHandler(2, 'Undefined property: DateInterval::$date', 'C:\\xampp\\htdocs\\horasTurno\\app\\Controllers\\Horatrabalhada.php', 40)
 2 SYSTEMPATH\CodeIgniter.php(942): App\Controllers\HoraTrabalhada->pegaHora()
 3 SYSTEMPATH\CodeIgniter.php(502): CodeIgniter\CodeIgniter->runController(Object(App\Controllers\HoraTrabalhada))
 4 SYSTEMPATH\CodeIgniter.php(361): CodeIgniter\CodeIgniter->handleRequest(null, Object(Config\Cache), false)
 5 FCPATH\index.php(79): CodeIgniter\CodeIgniter->run()
CRITICAL - 2023-12-05 02:31:00 --> Undefined property: DateInterval::$date
in APPPATH\Controllers\Horatrabalhada.php on line 40.
 1 APPPATH\Controllers\Horatrabalhada.php(40): CodeIgniter\Debug\Exceptions->errorHandler(2, 'Undefined property: DateInterval::$date', 'C:\\xampp\\htdocs\\horasTurno\\app\\Controllers\\Horatrabalhada.php', 40)
 2 SYSTEMPATH\CodeIgniter.php(942): App\Controllers\HoraTrabalhada->pegaHora()
 3 SYSTEMPATH\CodeIgniter.php(502): CodeIgniter\CodeIgniter->runController(Object(App\Controllers\HoraTrabalhada))
 4 SYSTEMPATH\CodeIgniter.php(361): CodeIgniter\CodeIgniter->handleRequest(null, Object(Config\Cache), false)
 5 FCPATH\index.php(79): CodeIgniter\CodeIgniter->run()
CRITICAL - 2023-12-05 02:31:23 --> Undefined property: DateInterval::$date
in APPPATH\Controllers\Horatrabalhada.php on line 40.
 1 APPPATH\Controllers\Horatrabalhada.php(40): CodeIgniter\Debug\Exceptions->errorHandler(2, 'Undefined property: DateInterval::$date', 'C:\\xampp\\htdocs\\horasTurno\\app\\Controllers\\Horatrabalhada.php', 40)
 2 SYSTEMPATH\CodeIgniter.php(942): App\Controllers\HoraTrabalhada->pegaHora()
 3 SYSTEMPATH\CodeIgniter.php(502): CodeIgniter\CodeIgniter->runController(Object(App\Controllers\HoraTrabalhada))
 4 SYSTEMPATH\CodeIgniter.php(361): CodeIgniter\CodeIgniter->handleRequest(null, Object(Config\Cache), false)
 5 FCPATH\index.php(79): CodeIgniter\CodeIgniter->run()
CRITICAL - 2023-12-05 12:32:36 --> Object of class DateTimeZone could not be converted to string
in APPPATH\Controllers\Horatrabalhada.php on line 40.
 1 SYSTEMPATH\CodeIgniter.php(942): App\Controllers\HoraTrabalhada->pegaHora()
 2 SYSTEMPATH\CodeIgniter.php(502): CodeIgniter\CodeIgniter->runController(Object(App\Controllers\HoraTrabalhada))
 3 SYSTEMPATH\CodeIgniter.php(361): CodeIgniter\CodeIgniter->handleRequest(null, Object(Config\Cache), false)
 4 FCPATH\index.php(79): CodeIgniter\CodeIgniter->run()
CRITICAL - 2023-12-05 12:32:56 --> Call to undefined function App\Controllers\str()
in APPPATH\Controllers\Horatrabalhada.php on line 40.
 1 SYSTEMPATH\CodeIgniter.php(942): App\Controllers\HoraTrabalhada->pegaHora()
 2 SYSTEMPATH\CodeIgniter.php(502): CodeIgniter\CodeIgniter->runController(Object(App\Controllers\HoraTrabalhada))
 3 SYSTEMPATH\CodeIgniter.php(361): CodeIgniter\CodeIgniter->handleRequest(null, Object(Config\Cache), false)
 4 FCPATH\index.php(79): CodeIgniter\CodeIgniter->run()
CRITICAL - 2023-12-05 12:33:10 --> Call to undefined function App\Controllers\string()
in APPPATH\Controllers\Horatrabalhada.php on line 40.
 1 SYSTEMPATH\CodeIgniter.php(942): App\Controllers\HoraTrabalhada->pegaHora()
 2 SYSTEMPATH\CodeIgniter.php(502): CodeIgniter\CodeIgniter->runController(Object(App\Controllers\HoraTrabalhada))
 3 SYSTEMPATH\CodeIgniter.php(361): CodeIgniter\CodeIgniter->handleRequest(null, Object(Config\Cache), false)
 4 FCPATH\index.php(79): CodeIgniter\CodeIgniter->run()
CRITICAL - 2023-12-05 12:33:32 --> Object of class DateTimeZone could not be converted to string
in APPPATH\Controllers\Horatrabalhada.php on line 40.
 1 APPPATH\Controllers\Horatrabalhada.php(40): strval(Object(DateTimeZone))
 2 SYSTEMPATH\CodeIgniter.php(942): App\Controllers\HoraTrabalhada->pegaHora()
 3 SYSTEMPATH\CodeIgniter.php(502): CodeIgniter\CodeIgniter->runController(Object(App\Controllers\HoraTrabalhada))
 4 SYSTEMPATH\CodeIgniter.php(361): CodeIgniter\CodeIgniter->handleRequest(null, Object(Config\Cache), false)
 5 FCPATH\index.php(79): CodeIgniter\CodeIgniter->run()
CRITICAL - 2023-12-05 12:34:04 --> strtotime(): Argument #1 ($datetime) must be of type string, DateTimeZone given
in APPPATH\Controllers\Horatrabalhada.php on line 40.
 1 APPPATH\Controllers\Horatrabalhada.php(40): strtotime(Object(DateTimeZone))
 2 SYSTEMPATH\CodeIgniter.php(942): App\Controllers\HoraTrabalhada->pegaHora()
 3 SYSTEMPATH\CodeIgniter.php(502): CodeIgniter\CodeIgniter->runController(Object(App\Controllers\HoraTrabalhada))
 4 SYSTEMPATH\CodeIgniter.php(361): CodeIgniter\CodeIgniter->handleRequest(null, Object(Config\Cache), false)
 5 FCPATH\index.php(79): CodeIgniter\CodeIgniter->run()
WARNING - 2023-12-05 12:34:22 --> [DEPRECATED] strtotime(): Passing null to parameter #1 ($datetime) of type string is deprecated in APPPATH\Controllers\Horatrabalhada.php on line 40.
 1 APPPATH\Controllers\Horatrabalhada.php(40): strtotime(null)
 2 SYSTEMPATH\CodeIgniter.php(942): App\Controllers\HoraTrabalhada->pegaHora()
 3 SYSTEMPATH\CodeIgniter.php(502): CodeIgniter\CodeIgniter->runController(Object(App\Controllers\HoraTrabalhada))
 4 SYSTEMPATH\CodeIgniter.php(361): CodeIgniter\CodeIgniter->handleRequest(null, Object(Config\Cache), false)
 5 FCPATH\index.php(79): CodeIgniter\CodeIgniter->run()
CRITICAL - 2023-12-05 12:34:46 --> syntax error, unexpected variable "$horaEntrada", expecting "," or ";"
in APPPATH\Controllers\Horatrabalhada.php on line 40.
 1 SYSTEMPATH\Router\Router.php(514): CodeIgniter\Router\AutoRouter->getRoute('horaTrabalhada/pegaHora', 'post')
 2 SYSTEMPATH\Router\Router.php(210): CodeIgniter\Router\Router->autoRoute('horaTrabalhada/pegaHora')
 3 SYSTEMPATH\CodeIgniter.php(823): CodeIgniter\Router\Router->handle('horaTrabalhada/pegaHora')
 4 SYSTEMPATH\CodeIgniter.php(450): CodeIgniter\CodeIgniter->tryToRouteIt(Object(CodeIgniter\Router\RouteCollection))
 5 SYSTEMPATH\CodeIgniter.php(361): CodeIgniter\CodeIgniter->handleRequest(null, Object(Config\Cache), false)
 6 FCPATH\index.php(79): CodeIgniter\CodeIgniter->run()
CRITICAL - 2023-12-05 12:53:41 --> Unmatched '}'
in APPPATH\Controllers\Horatrabalhada.php on line 56.
 1 SYSTEMPATH\Router\Router.php(514): CodeIgniter\Router\AutoRouter->getRoute('horaTrabalhada/pegaHora', 'get')
 2 SYSTEMPATH\Router\Router.php(210): CodeIgniter\Router\Router->autoRoute('horaTrabalhada/pegaHora')
 3 SYSTEMPATH\CodeIgniter.php(823): CodeIgniter\Router\Router->handle('horaTrabalhada/pegaHora')
 4 SYSTEMPATH\CodeIgniter.php(450): CodeIgniter\CodeIgniter->tryToRouteIt(Object(CodeIgniter\Router\RouteCollection))
 5 SYSTEMPATH\CodeIgniter.php(361): CodeIgniter\CodeIgniter->handleRequest(null, Object(Config\Cache), false)
 6 FCPATH\index.php(79): CodeIgniter\CodeIgniter->run()
CRITICAL - 2023-12-05 12:53:45 --> Unmatched '}'
in APPPATH\Controllers\Horatrabalhada.php on line 56.
 1 SYSTEMPATH\Autoloader\Autoloader.php(291): CodeIgniter\Autoloader\Autoloader->includeFile('C:\\xampp\\htdocs\\horasTurno\\app\\Controllers\\HoraTrabalhada.php')
 2 SYSTEMPATH\Autoloader\Autoloader.php(269): CodeIgniter\Autoloader\Autoloader->loadInNamespace('App\\Controllers\\HoraTrabalhada')
 3 [internal function]: CodeIgniter\Autoloader\Autoloader->loadClass('App\\Controllers\\HoraTrabalhada')
 4 SYSTEMPATH\CodeIgniter.php(900): class_exists('\\App\\Controllers\\HoraTrabalhada', true)
 5 SYSTEMPATH\CodeIgniter.php(489): CodeIgniter\CodeIgniter->startController()
 6 SYSTEMPATH\CodeIgniter.php(361): CodeIgniter\CodeIgniter->handleRequest(null, Object(Config\Cache), false)
 7 FCPATH\index.php(79): CodeIgniter\CodeIgniter->run()
CRITICAL - 2023-12-05 12:53:45 --> Unmatched '}'
in APPPATH\Controllers\Horatrabalhada.php on line 56.
 1 SYSTEMPATH\Autoloader\Autoloader.php(291): CodeIgniter\Autoloader\Autoloader->includeFile('C:\\xampp\\htdocs\\horasTurno\\app\\Controllers\\HoraTrabalhada.php')
 2 SYSTEMPATH\Autoloader\Autoloader.php(269): CodeIgniter\Autoloader\Autoloader->loadInNamespace('App\\Controllers\\HoraTrabalhada')
 3 [internal function]: CodeIgniter\Autoloader\Autoloader->loadClass('App\\Controllers\\HoraTrabalhada')
 4 SYSTEMPATH\CodeIgniter.php(900): class_exists('\\App\\Controllers\\HoraTrabalhada', true)
 5 SYSTEMPATH\CodeIgniter.php(489): CodeIgniter\CodeIgniter->startController()
 6 SYSTEMPATH\CodeIgniter.php(361): CodeIgniter\CodeIgniter->handleRequest(null, Object(Config\Cache), false)
 7 FCPATH\index.php(79): CodeIgniter\CodeIgniter->run()
CRITICAL - 2023-12-05 12:53:49 --> Unmatched '}'
in APPPATH\Controllers\Horatrabalhada.php on line 56.
 1 SYSTEMPATH\Autoloader\Autoloader.php(291): CodeIgniter\Autoloader\Autoloader->includeFile('C:\\xampp\\htdocs\\horasTurno\\app\\Controllers\\HoraTrabalhada.php')
 2 SYSTEMPATH\Autoloader\Autoloader.php(269): CodeIgniter\Autoloader\Autoloader->loadInNamespace('App\\Controllers\\HoraTrabalhada')
 3 [internal function]: CodeIgniter\Autoloader\Autoloader->loadClass('App\\Controllers\\HoraTrabalhada')
 4 SYSTEMPATH\CodeIgniter.php(900): class_exists('\\App\\Controllers\\HoraTrabalhada', true)
 5 SYSTEMPATH\CodeIgniter.php(489): CodeIgniter\CodeIgniter->startController()
 6 SYSTEMPATH\CodeIgniter.php(361): CodeIgniter\CodeIgniter->handleRequest(null, Object(Config\Cache), false)
 7 FCPATH\index.php(79): CodeIgniter\CodeIgniter->run()
CRITICAL - 2023-12-05 13:00:47 --> Call to undefined method CodeIgniter\I18n\Time::echo()
in APPPATH\Controllers\Horatrabalhada.php on line 30.
 1 SYSTEMPATH\CodeIgniter.php(942): App\Controllers\HoraTrabalhada->pegaHora()
 2 SYSTEMPATH\CodeIgniter.php(502): CodeIgniter\CodeIgniter->runController(Object(App\Controllers\HoraTrabalhada))
 3 SYSTEMPATH\CodeIgniter.php(361): CodeIgniter\CodeIgniter->handleRequest(null, Object(Config\Cache), false)
 4 FCPATH\index.php(79): CodeIgniter\CodeIgniter->run()
CRITICAL - 2023-12-05 13:08:03 --> Undefined variable $data
in APPPATH\Views\output_hora.php on line 2.
 1 APPPATH\Views\output_hora.php(2): CodeIgniter\Debug\Exceptions->errorHandler(2, 'Undefined variable $data', 'C:\\xampp\\htdocs\\horasTurno\\app\\Views\\output_hora.php', 2)
 2 SYSTEMPATH\View\View.php(228): include('C:\\xampp\\htdocs\\horasTurno\\app\\Views\\output_hora.php')
 3 SYSTEMPATH\View\View.php(231): CodeIgniter\View\View->CodeIgniter\View\{closure}()
 4 SYSTEMPATH\Common.php(1190): CodeIgniter\View\View->render('output_hora', [], true)
 5 APPPATH\Controllers\Horatrabalhada.php(32): view('output_hora', [...])
 6 SYSTEMPATH\CodeIgniter.php(942): App\Controllers\HoraTrabalhada->pegaHora()
 7 SYSTEMPATH\CodeIgniter.php(502): CodeIgniter\CodeIgniter->runController(Object(App\Controllers\HoraTrabalhada))
 8 SYSTEMPATH\CodeIgniter.php(361): CodeIgniter\CodeIgniter->handleRequest(null, Object(Config\Cache), false)
 9 FCPATH\index.php(79): CodeIgniter\CodeIgniter->run()
CRITICAL - 2023-12-05 13:11:53 --> Undefined variable $horaEntrada
in APPPATH\Views\output_hora.php on line 2.
 1 APPPATH\Views\output_hora.php(2): CodeIgniter\Debug\Exceptions->errorHandler(2, 'Undefined variable $horaEntrada', 'C:\\xampp\\htdocs\\horasTurno\\app\\Views\\output_hora.php', 2)
 2 SYSTEMPATH\View\View.php(228): include('C:\\xampp\\htdocs\\horasTurno\\app\\Views\\output_hora.php')
 3 SYSTEMPATH\View\View.php(231): CodeIgniter\View\View->CodeIgniter\View\{closure}()
 4 SYSTEMPATH\Common.php(1190): CodeIgniter\View\View->render('output_hora', [], true)
 5 APPPATH\Controllers\Horatrabalhada.php(32): view('output_hora', [...])
 6 SYSTEMPATH\CodeIgniter.php(942): App\Controllers\HoraTrabalhada->pegaHora()
 7 SYSTEMPATH\CodeIgniter.php(502): CodeIgniter\CodeIgniter->runController(Object(App\Controllers\HoraTrabalhada))
 8 SYSTEMPATH\CodeIgniter.php(361): CodeIgniter\CodeIgniter->handleRequest(null, Object(Config\Cache), false)
 9 FCPATH\index.php(79): CodeIgniter\CodeIgniter->run()
CRITICAL - 2023-12-05 13:12:24 --> Undefined variable $horaEntrada
in APPPATH\Views\output_hora.php on line 2.
 1 APPPATH\Views\output_hora.php(2): CodeIgniter\Debug\Exceptions->errorHandler(2, 'Undefined variable $horaEntrada', 'C:\\xampp\\htdocs\\horasTurno\\app\\Views\\output_hora.php', 2)
 2 SYSTEMPATH\View\View.php(228): include('C:\\xampp\\htdocs\\horasTurno\\app\\Views\\output_hora.php')
 3 SYSTEMPATH\View\View.php(231): CodeIgniter\View\View->CodeIgniter\View\{closure}()
 4 SYSTEMPATH\Common.php(1190): CodeIgniter\View\View->render('output_hora', [], true)
 5 APPPATH\Controllers\Horatrabalhada.php(32): view('output_hora', [...])
 6 SYSTEMPATH\CodeIgniter.php(942): App\Controllers\HoraTrabalhada->pegaHora()
 7 SYSTEMPATH\CodeIgniter.php(502): CodeIgniter\CodeIgniter->runController(Object(App\Controllers\HoraTrabalhada))
 8 SYSTEMPATH\CodeIgniter.php(361): CodeIgniter\CodeIgniter->handleRequest(null, Object(Config\Cache), false)
 9 FCPATH\index.php(79): CodeIgniter\CodeIgniter->run()
CRITICAL - 2023-12-05 13:13:00 --> Undefined variable $horaEntradaView
in APPPATH\Views\output_hora.php on line 2.
 1 APPPATH\Views\output_hora.php(2): CodeIgniter\Debug\Exceptions->errorHandler(2, 'Undefined variable $horaEntradaView', 'C:\\xampp\\htdocs\\horasTurno\\app\\Views\\output_hora.php', 2)
 2 SYSTEMPATH\View\View.php(228): include('C:\\xampp\\htdocs\\horasTurno\\app\\Views\\output_hora.php')
 3 SYSTEMPATH\View\View.php(231): CodeIgniter\View\View->CodeIgniter\View\{closure}()
 4 SYSTEMPATH\Common.php(1190): CodeIgniter\View\View->render('output_hora', [], true)
 5 APPPATH\Controllers\Horatrabalhada.php(32): view('output_hora', [...])
 6 SYSTEMPATH\CodeIgniter.php(942): App\Controllers\HoraTrabalhada->pegaHora()
 7 SYSTEMPATH\CodeIgniter.php(502): CodeIgniter\CodeIgniter->runController(Object(App\Controllers\HoraTrabalhada))
 8 SYSTEMPATH\CodeIgniter.php(361): CodeIgniter\CodeIgniter->handleRequest(null, Object(Config\Cache), false)
 9 FCPATH\index.php(79): CodeIgniter\CodeIgniter->run()
CRITICAL - 2023-12-05 13:14:35 --> Undefined variable $horaEntrada
in APPPATH\Views\output_hora.php on line 6.
 1 APPPATH\Views\output_hora.php(6): CodeIgniter\Debug\Exceptions->errorHandler(2, 'Undefined variable $horaEntrada', 'C:\\xampp\\htdocs\\horasTurno\\app\\Views\\output_hora.php', 6)
 2 SYSTEMPATH\View\View.php(228): include('C:\\xampp\\htdocs\\horasTurno\\app\\Views\\output_hora.php')
 3 SYSTEMPATH\View\View.php(231): CodeIgniter\View\View->CodeIgniter\View\{closure}()
 4 SYSTEMPATH\Common.php(1190): CodeIgniter\View\View->render('output_hora', [], true)
 5 APPPATH\Controllers\Horatrabalhada.php(33): view('output_hora', [...])
 6 SYSTEMPATH\CodeIgniter.php(942): App\Controllers\HoraTrabalhada->pegaHora()
 7 SYSTEMPATH\CodeIgniter.php(502): CodeIgniter\CodeIgniter->runController(Object(App\Controllers\HoraTrabalhada))
 8 SYSTEMPATH\CodeIgniter.php(361): CodeIgniter\CodeIgniter->handleRequest(null, Object(Config\Cache), false)
 9 FCPATH\index.php(79): CodeIgniter\CodeIgniter->run()
